2015-08-19 11:04:17,883-ERROR(AnchorTitleReplacer.java:220)-NOT Processed line: <a href="http://ticacali.hatenablog.com/entry/2015/07/22/011741">Read or Download Savages Crossing (2011) free pdf</a><br />
2015-08-19 11:04:51,950-ERROR(AnchorTitleReplacer.java:220)-NOT Processed line: <a href="http://maixamcuti.hatenablog.com/entry/2015/07/22/012632">Download or Read Evil Dead: Diabolico (1981)</a><br />
2015-08-19 11:04:56,468-ERROR(AnchorTitleReplacer.java:220)-NOT Processed line: <a href="http://maixamcuti.hatenablog.com/entry/2015/07/22/012545">Download/Read Puncture Wounds (2014) ebook online free pdf</a><br />
2015-08-19 11:05:33,401-ERROR(AnchorTitleReplacer.java:220)-NOT Processed line: <a href="http://ticacali.hatenablog.com/entry/2015/07/22/004506">Download or Read Despicable Me 2 (2013) (eBook) online free pdf</a><br />
2015-08-19 11:05:35,072-ERROR(AnchorTitleReplacer.java:220)-NOT Processed line: <a href="http://maixamcuti.hatenablog.com/entry/2015/07/22/012501">Read or Download Menina de Ouro (2004) (eBook)</a><br />
2015-08-19 11:05:35,073-ERROR(AnchorTitleReplacer.java:220)-NOT Processed line: <a href="http://enileskmak.hatenablog.com/entry/2015/07/21/230641">Read/Download Stop-Loss (2008) (eBook) online free pdf</a><br />
2015-08-19 11:05:53,237-ERROR(AnchorTitleReplacer.java:220)-NOT Processed line: <a href="http://letlisubgfi.hatenablog.com/entry/2015/07/22/012210">Download or Read The Last Winter (2006) ebook online free pdf</a><br />
2015-08-19 11:06:21,810-ERROR(AnchorTitleReplacer.java:220)-NOT Processed line: <a href="http://ticacali.hatenablog.com/entry/2015/07/22/011650">Read or Download Bound (2015) ebook free pdf</a><br />
2015-08-19 11:06:44,692-ERROR(AnchorTitleReplacer.java:220)-NOT Processed line: <a href="http://maixamcuti.hatenablog.com/entry/2015/07/22/012545">Download/Read Puncture Wounds (2014) ebook online free pdf</a><br />
2015-08-19 11:06:54,675-ERROR(AnchorTitleReplacer.java:220)-NOT Processed line: <a href="http://enileskmak.hatenablog.com/entry/2015/07/21/230641">Read/Download Stop-Loss (2008) (eBook) online free pdf</a><br />
2015-08-19 11:08:03,328-ERROR(AnchorTitleReplacer.java:220)-NOT Processed line: <a href="http://ticacali.hatenablog.com/entry/2015/07/22/011650">Read or Download Bound (2015) ebook free pdf</a><br />
2015-08-19 11:08:11,474-ERROR(AnchorTitleReplacer.java:220)-NOT Processed line: <a href="http://ticacali.hatenablog.com/entry/2015/07/22/011741">Read or Download Savages Crossing (2011) free pdf</a><br />
2015-08-19 11:08:19,872-ERROR(AnchorTitleReplacer.java:220)-NOT Processed line: <a href="http://maixamcuti.hatenablog.com/entry/2015/07/22/012501">Read or Download Menina de Ouro (2004) (eBook)</a><br />
2015-08-19 11:08:42,660-ERROR(AnchorTitleReplacer.java:220)-NOT Processed line: <a href="http://maixamcuti.hatenablog.com/entry/2015/07/22/012632">Download or Read Evil Dead: Diabolico (1981)</a><br />
2015-08-19 11:09:05,809-ERROR(AnchorTitleReplacer.java:220)-NOT Processed line: <a href="http://letlisubgfi.hatenablog.com/entry/2015/07/22/012210">Download or Read The Last Winter (2006) ebook online free pdf</a><br />
2015-08-19 11:09:05,826-ERROR(AnchorTitleReplacer.java:220)-NOT Processed line: <a href="http://ticacali.hatenablog.com/entry/2015/07/22/004506">Download or Read Despicable Me 2 (2013) (eBook) online free pdf</a><br />
2015-08-19 11:09:56,868-ERROR(AnchorTitleReplacer.java:220)-NOT Processed line: <a href="http://ticacali.hatenablog.com/entry/2015/07/22/004506">Download or Read Despicable Me 2 (2013) (eBook) online free pdf</a><br />
2015-08-19 11:10:36,558-ERROR(AnchorTitleReplacer.java:220)-NOT Processed line: <a href="http://maixamcuti.hatenablog.com/entry/2015/07/22/012501">Read or Download Menina de Ouro (2004) (eBook)</a><br />
2015-08-19 11:10:36,562-ERROR(AnchorTitleReplacer.java:220)-NOT Processed line: <a href="http://letlisubgfi.hatenablog.com/entry/2015/07/22/012210">Download or Read The Last Winter (2006) ebook online free pdf</a><br />
2015-08-19 11:10:39,786-ERROR(AnchorTitleReplacer.java:220)-NOT Processed line: <a href="http://ticacali.hatenablog.com/entry/2015/07/22/011741">Read or Download Savages Crossing (2011) free pdf</a><br />
2015-08-19 11:11:21,051-ERROR(AnchorTitleReplacer.java:220)-NOT Processed line: <a href="http://maixamcuti.hatenablog.com/entry/2015/07/22/012632">Download or Read Evil Dead: Diabolico (1981)</a><br />
2015-08-19 11:11:34,820-ERROR(AnchorTitleReplacer.java:220)-NOT Processed line: <a href="http://ticacali.hatenablog.com/entry/2015/07/22/011650">Read or Download Bound (2015) ebook free pdf</a><br />
2015-08-19 11:11:43,968-ERROR(AnchorTitleReplacer.java:220)-NOT Processed line: <a href="http://enileskmak.hatenablog.com/entry/2015/07/21/230641">Read/Download Stop-Loss (2008) (eBook) online free pdf</a><br />
2015-08-19 11:12:19,596-ERROR(AnchorTitleReplacer.java:220)-NOT Processed line: <a href="http://maixamcuti.hatenablog.com/entry/2015/07/22/012545">Download/Read Puncture Wounds (2014) ebook online free pdf</a><br />
