2015-09-10 15:28:33,502- WARN(PageForUrlChecker.java:193)-Error occured during checking URL: http://tut.by/
java.net.SocketTimeoutException: Connect timed out
	at java.net.SocksSocketImpl.readSocksReply(Unknown Source)
	at java.net.SocksSocketImpl.connect(Unknown Source)
	at java.net.Socket.connect(Unknown Source)
	at sun.net.NetworkClient.doConnect(Unknown Source)
	at sun.net.www.http.HttpClient.openServer(Unknown Source)
	at sun.net.www.http.HttpClient.openServer(Unknown Source)
	at sun.net.www.http.HttpClient.<init>(Unknown Source)
	at sun.net.www.http.HttpClient.New(Unknown Source)
	at sun.net.www.http.HttpClient.New(Unknown Source)
	at sun.net.www.protocol.http.HttpURLConnection.getNewHttpClient(Unknown Source)
	at sun.net.www.protocol.http.HttpURLConnection.plainConnect0(Unknown Source)
	at sun.net.www.protocol.http.HttpURLConnection.plainConnect(Unknown Source)
	at sun.net.www.protocol.http.HttpURLConnection.connect(Unknown Source)
	at sun.net.www.protocol.http.HttpURLConnection.getInputStream0(Unknown Source)
	at sun.net.www.protocol.http.HttpURLConnection.getInputStream(Unknown Source)
	at com.fdt.snippetutils.PageForUrlChecker.getResponseAsString(PageForUrlChecker.java:205)
	at com.fdt.snippetutils.PageForUrlChecker.getUploadUrl(PageForUrlChecker.java:186)
	at com.fdt.snippetutils.PageForUrlChecker.access$300(PageForUrlChecker.java:33)
	at com.fdt.snippetutils.PageForUrlChecker$CheckerThread.call(PageForUrlChecker.java:151)
	at com.fdt.snippetutils.PageForUrlChecker$CheckerThread.call(PageForUrlChecker.java:126)
	at java.util.concurrent.FutureTask.run(Unknown Source)
	at java.util.concurrent.ThreadPoolExecutor.runWorker(Unknown Source)
	at java.util.concurrent.ThreadPoolExecutor$Worker.run(Unknown Source)
	at java.lang.Thread.run(Unknown Source)
2015-09-10 15:28:34,913- WARN(PageForUrlChecker.java:193)-Error occured during checking URL: http://tut.by/
java.net.SocketTimeoutException: Connect timed out
	at java.net.SocksSocketImpl.readSocksReply(Unknown Source)
	at java.net.SocksSocketImpl.connect(Unknown Source)
	at java.net.Socket.connect(Unknown Source)
	at sun.net.NetworkClient.doConnect(Unknown Source)
	at sun.net.www.http.HttpClient.openServer(Unknown Source)
	at sun.net.www.http.HttpClient.openServer(Unknown Source)
	at sun.net.www.http.HttpClient.<init>(Unknown Source)
	at sun.net.www.http.HttpClient.New(Unknown Source)
	at sun.net.www.http.HttpClient.New(Unknown Source)
	at sun.net.www.protocol.http.HttpURLConnection.getNewHttpClient(Unknown Source)
	at sun.net.www.protocol.http.HttpURLConnection.plainConnect0(Unknown Source)
	at sun.net.www.protocol.http.HttpURLConnection.plainConnect(Unknown Source)
	at sun.net.www.protocol.http.HttpURLConnection.connect(Unknown Source)
	at sun.net.www.protocol.http.HttpURLConnection.getInputStream0(Unknown Source)
	at sun.net.www.protocol.http.HttpURLConnection.getInputStream(Unknown Source)
	at com.fdt.snippetutils.PageForUrlChecker.getResponseAsString(PageForUrlChecker.java:205)
	at com.fdt.snippetutils.PageForUrlChecker.getUploadUrl(PageForUrlChecker.java:186)
	at com.fdt.snippetutils.PageForUrlChecker.access$300(PageForUrlChecker.java:33)
	at com.fdt.snippetutils.PageForUrlChecker$CheckerThread.call(PageForUrlChecker.java:151)
	at com.fdt.snippetutils.PageForUrlChecker$CheckerThread.call(PageForUrlChecker.java:126)
	at java.util.concurrent.FutureTask.run(Unknown Source)
	at java.util.concurrent.ThreadPoolExecutor.runWorker(Unknown Source)
	at java.util.concurrent.ThreadPoolExecutor$Worker.run(Unknown Source)
	at java.lang.Thread.run(Unknown Source)
2015-09-10 15:28:42,302- WARN(PageForUrlChecker.java:193)-Error occured during checking URL: http://tut.by/
java.net.SocketTimeoutException: Connect timed out
	at java.net.SocksSocketImpl.readSocksReply(Unknown Source)
	at java.net.SocksSocketImpl.connect(Unknown Source)
	at java.net.Socket.connect(Unknown Source)
	at sun.net.NetworkClient.doConnect(Unknown Source)
	at sun.net.www.http.HttpClient.openServer(Unknown Source)
	at sun.net.www.http.HttpClient.openServer(Unknown Source)
	at sun.net.www.http.HttpClient.<init>(Unknown Source)
	at sun.net.www.http.HttpClient.New(Unknown Source)
	at sun.net.www.http.HttpClient.New(Unknown Source)
	at sun.net.www.protocol.http.HttpURLConnection.getNewHttpClient(Unknown Source)
	at sun.net.www.protocol.http.HttpURLConnection.plainConnect0(Unknown Source)
	at sun.net.www.protocol.http.HttpURLConnection.plainConnect(Unknown Source)
	at sun.net.www.protocol.http.HttpURLConnection.connect(Unknown Source)
	at sun.net.www.protocol.http.HttpURLConnection.getInputStream0(Unknown Source)
	at sun.net.www.protocol.http.HttpURLConnection.getInputStream(Unknown Source)
	at com.fdt.snippetutils.PageForUrlChecker.getResponseAsString(PageForUrlChecker.java:205)
	at com.fdt.snippetutils.PageForUrlChecker.getUploadUrl(PageForUrlChecker.java:186)
	at com.fdt.snippetutils.PageForUrlChecker.access$300(PageForUrlChecker.java:33)
	at com.fdt.snippetutils.PageForUrlChecker$CheckerThread.call(PageForUrlChecker.java:151)
	at com.fdt.snippetutils.PageForUrlChecker$CheckerThread.call(PageForUrlChecker.java:126)
	at java.util.concurrent.FutureTask.run(Unknown Source)
	at java.util.concurrent.ThreadPoolExecutor.runWorker(Unknown Source)
	at java.util.concurrent.ThreadPoolExecutor$Worker.run(Unknown Source)
	at java.lang.Thread.run(Unknown Source)
