2013-03-13 14:25:41,249-ERROR(PosterTaskRunner.java:217)-Reading PROPERTIES file: FileNotFoundException exception occured
java.io.FileNotFoundException: links.txt (Не удается найти указанный файл)
	at java.io.FileInputStream.open(Native Method)
	at java.io.FileInputStream.<init>(FileInputStream.java:120)
	at java.io.FileReader.<init>(FileReader.java:55)
	at com.fdt.scrapper.PosterTaskRunner.loadLinkList(PosterTaskRunner.java:207)
	at com.fdt.scrapper.PosterTaskRunner.run(PosterTaskRunner.java:110)
	at com.fdt.scrapper.PosterTaskRunner.main(PosterTaskRunner.java:83)
2013-03-13 14:28:17,640-ERROR(PosterTaskRunner.java:217)-Reading PROPERTIES file: FileNotFoundException exception occured
java.io.FileNotFoundException: links.txt (Не удается найти указанный файл)
	at java.io.FileInputStream.open(Native Method)
	at java.io.FileInputStream.<init>(FileInputStream.java:120)
	at java.io.FileReader.<init>(FileReader.java:55)
	at com.fdt.scrapper.PosterTaskRunner.loadLinkList(PosterTaskRunner.java:207)
	at com.fdt.scrapper.PosterTaskRunner.run(PosterTaskRunner.java:110)
	at com.fdt.scrapper.PosterTaskRunner.main(PosterTaskRunner.java:83)
2013-03-15 14:04:43,218- INFO(PostbitTaskFactory.java:133)-Task returned to queue for reprocessing: aa1
2013-03-15 14:04:43,234-ERROR(PosterThread.java:55)-Error occured during process task: aa1
java.io.IOException: Premature EOF
	at sun.net.www.http.ChunkedInputStream.readAheadBlocking(ChunkedInputStream.java:538)
	at sun.net.www.http.ChunkedInputStream.readAhead(ChunkedInputStream.java:582)
	at sun.net.www.http.ChunkedInputStream.read(ChunkedInputStream.java:669)
	at java.io.FilterInputStream.read(FilterInputStream.java:116)
	at sun.net.www.protocol.http.HttpURLConnection$HttpInputStream.read(HttpURLConnection.java:2676)
	at sun.net.www.protocol.http.HttpURLConnection$HttpInputStream.read(HttpURLConnection.java:2671)
	at org.jsoup.helper.DataUtil.readToByteBuffer(DataUtil.java:113)
	at org.jsoup.helper.DataUtil.load(DataUtil.java:54)
	at org.jsoup.Jsoup.parse(Jsoup.java:118)
	at com.fdt.scrapper.PostbitNewsPoster.getUrlContentBing(PostbitNewsPoster.java:707)
	at com.fdt.scrapper.PostbitNewsPoster.parseHtmlBing(PostbitNewsPoster.java:798)
	at com.fdt.scrapper.PostbitNewsPoster.executePostNews(PostbitNewsPoster.java:153)
	at com.fdt.scrapper.PosterThread.run(PosterThread.java:48)
2013-03-15 14:04:47,562- INFO(PostbitTaskFactory.java:133)-Task returned to queue for reprocessing: aa1
2013-03-15 14:04:47,562-ERROR(PosterThread.java:55)-Error occured during process task: aa1
java.net.SocketException: SOCKS: Network unreachable
	at java.net.SocksSocketImpl.connect(SocksSocketImpl.java:532)
	at java.net.Socket.connect(Socket.java:529)
	at java.net.Socket.connect(Socket.java:478)
	at sun.net.NetworkClient.doConnect(NetworkClient.java:163)
	at sun.net.www.http.HttpClient.openServer(HttpClient.java:395)
	at sun.net.www.http.HttpClient.openServer(HttpClient.java:530)
	at sun.net.www.http.HttpClient.<init>(HttpClient.java:234)
	at sun.net.www.http.HttpClient.New(HttpClient.java:307)
	at sun.net.www.http.HttpClient.New(HttpClient.java:324)
	at sun.net.www.protocol.http.HttpURLConnection.getNewHttpClient(HttpURLConnection.java:970)
	at sun.net.www.protocol.http.HttpURLConnection.plainConnect(HttpURLConnection.java:949)
	at sun.net.www.protocol.http.HttpURLConnection.connect(HttpURLConnection.java:836)
	at sun.net.www.protocol.http.HttpURLConnection.getInputStream(HttpURLConnection.java:1172)
	at com.fdt.scrapper.PostbitNewsPoster.getUrlContentBing(PostbitNewsPoster.java:706)
	at com.fdt.scrapper.PostbitNewsPoster.parseHtmlBing(PostbitNewsPoster.java:798)
	at com.fdt.scrapper.PostbitNewsPoster.executePostNews(PostbitNewsPoster.java:153)
	at com.fdt.scrapper.PosterThread.run(PosterThread.java:48)
2013-03-17 20:59:39,033- INFO(PostbitTaskFactory.java:133)-Task returned to queue for reprocessing: aa1
2013-03-17 20:59:39,033-ERROR(PosterThread.java:55)-Error occured during process task: aa1
java.net.SocketException: Malformed reply from SOCKS server
	at java.net.SocksSocketImpl.readSocksReply(Unknown Source)
	at java.net.SocksSocketImpl.connect(Unknown Source)
	at java.net.Socket.connect(Unknown Source)
	at java.net.Socket.connect(Unknown Source)
	at sun.net.NetworkClient.doConnect(Unknown Source)
	at sun.net.www.http.HttpClient.openServer(Unknown Source)
	at sun.net.www.http.HttpClient.openServer(Unknown Source)
	at sun.net.www.http.HttpClient.<init>(Unknown Source)
	at sun.net.www.http.HttpClient.New(Unknown Source)
	at sun.net.www.http.HttpClient.New(Unknown Source)
	at sun.net.www.protocol.http.HttpURLConnection.getNewHttpClient(Unknown Source)
	at sun.net.www.protocol.http.HttpURLConnection.plainConnect(Unknown Source)
	at sun.net.www.protocol.http.HttpURLConnection.connect(Unknown Source)
	at sun.net.www.protocol.http.HttpURLConnection.getInputStream(Unknown Source)
	at com.fdt.scrapper.PostbitNewsPoster.getUrlContentBing(PostbitNewsPoster.java:704)
	at com.fdt.scrapper.PostbitNewsPoster.parseHtmlBing(PostbitNewsPoster.java:796)
	at com.fdt.scrapper.PostbitNewsPoster.executePostNews(PostbitNewsPoster.java:153)
	at com.fdt.scrapper.PosterThread.run(PosterThread.java:48)
2013-03-17 21:09:31,615- INFO(PostbitTaskFactory.java:133)-Task returned to queue for reprocessing: aaa
2013-03-17 21:09:31,625-ERROR(PosterThread.java:55)-Error occured during process task: aaa
java.net.SocketException: SOCKS : authentication failed
	at java.net.SocksSocketImpl.connect(Unknown Source)
	at java.net.Socket.connect(Unknown Source)
	at java.net.Socket.connect(Unknown Source)
	at sun.net.NetworkClient.doConnect(Unknown Source)
	at sun.net.www.http.HttpClient.openServer(Unknown Source)
	at sun.net.www.http.HttpClient.openServer(Unknown Source)
	at sun.net.www.http.HttpClient.<init>(Unknown Source)
	at sun.net.www.http.HttpClient.New(Unknown Source)
	at sun.net.www.http.HttpClient.New(Unknown Source)
	at sun.net.www.protocol.http.HttpURLConnection.getNewHttpClient(Unknown Source)
	at sun.net.www.protocol.http.HttpURLConnection.plainConnect(Unknown Source)
	at sun.net.www.protocol.http.HttpURLConnection.connect(Unknown Source)
	at sun.net.www.protocol.http.HttpURLConnection.getInputStream(Unknown Source)
	at com.fdt.scrapper.PostbitNewsPoster.getUrlContentBing(PostbitNewsPoster.java:706)
	at com.fdt.scrapper.PostbitNewsPoster.parseHtmlBing(PostbitNewsPoster.java:798)
	at com.fdt.scrapper.PostbitNewsPoster.executePostNews(PostbitNewsPoster.java:155)
	at com.fdt.scrapper.PosterThread.run(PosterThread.java:48)
2013-03-18 12:26:16,437- INFO(PostbitTaskFactory.java:133)-Task returned to queue for reprocessing: ee1
2013-03-18 12:26:16,453-ERROR(PosterThread.java:55)-Error occured during process task: ee1
java.io.IOException: Premature EOF
	at sun.net.www.http.ChunkedInputStream.readAheadBlocking(ChunkedInputStream.java:538)
	at sun.net.www.http.ChunkedInputStream.readAhead(ChunkedInputStream.java:582)
	at sun.net.www.http.ChunkedInputStream.read(ChunkedInputStream.java:669)
	at java.io.FilterInputStream.read(FilterInputStream.java:116)
	at sun.net.www.protocol.http.HttpURLConnection$HttpInputStream.read(HttpURLConnection.java:2676)
	at sun.net.www.protocol.http.HttpURLConnection$HttpInputStream.read(HttpURLConnection.java:2671)
	at org.jsoup.helper.DataUtil.readToByteBuffer(DataUtil.java:113)
	at org.jsoup.helper.DataUtil.load(DataUtil.java:54)
	at org.jsoup.Jsoup.parse(Jsoup.java:118)
	at com.fdt.scrapper.PostbitNewsPoster.getUrlContentBing(PostbitNewsPoster.java:732)
	at com.fdt.scrapper.PostbitNewsPoster.parseHtmlBing(PostbitNewsPoster.java:823)
	at com.fdt.scrapper.PostbitNewsPoster.executePostNews(PostbitNewsPoster.java:155)
	at com.fdt.scrapper.PosterThread.run(PosterThread.java:48)
2013-03-18 12:46:24,968- INFO(PostbitTaskFactory.java:133)-Task returned to queue for reprocessing: aa11
2013-03-18 12:46:24,968-ERROR(PosterThread.java:55)-Error occured during process task: aa11
java.io.IOException: Premature EOF
	at sun.net.www.http.ChunkedInputStream.readAheadBlocking(ChunkedInputStream.java:538)
	at sun.net.www.http.ChunkedInputStream.readAhead(ChunkedInputStream.java:582)
	at sun.net.www.http.ChunkedInputStream.read(ChunkedInputStream.java:669)
	at java.io.FilterInputStream.read(FilterInputStream.java:116)
	at sun.net.www.protocol.http.HttpURLConnection$HttpInputStream.read(HttpURLConnection.java:2676)
	at sun.net.www.protocol.http.HttpURLConnection$HttpInputStream.read(HttpURLConnection.java:2671)
	at org.jsoup.helper.DataUtil.readToByteBuffer(DataUtil.java:113)
	at org.jsoup.helper.DataUtil.load(DataUtil.java:54)
	at org.jsoup.Jsoup.parse(Jsoup.java:118)
	at com.fdt.scrapper.PostbitNewsPoster.getUrlContentBing(PostbitNewsPoster.java:728)
	at com.fdt.scrapper.PostbitNewsPoster.parseHtmlBing(PostbitNewsPoster.java:819)
	at com.fdt.scrapper.PostbitNewsPoster.executePostNews(PostbitNewsPoster.java:155)
	at com.fdt.scrapper.PosterThread.run(PosterThread.java:48)
2013-03-18 12:46:25,031- INFO(PostbitTaskFactory.java:133)-Task returned to queue for reprocessing: bb11
2013-03-18 12:46:25,031-ERROR(PosterThread.java:55)-Error occured during process task: bb11
java.io.IOException: Premature EOF
	at sun.net.www.http.ChunkedInputStream.readAheadBlocking(ChunkedInputStream.java:538)
	at sun.net.www.http.ChunkedInputStream.readAhead(ChunkedInputStream.java:582)
	at sun.net.www.http.ChunkedInputStream.read(ChunkedInputStream.java:669)
	at java.io.FilterInputStream.read(FilterInputStream.java:116)
	at sun.net.www.protocol.http.HttpURLConnection$HttpInputStream.read(HttpURLConnection.java:2676)
	at sun.net.www.protocol.http.HttpURLConnection$HttpInputStream.read(HttpURLConnection.java:2671)
	at org.jsoup.helper.DataUtil.readToByteBuffer(DataUtil.java:113)
	at org.jsoup.helper.DataUtil.load(DataUtil.java:54)
	at org.jsoup.Jsoup.parse(Jsoup.java:118)
	at com.fdt.scrapper.PostbitNewsPoster.getUrlContentBing(PostbitNewsPoster.java:728)
	at com.fdt.scrapper.PostbitNewsPoster.parseHtmlBing(PostbitNewsPoster.java:819)
	at com.fdt.scrapper.PostbitNewsPoster.executePostNews(PostbitNewsPoster.java:155)
	at com.fdt.scrapper.PosterThread.run(PosterThread.java:48)
2013-03-18 12:46:25,937- INFO(PostbitTaskFactory.java:133)-Task returned to queue for reprocessing: bb11
2013-03-18 12:46:25,937-ERROR(PosterThread.java:55)-Error occured during process task: bb11
java.net.SocketException: SOCKS server general failure
	at java.net.SocksSocketImpl.connect(SocksSocketImpl.java:526)
	at java.net.Socket.connect(Socket.java:529)
	at java.net.Socket.connect(Socket.java:478)
	at sun.net.NetworkClient.doConnect(NetworkClient.java:163)
	at sun.net.www.http.HttpClient.openServer(HttpClient.java:395)
	at sun.net.www.http.HttpClient.openServer(HttpClient.java:530)
	at sun.net.www.http.HttpClient.<init>(HttpClient.java:234)
	at sun.net.www.http.HttpClient.New(HttpClient.java:307)
	at sun.net.www.http.HttpClient.New(HttpClient.java:324)
	at sun.net.www.protocol.http.HttpURLConnection.getNewHttpClient(HttpURLConnection.java:970)
	at sun.net.www.protocol.http.HttpURLConnection.plainConnect(HttpURLConnection.java:949)
	at sun.net.www.protocol.http.HttpURLConnection.connect(HttpURLConnection.java:836)
	at sun.net.www.protocol.http.HttpURLConnection.getInputStream(HttpURLConnection.java:1172)
	at com.fdt.scrapper.PostbitNewsPoster.getUrlContentBing(PostbitNewsPoster.java:727)
	at com.fdt.scrapper.PostbitNewsPoster.parseHtmlBing(PostbitNewsPoster.java:819)
	at com.fdt.scrapper.PostbitNewsPoster.executePostNews(PostbitNewsPoster.java:155)
	at com.fdt.scrapper.PosterThread.run(PosterThread.java:48)
2013-03-18 12:46:28,031- INFO(PostbitTaskFactory.java:133)-Task returned to queue for reprocessing: cc11
2013-03-18 12:46:28,031-ERROR(PosterThread.java:55)-Error occured during process task: cc11
java.io.IOException: Premature EOF
	at sun.net.www.http.ChunkedInputStream.readAheadBlocking(ChunkedInputStream.java:538)
	at sun.net.www.http.ChunkedInputStream.readAhead(ChunkedInputStream.java:582)
	at sun.net.www.http.ChunkedInputStream.read(ChunkedInputStream.java:669)
	at java.io.FilterInputStream.read(FilterInputStream.java:116)
	at sun.net.www.protocol.http.HttpURLConnection$HttpInputStream.read(HttpURLConnection.java:2676)
	at sun.net.www.protocol.http.HttpURLConnection$HttpInputStream.read(HttpURLConnection.java:2671)
	at org.jsoup.helper.DataUtil.readToByteBuffer(DataUtil.java:113)
	at org.jsoup.helper.DataUtil.load(DataUtil.java:54)
	at org.jsoup.Jsoup.parse(Jsoup.java:118)
	at com.fdt.scrapper.PostbitNewsPoster.getUrlContentBing(PostbitNewsPoster.java:728)
	at com.fdt.scrapper.PostbitNewsPoster.parseHtmlBing(PostbitNewsPoster.java:819)
	at com.fdt.scrapper.PostbitNewsPoster.executePostNews(PostbitNewsPoster.java:155)
	at com.fdt.scrapper.PosterThread.run(PosterThread.java:48)
2013-03-18 13:05:10,203- INFO(PostbitTaskFactory.java:133)-Task returned to queue for reprocessing: aaa1
2013-03-18 13:05:10,203-ERROR(PosterThread.java:55)-Error occured during process task: aaa1
java.io.IOException: Premature EOF
	at sun.net.www.http.ChunkedInputStream.readAheadBlocking(ChunkedInputStream.java:538)
	at sun.net.www.http.ChunkedInputStream.readAhead(ChunkedInputStream.java:582)
	at sun.net.www.http.ChunkedInputStream.read(ChunkedInputStream.java:669)
	at java.io.FilterInputStream.read(FilterInputStream.java:116)
	at sun.net.www.protocol.http.HttpURLConnection$HttpInputStream.read(HttpURLConnection.java:2676)
	at sun.net.www.protocol.http.HttpURLConnection$HttpInputStream.read(HttpURLConnection.java:2671)
	at org.jsoup.helper.DataUtil.readToByteBuffer(DataUtil.java:113)
	at org.jsoup.helper.DataUtil.load(DataUtil.java:54)
	at org.jsoup.Jsoup.parse(Jsoup.java:118)
	at com.fdt.scrapper.PostbitNewsPoster.getUrlContentBing(PostbitNewsPoster.java:728)
	at com.fdt.scrapper.PostbitNewsPoster.parseHtmlBing(PostbitNewsPoster.java:819)
	at com.fdt.scrapper.PostbitNewsPoster.executePostNews(PostbitNewsPoster.java:155)
	at com.fdt.scrapper.PosterThread.run(PosterThread.java:48)
2013-03-18 13:05:10,687- INFO(PostbitTaskFactory.java:133)-Task returned to queue for reprocessing: cc11
2013-03-18 13:05:10,687-ERROR(PosterThread.java:55)-Error occured during process task: cc11
java.io.IOException: Premature EOF
	at sun.net.www.http.ChunkedInputStream.readAheadBlocking(ChunkedInputStream.java:538)
	at sun.net.www.http.ChunkedInputStream.readAhead(ChunkedInputStream.java:582)
	at sun.net.www.http.ChunkedInputStream.read(ChunkedInputStream.java:669)
	at java.io.FilterInputStream.read(FilterInputStream.java:116)
	at sun.net.www.protocol.http.HttpURLConnection$HttpInputStream.read(HttpURLConnection.java:2676)
	at sun.net.www.protocol.http.HttpURLConnection$HttpInputStream.read(HttpURLConnection.java:2671)
	at org.jsoup.helper.DataUtil.readToByteBuffer(DataUtil.java:113)
	at org.jsoup.helper.DataUtil.load(DataUtil.java:54)
	at org.jsoup.Jsoup.parse(Jsoup.java:118)
	at com.fdt.scrapper.PostbitNewsPoster.getUrlContentBing(PostbitNewsPoster.java:728)
	at com.fdt.scrapper.PostbitNewsPoster.parseHtmlBing(PostbitNewsPoster.java:819)
	at com.fdt.scrapper.PostbitNewsPoster.executePostNews(PostbitNewsPoster.java:155)
	at com.fdt.scrapper.PosterThread.run(PosterThread.java:48)
2013-03-18 13:18:37,031- INFO(PostbitTaskFactory.java:133)-Task returned to queue for reprocessing: ff11
2013-03-18 13:18:37,031-ERROR(PosterThread.java:55)-Error occured during process task: ff11
java.io.IOException: Premature EOF
	at sun.net.www.http.ChunkedInputStream.readAheadBlocking(ChunkedInputStream.java:538)
	at sun.net.www.http.ChunkedInputStream.readAhead(ChunkedInputStream.java:582)
	at sun.net.www.http.ChunkedInputStream.read(ChunkedInputStream.java:669)
	at java.io.FilterInputStream.read(FilterInputStream.java:116)
	at sun.net.www.protocol.http.HttpURLConnection$HttpInputStream.read(HttpURLConnection.java:2676)
	at sun.net.www.protocol.http.HttpURLConnection$HttpInputStream.read(HttpURLConnection.java:2671)
	at org.jsoup.helper.DataUtil.readToByteBuffer(DataUtil.java:113)
	at org.jsoup.helper.DataUtil.load(DataUtil.java:54)
	at org.jsoup.Jsoup.parse(Jsoup.java:118)
	at com.fdt.scrapper.PostbitNewsPoster.getUrlContentBing(PostbitNewsPoster.java:733)
	at com.fdt.scrapper.PostbitNewsPoster.parseHtmlBing(PostbitNewsPoster.java:824)
	at com.fdt.scrapper.PostbitNewsPoster.executePostNews(PostbitNewsPoster.java:155)
	at com.fdt.scrapper.PosterThread.run(PosterThread.java:48)
2013-03-18 13:29:08,843-ERROR(PostbitNewsPoster.java:409)-Error occured during posting news
java.net.SocketException: SOCKS: Network unreachable
	at java.net.SocksSocketImpl.connect(SocksSocketImpl.java:532)
	at java.net.Socket.connect(Socket.java:529)
	at sun.net.NetworkClient.doConnect(NetworkClient.java:158)
	at sun.net.www.http.HttpClient.openServer(HttpClient.java:395)
	at sun.net.www.http.HttpClient.openServer(HttpClient.java:530)
	at sun.net.www.http.HttpClient.<init>(HttpClient.java:234)
	at sun.net.www.http.HttpClient.New(HttpClient.java:307)
	at sun.net.www.http.HttpClient.New(HttpClient.java:324)
	at sun.net.www.protocol.http.HttpURLConnection.getNewHttpClient(HttpURLConnection.java:970)
	at sun.net.www.protocol.http.HttpURLConnection.plainConnect(HttpURLConnection.java:949)
	at sun.net.www.protocol.http.HttpURLConnection.connect(HttpURLConnection.java:836)
	at sun.net.www.protocol.http.HttpURLConnection.getOutputStream(HttpURLConnection.java:1014)
	at com.fdt.scrapper.PostbitNewsPoster.login(PostbitNewsPoster.java:376)
	at com.fdt.scrapper.PostbitNewsPoster.postNews(PostbitNewsPoster.java:184)
	at com.fdt.scrapper.PostbitNewsPoster.executePostNews(PostbitNewsPoster.java:162)
	at com.fdt.scrapper.PosterThread.run(PosterThread.java:48)
2013-03-18 13:40:44,718- INFO(PostbitTaskFactory.java:133)-Task returned to queue for reprocessing: ff11
2013-03-18 13:40:44,734-ERROR(PosterThread.java:55)-Error occured during process task: ff11
java.io.IOException: Premature EOF
	at sun.net.www.http.ChunkedInputStream.readAheadBlocking(ChunkedInputStream.java:538)
	at sun.net.www.http.ChunkedInputStream.readAhead(ChunkedInputStream.java:582)
	at sun.net.www.http.ChunkedInputStream.read(ChunkedInputStream.java:669)
	at java.io.FilterInputStream.read(FilterInputStream.java:116)
	at sun.net.www.protocol.http.HttpURLConnection$HttpInputStream.read(HttpURLConnection.java:2676)
	at sun.net.www.protocol.http.HttpURLConnection$HttpInputStream.read(HttpURLConnection.java:2671)
	at org.jsoup.helper.DataUtil.readToByteBuffer(DataUtil.java:113)
	at org.jsoup.helper.DataUtil.load(DataUtil.java:54)
	at org.jsoup.Jsoup.parse(Jsoup.java:118)
	at com.fdt.scrapper.PostbitNewsPoster.getUrlContentBing(PostbitNewsPoster.java:733)
	at com.fdt.scrapper.PostbitNewsPoster.parseHtmlBing(PostbitNewsPoster.java:824)
	at com.fdt.scrapper.PostbitNewsPoster.executePostNews(PostbitNewsPoster.java:155)
	at com.fdt.scrapper.PosterThread.run(PosterThread.java:48)
2013-03-18 13:54:50,953- INFO(PostbitTaskFactory.java:133)-Task returned to queue for reprocessing: cc11
2013-03-18 13:54:50,968-ERROR(PosterThread.java:55)-Error occured during process task: cc11
java.net.SocketException: Connection reset
	at java.net.SocketInputStream.read(SocketInputStream.java:168)
	at java.net.SocksSocketImpl.readSocksReply(SocksSocketImpl.java:88)
	at java.net.SocksSocketImpl.connect(SocksSocketImpl.java:429)
	at java.net.Socket.connect(Socket.java:529)
	at java.net.Socket.connect(Socket.java:478)
	at sun.net.NetworkClient.doConnect(NetworkClient.java:163)
	at sun.net.www.http.HttpClient.openServer(HttpClient.java:395)
	at sun.net.www.http.HttpClient.openServer(HttpClient.java:530)
	at sun.net.www.http.HttpClient.<init>(HttpClient.java:234)
	at sun.net.www.http.HttpClient.New(HttpClient.java:307)
	at sun.net.www.http.HttpClient.New(HttpClient.java:324)
	at sun.net.www.protocol.http.HttpURLConnection.getNewHttpClient(HttpURLConnection.java:970)
	at sun.net.www.protocol.http.HttpURLConnection.plainConnect(HttpURLConnection.java:949)
	at sun.net.www.protocol.http.HttpURLConnection.connect(HttpURLConnection.java:836)
	at sun.net.www.protocol.http.HttpURLConnection.getInputStream(HttpURLConnection.java:1172)
	at com.fdt.scrapper.PostbitNewsPoster.getUrlContentBing(PostbitNewsPoster.java:735)
	at com.fdt.scrapper.PostbitNewsPoster.parseHtmlBing(PostbitNewsPoster.java:827)
	at com.fdt.scrapper.PostbitNewsPoster.executePostNews(PostbitNewsPoster.java:155)
	at com.fdt.scrapper.PosterThread.run(PosterThread.java:48)
2013-03-18 13:57:31,093- INFO(PostbitTaskFactory.java:133)-Task returned to queue for reprocessing: ff11
2013-03-18 13:57:31,093-ERROR(PosterThread.java:55)-Error occured during process task: ff11
java.net.SocketException: Connection reset
	at java.net.SocketInputStream.read(SocketInputStream.java:168)
	at java.net.SocksSocketImpl.readSocksReply(SocksSocketImpl.java:88)
	at java.net.SocksSocketImpl.connect(SocksSocketImpl.java:429)
	at java.net.Socket.connect(Socket.java:529)
	at java.net.Socket.connect(Socket.java:478)
	at sun.net.NetworkClient.doConnect(NetworkClient.java:163)
	at sun.net.www.http.HttpClient.openServer(HttpClient.java:395)
	at sun.net.www.http.HttpClient.openServer(HttpClient.java:530)
	at sun.net.www.http.HttpClient.<init>(HttpClient.java:234)
	at sun.net.www.http.HttpClient.New(HttpClient.java:307)
	at sun.net.www.http.HttpClient.New(HttpClient.java:324)
	at sun.net.www.protocol.http.HttpURLConnection.getNewHttpClient(HttpURLConnection.java:970)
	at sun.net.www.protocol.http.HttpURLConnection.plainConnect(HttpURLConnection.java:949)
	at sun.net.www.protocol.http.HttpURLConnection.connect(HttpURLConnection.java:836)
	at sun.net.www.protocol.http.HttpURLConnection.getInputStream(HttpURLConnection.java:1172)
	at com.fdt.scrapper.PostbitNewsPoster.getUrlContentBing(PostbitNewsPoster.java:737)
	at com.fdt.scrapper.PostbitNewsPoster.parseHtmlBing(PostbitNewsPoster.java:829)
	at com.fdt.scrapper.PostbitNewsPoster.executePostNews(PostbitNewsPoster.java:155)
	at com.fdt.scrapper.PosterThread.run(PosterThread.java:48)
2013-03-18 14:01:27,906- INFO(PostbitTaskFactory.java:133)-Task returned to queue for reprocessing: dd11
2013-03-18 14:02:22,187- INFO(PostbitTaskFactory.java:133)-Task returned to queue for reprocessing: viagra forever
2013-03-18 14:02:22,187-ERROR(PosterThread.java:55)-Error occured during process task: viagra forever
java.net.SocketException: Connection reset
	at java.net.SocketInputStream.read(SocketInputStream.java:168)
	at java.net.SocksSocketImpl.readSocksReply(SocksSocketImpl.java:88)
	at java.net.SocksSocketImpl.connect(SocksSocketImpl.java:429)
	at java.net.Socket.connect(Socket.java:529)
	at java.net.Socket.connect(Socket.java:478)
	at sun.net.NetworkClient.doConnect(NetworkClient.java:163)
	at sun.net.www.http.HttpClient.openServer(HttpClient.java:395)
	at sun.net.www.http.HttpClient.openServer(HttpClient.java:530)
	at sun.net.www.http.HttpClient.<init>(HttpClient.java:234)
	at sun.net.www.http.HttpClient.New(HttpClient.java:307)
	at sun.net.www.http.HttpClient.New(HttpClient.java:324)
	at sun.net.www.protocol.http.HttpURLConnection.getNewHttpClient(HttpURLConnection.java:970)
	at sun.net.www.protocol.http.HttpURLConnection.plainConnect(HttpURLConnection.java:949)
	at sun.net.www.protocol.http.HttpURLConnection.connect(HttpURLConnection.java:836)
	at sun.net.www.protocol.http.HttpURLConnection.getInputStream(HttpURLConnection.java:1172)
	at com.fdt.scrapper.PostbitNewsPoster.getUrlContentBing(PostbitNewsPoster.java:737)
	at com.fdt.scrapper.PostbitNewsPoster.parseHtmlBing(PostbitNewsPoster.java:829)
	at com.fdt.scrapper.PostbitNewsPoster.executePostNews(PostbitNewsPoster.java:155)
	at com.fdt.scrapper.PosterThread.run(PosterThread.java:48)
2013-03-18 14:03:30,796- INFO(PostbitTaskFactory.java:133)-Task returned to queue for reprocessing: viagra forever
2013-03-18 14:06:02,781- INFO(PostbitTaskFactory.java:133)-Task returned to queue for reprocessing: viagra forever
2013-03-18 14:06:02,781-ERROR(PosterThread.java:55)-Error occured during process task: viagra forever
java.net.SocketException: Connection reset
	at java.net.SocketInputStream.read(SocketInputStream.java:168)
	at java.net.SocksSocketImpl.readSocksReply(SocksSocketImpl.java:88)
	at java.net.SocksSocketImpl.connect(SocksSocketImpl.java:429)
	at java.net.Socket.connect(Socket.java:529)
	at java.net.Socket.connect(Socket.java:478)
	at sun.net.NetworkClient.doConnect(NetworkClient.java:163)
	at sun.net.www.http.HttpClient.openServer(HttpClient.java:395)
	at sun.net.www.http.HttpClient.openServer(HttpClient.java:530)
	at sun.net.www.http.HttpClient.<init>(HttpClient.java:234)
	at sun.net.www.http.HttpClient.New(HttpClient.java:307)
	at sun.net.www.http.HttpClient.New(HttpClient.java:324)
	at sun.net.www.protocol.http.HttpURLConnection.getNewHttpClient(HttpURLConnection.java:970)
	at sun.net.www.protocol.http.HttpURLConnection.plainConnect(HttpURLConnection.java:949)
	at sun.net.www.protocol.http.HttpURLConnection.connect(HttpURLConnection.java:836)
	at sun.net.www.protocol.http.HttpURLConnection.getInputStream(HttpURLConnection.java:1172)
	at com.fdt.scrapper.PostbitNewsPoster.getUrlContentBing(PostbitNewsPoster.java:737)
	at com.fdt.scrapper.PostbitNewsPoster.parseHtmlBing(PostbitNewsPoster.java:829)
	at com.fdt.scrapper.PostbitNewsPoster.executePostNews(PostbitNewsPoster.java:155)
	at com.fdt.scrapper.PosterThread.run(PosterThread.java:48)
2013-03-18 14:11:09,703- INFO(PostbitTaskFactory.java:133)-Task returned to queue for reprocessing: viagra forever 2
