http://agobanic.e-monsite.com/blog/causes-of-abdominal-cramps.html
http://tifencoisie.e-monsite.com/blog/stomach-cramps-abdominal-pain.html
http://agobanic.e-monsite.com/blog/sharp-abdominal-cramps.html
http://tifencoisie.e-monsite.com/blog/abdominal-cramps-and-nausea.html
http://tifencoisie.e-monsite.com/blog/pregnancy-and-abdominal-cramps.html
http://agobanic.e-monsite.com/blog/nausea-and-abdominal-cramps.html
http://agobanic.e-monsite.com/blog/upper-abdominal-cramps.html
http://tifencoisie.e-monsite.com/blog/abdominal-cramps-diarrhea.html
http://tifencoisie.e-monsite.com/blog/abdominal-cramps-and-back-pain.html
http://agobanic.e-monsite.com/blog/right-side-abdominal-cramps.html
http://tifencoisie.e-monsite.com/blog/abdominal-cramps-and-diarrhea.html
http://agobanic.e-monsite.com/blog/what-can-cause-abdominal-cramps.html
http://tifencoisie.e-monsite.com/blog/diarrhea-and-abdominal-cramps.html
http://agobanic.e-monsite.com/blog/pregnancy-abdominal-cramps.html
http://agobanic.e-monsite.com/blog/abdominal-cramps-early-pregnancy.html
http://tifencoisie.e-monsite.com/blog/abdominal-cramps-pregnancy.html
http://agobanic.e-monsite.com/blog/intense-abdominal-cramps.html
http://tifencoisie.e-monsite.com/blog/cramps-abdominal.html
http://agobanic.e-monsite.com/blog/abdominal-cramps-after-eating.html
http://tifencoisie.e-monsite.com/blog/early-pregnancy-abdominal-cramps.html
http://tifencoisie.e-monsite.com/blog/left-side-abdominal-cramps.html
http://agobanic.e-monsite.com/blog/abdominal-cramps-left-side.html
http://tifencoisie.e-monsite.com/blog/lower-abdominal-pain-cramps.html
http://agobanic.e-monsite.com/blog/left-abdominal-cramps.html
http://agobanic.e-monsite.com/blog/sharp-abdominal-cramps.html
http://tifencoisie.e-monsite.com/blog/cramps-abdominal-pain.html
http://agobanic.e-monsite.com/blog/cause-of-abdominal-cramps.html
http://tifencoisie.e-monsite.com/blog/abdominal-pain-and-cramps.html
http://tifencoisie.e-monsite.com/blog/abdominal-cramps-during-pregnancy.html
http://agobanic.e-monsite.com/blog/lower-abdominal-cramps-in-pregnancy.html
http://tifencoisie.e-monsite.com/blog/lower-abdominal-pain-and-cramps.html
http://agobanic.e-monsite.com/blog/abdominal-pain-cramps.html
http://agobanic.e-monsite.com/blog/what-causes-abdominal-cramps.html
http://tifencoisie.e-monsite.com/blog/abdominal-cramps-and-nausea.html
http://agobanic.e-monsite.com/blog/abdominal-cramps-in-early-pregnancy.html
http://tifencoisie.e-monsite.com/blog/what-are-abdominal-cramps.html
http://tifencoisie.e-monsite.com/blog/abdominal-cramps-causes.html
http://agobanic.e-monsite.com/blog/abdominal-cramps-in-women.html
http://tifencoisie.e-monsite.com/blog/extreme-abdominal-cramps.html
http://agobanic.e-monsite.com/blog/lower-left-abdominal-cramps.html
http://agobanic.e-monsite.com/blog/stomach-cramps-abdominal-pain.html
http://tifencoisie.e-monsite.com/blog/low-abdominal-cramps.html
http://tifencoisie.e-monsite.com/blog/abdominal-cramps-nausea.html
http://agobanic.e-monsite.com/blog/abdominal-cramps-in-pregnancy.html
http://agobanic.e-monsite.com/blog/nausea-abdominal-cramps.html
http://tifencoisie.e-monsite.com/blog/abdominal-cramps-back-pain.html
http://agobanic.e-monsite.com/blog/causes-of-abdominal-cramps.html
http://tifencoisie.e-monsite.com/blog/severe-abdominal-cramps.html
http://tifencoisie.e-monsite.com/blog/abdominal-cramps-and-pain.html
http://agobanic.e-monsite.com/blog/lower-abdominal-cramps-pregnancy.html
http://agobanic.e-monsite.com/blog/abdominal-cramps-on-left-side.html
http://tifencoisie.e-monsite.com/blog/bad-abdominal-cramps.html
http://tifencoisie.e-monsite.com/blog/lower-right-abdominal-cramps.html
http://agobanic.e-monsite.com/blog/high-abdominal-cramps.html
http://agobanic.e-monsite.com/blog/lower-abdominal-cramps.html
http://tifencoisie.e-monsite.com/blog/abdominal-cramps-and-pregnancy.html
http://agobanic.e-monsite.com/blog/diarrhea-abdominal-cramps.html
http://tifencoisie.e-monsite.com/blog/abdominal-cramps-and-nausea.html
http://agobanic.e-monsite.com/blog/abdominal-cramps-and-back-pain.html
http://agobanic.e-monsite.com/blog/abdominal-cramps-back-pain.html
http://tifencoisie.e-monsite.com/blog/abdominal-pain-and-cramps.html
http://agobanic.e-monsite.com/blog/lower-abdominal-pain-and-cramps.html
http://tifencoisie.e-monsite.com/blog/abdominal-cramps-and-pregnancy.html
http://tifencoisie.e-monsite.com/blog/abdominal-cramps-after-eating.html
http://agobanic.e-monsite.com/blog/lower-right-abdominal-cramps.html
http://agobanic.e-monsite.com/blog/pregnancy-abdominal-cramps.html
http://tifencoisie.e-monsite.com/blog/nausea-abdominal-cramps.html
http://agobanic.e-monsite.com/blog/abdominal-cramps-early-pregnancy.html
http://tifencoisie.e-monsite.com/blog/abdominal-cramps-nausea.html
http://agobanic.e-monsite.com/blog/low-abdominal-cramps.html
http://tifencoisie.e-monsite.com/blog/lower-left-abdominal-cramps.html
http://tifencoisie.e-monsite.com/blog/abdominal-cramps-during-pregnancy.html
http://agobanic.e-monsite.com/blog/stomach-cramps-abdominal-pain.html
http://tifencoisie.e-monsite.com/blog/diarrhea-abdominal-cramps.html
http://agobanic.e-monsite.com/blog/early-pregnancy-abdominal-cramps.html
http://tifencoisie.e-monsite.com/blog/abdominal-cramps-on-left-side.html
http://agobanic.e-monsite.com/blog/lower-abdominal-cramps-in-pregnancy.html
http://agobanic.e-monsite.com/blog/abdominal-cramps-causes.html
http://tifencoisie.e-monsite.com/blog/what-can-cause-abdominal-cramps.html
http://agobanic.e-monsite.com/blog/sharp-abdominal-cramps.html
http://tifencoisie.e-monsite.com/blog/what-are-abdominal-cramps.html
http://tifencoisie.e-monsite.com/blog/upper-abdominal-cramps.html
http://agobanic.e-monsite.com/blog/abdominal-cramps-and-pain.html
http://tifencoisie.e-monsite.com/blog/what-causes-abdominal-cramps.html
http://agobanic.e-monsite.com/blog/bad-abdominal-cramps.html
http://tifencoisie.e-monsite.com/blog/left-side-abdominal-cramps.html
http://agobanic.e-monsite.com/blog/nausea-and-abdominal-cramps.html
http://agobanic.e-monsite.com/blog/cramps-abdominal-pain.html
http://tifencoisie.e-monsite.com/blog/lower-abdominal-cramps.html
http://tifencoisie.e-monsite.com/blog/left-abdominal-cramps.html
http://agobanic.e-monsite.com/blog/pregnancy-and-abdominal-cramps.html
http://agobanic.e-monsite.com/blog/lower-abdominal-pain-cramps.html
http://tifencoisie.e-monsite.com/blog/abdominal-cramps-in-early-pregnancy.html
http://agobanic.e-monsite.com/blog/cause-of-abdominal-cramps.html
http://tifencoisie.e-monsite.com/blog/severe-abdominal-cramps.html
http://tifencoisie.e-monsite.com/blog/right-side-abdominal-cramps.html
http://agobanic.e-monsite.com/blog/abdominal-cramps-pregnancy.html
http://tifencoisie.e-monsite.com/blog/abdominal-cramps-in-pregnancy.html
http://agobanic.e-monsite.com/blog/cramps-abdominal.html
http://agobanic.e-monsite.com/blog/abdominal-cramps-diarrhea.html
http://tifencoisie.e-monsite.com/blog/high-abdominal-cramps.html
http://agobanic.e-monsite.com/blog/causes-of-abdominal-cramps.html
http://tifencoisie.e-monsite.com/blog/abdominal-cramps-left-side.html
http://agobanic.e-monsite.com/blog/abdominal-cramps-in-women.html
http://tifencoisie.e-monsite.com/blog/extreme-abdominal-cramps.html
http://tifencoisie.e-monsite.com/blog/abdominal-pain-cramps.html
http://agobanic.e-monsite.com/blog/lower-abdominal-cramps-pregnancy.html
http://agobanic.e-monsite.com/blog/intense-abdominal-cramps.html
http://tifencoisie.e-monsite.com/blog/diarrhea-and-abdominal-cramps.html
http://agobanic.e-monsite.com/blog/abdominal-cramps-and-diarrhea.html
http://agobanic.e-monsite.com/blog/abdominal-cramps-during-pregnancy.html
http://tifencoisie.e-monsite.com/blog/intense-abdominal-cramps.html
http://agobanic.e-monsite.com/blog/abdominal-pain-cramps.html
http://tifencoisie.e-monsite.com/blog/cramps-abdominal-pain.html
http://agobanic.e-monsite.com/blog/causes-of-abdominal-cramps.html
http://tifencoisie.e-monsite.com/blog/abdominal-cramps-left-side.html
http://agobanic.e-monsite.com/blog/abdominal-cramps-and-pain.html
http://tifencoisie.e-monsite.com/blog/lower-abdominal-pain-and-cramps.html
http://agobanic.e-monsite.com/blog/sharp-abdominal-cramps.html
http://tifencoisie.e-monsite.com/blog/abdominal-cramps-in-women.html
http://agobanic.e-monsite.com/blog/abdominal-cramps-causes.html
http://tifencoisie.e-monsite.com/blog/left-side-abdominal-cramps.html
http://agobanic.e-monsite.com/blog/lower-abdominal-cramps-pregnancy.html
http://tifencoisie.e-monsite.com/blog/abdominal-cramps-pregnancy.html
http://agobanic.e-monsite.com/blog/cause-of-abdominal-cramps.html
http://tifencoisie.e-monsite.com/blog/pregnancy-abdominal-cramps.html
http://agobanic.e-monsite.com/blog/low-abdominal-cramps.html
http://tifencoisie.e-monsite.com/blog/severe-abdominal-cramps.html
http://agobanic.e-monsite.com/blog/nausea-abdominal-cramps.html
http://tifencoisie.e-monsite.com/blog/nausea-and-abdominal-cramps.html
http://agobanic.e-monsite.com/blog/lower-right-abdominal-cramps.html
http://tifencoisie.e-monsite.com/blog/abdominal-cramps-in-pregnancy.html
http://agobanic.e-monsite.com/blog/right-side-abdominal-cramps.html
http://tifencoisie.e-monsite.com/blog/abdominal-cramps-and-pregnancy.html
http://agobanic.e-monsite.com/blog/cramps-abdominal.html
http://tifencoisie.e-monsite.com/blog/abdominal-cramps-and-nausea.html
http://agobanic.e-monsite.com/blog/what-causes-abdominal-cramps.html
http://tifencoisie.e-monsite.com/blog/lower-left-abdominal-cramps.html
http://agobanic.e-monsite.com/blog/abdominal-cramps-back-pain.html
http://tifencoisie.e-monsite.com/blog/upper-abdominal-cramps.html
http://agobanic.e-monsite.com/blog/lower-abdominal-pain-cramps.html
http://tifencoisie.e-monsite.com/blog/what-can-cause-abdominal-cramps.html
http://agobanic.e-monsite.com/blog/lower-abdominal-pain-cramps.html
http://agobanic.e-monsite.com/blog/upper-abdominal-cramps.html
http://tifencoisie.e-monsite.com/blog/abdominal-cramps-back-pain.html
