2014-02-20 16:47:13,016- INFO(SnippetExtractor.java:148)-Using proxy: SOCKS @ /91.212.135.103:1080
2014-02-20 16:47:17,004- INFO(SnippetExtractor.java:148)-Using proxy: SOCKS @ /91.234.255.168:1080
2014-02-20 16:47:19,510- INFO(SnippetExtractor.java:148)-Using proxy: SOCKS @ /91.220.202.155:1080
2014-02-20 16:47:21,612- INFO(SnippetExtractor.java:148)-Using proxy: SOCKS @ /194.0.245.153:1080
2014-02-20 16:47:25,013- INFO(SnippetExtractor.java:148)-Using proxy: SOCKS @ /78.24.220.111:1080
2014-02-20 16:47:29,514- INFO(SnippetExtractor.java:148)-Using proxy: SOCKS @ /91.230.143.86:1080
2014-02-20 16:47:34,511- INFO(SnippetExtractor.java:148)-Using proxy: SOCKS @ /91.212.135.110:1080
2014-02-20 16:47:38,515- INFO(SnippetExtractor.java:148)-Using proxy: SOCKS @ /91.234.255.133:1080
2014-02-20 16:47:42,538- INFO(SnippetExtractor.java:148)-Using proxy: SOCKS @ /194.1.184.107:1080
2014-02-20 16:47:47,216-ERROR(SnippetExtractor.java:92)-Error during getting snippets content
java.io.IOException: Server returned HTTP response code: 403 for URL: https://www.google.ru/search?q=samp+%EA%E0%E7%E8%ED%EE&lr=lang_#LANGUAGE#&ie=utf-8&oe=utf-8
	at sun.net.www.protocol.http.HttpURLConnection.getInputStream(Unknown Source)
	at sun.net.www.protocol.https.HttpsURLConnectionImpl.getInputStream(Unknown Source)
	at com.fdt.scrapper.SnippetExtractor.loadPageContent(SnippetExtractor.java:165)
	at com.fdt.scrapper.SnippetExtractor.extractSnippetsFromPageContent(SnippetExtractor.java:270)
	at com.fdt.scrapper.SnippetExtractor.insertLinksToSnippets(SnippetExtractor.java:86)
	at com.fdt.scrapper.SnippetExtractor.extractSnippets(SnippetExtractor.java:314)
	at com.fdt.scrapper.MultipleSnippetGeneratorThread.run(MultipleSnippetGeneratorThread.java:54)
2014-02-20 16:47:47,218- INFO(SnippetExtractor.java:148)-Using proxy: SOCKS @ /82.146.59.133:1080
2014-02-20 16:47:49,155-ERROR(SnippetExtractor.java:92)-Error during getting snippets content
java.io.IOException: Server returned HTTP response code: 403 for URL: https://www.google.ru/search?q=samp+%EA%E0%E7%E8%ED%EE&lr=lang_#LANGUAGE#&ie=utf-8&oe=utf-8
	at sun.net.www.protocol.http.HttpURLConnection.getInputStream(Unknown Source)
	at sun.net.www.protocol.https.HttpsURLConnectionImpl.getInputStream(Unknown Source)
	at com.fdt.scrapper.SnippetExtractor.loadPageContent(SnippetExtractor.java:165)
	at com.fdt.scrapper.SnippetExtractor.extractSnippetsFromPageContent(SnippetExtractor.java:270)
	at com.fdt.scrapper.SnippetExtractor.insertLinksToSnippets(SnippetExtractor.java:86)
	at com.fdt.scrapper.SnippetExtractor.extractSnippets(SnippetExtractor.java:314)
	at com.fdt.scrapper.MultipleSnippetGeneratorThread.run(MultipleSnippetGeneratorThread.java:54)
2014-02-20 16:47:49,155- INFO(SnippetExtractor.java:148)-Using proxy: SOCKS @ /62.109.22.244:1080
2014-02-20 16:47:53,203-ERROR(SnippetExtractor.java:92)-Error during getting snippets content
java.io.IOException: Server returned HTTP response code: 503 for URL: https://ipv4.google.com/sorry/IndexRedirect?continue=https://www.google.ru/search%3Fq%3Dsamp%2B%25EA%25E0%25E7%25E8%25ED%25EE%26lr%3Dlang_
	at sun.net.www.protocol.http.HttpURLConnection.getInputStream(Unknown Source)
	at sun.net.www.protocol.https.HttpsURLConnectionImpl.getInputStream(Unknown Source)
	at com.fdt.scrapper.SnippetExtractor.loadPageContent(SnippetExtractor.java:165)
	at com.fdt.scrapper.SnippetExtractor.extractSnippetsFromPageContent(SnippetExtractor.java:270)
	at com.fdt.scrapper.SnippetExtractor.insertLinksToSnippets(SnippetExtractor.java:86)
	at com.fdt.scrapper.SnippetExtractor.extractSnippets(SnippetExtractor.java:314)
	at com.fdt.scrapper.MultipleSnippetGeneratorThread.run(MultipleSnippetGeneratorThread.java:54)
2014-02-20 16:47:53,207- INFO(SnippetExtractor.java:148)-Using proxy: SOCKS @ /193.0.147.40:1080
2014-02-20 16:47:53,316-ERROR(SnippetExtractor.java:92)-Error during getting snippets content
java.net.SocketException: Connection reset
	at java.net.SocketInputStream.read(Unknown Source)
	at java.net.SocksSocketImpl.readSocksReply(Unknown Source)
	at java.net.SocksSocketImpl.connect(Unknown Source)
	at java.net.Socket.connect(Unknown Source)
	at sun.net.NetworkClient.doConnect(Unknown Source)
	at sun.net.www.http.HttpClient.openServer(Unknown Source)
	at sun.net.www.http.HttpClient.openServer(Unknown Source)
	at sun.net.www.protocol.https.HttpsClient.<init>(Unknown Source)
	at sun.net.www.protocol.https.HttpsClient.New(Unknown Source)
	at sun.net.www.protocol.https.AbstractDelegateHttpsURLConnection.getNewHttpClient(Unknown Source)
	at sun.net.www.protocol.http.HttpURLConnection.plainConnect(Unknown Source)
	at sun.net.www.protocol.https.AbstractDelegateHttpsURLConnection.connect(Unknown Source)
	at sun.net.www.protocol.http.HttpURLConnection.getInputStream(Unknown Source)
	at sun.net.www.protocol.https.HttpsURLConnectionImpl.getInputStream(Unknown Source)
	at com.fdt.scrapper.SnippetExtractor.loadPageContent(SnippetExtractor.java:165)
	at com.fdt.scrapper.SnippetExtractor.extractSnippetsFromPageContent(SnippetExtractor.java:270)
	at com.fdt.scrapper.SnippetExtractor.insertLinksToSnippets(SnippetExtractor.java:86)
	at com.fdt.scrapper.SnippetExtractor.extractSnippets(SnippetExtractor.java:314)
	at com.fdt.scrapper.MultipleSnippetGeneratorThread.run(MultipleSnippetGeneratorThread.java:54)
2014-02-20 16:47:53,318- INFO(SnippetExtractor.java:148)-Using proxy: SOCKS @ /194.242.2.92:1080
2014-02-20 16:48:14,324-ERROR(SnippetExtractor.java:92)-Error during getting snippets content
java.net.SocketException: Connection timed out: connect
	at java.net.SocksSocketImpl.connect(Unknown Source)
	at java.net.Socket.connect(Unknown Source)
	at sun.net.NetworkClient.doConnect(Unknown Source)
	at sun.net.www.http.HttpClient.openServer(Unknown Source)
	at sun.net.www.http.HttpClient.openServer(Unknown Source)
	at sun.net.www.protocol.https.HttpsClient.<init>(Unknown Source)
	at sun.net.www.protocol.https.HttpsClient.New(Unknown Source)
	at sun.net.www.protocol.https.AbstractDelegateHttpsURLConnection.getNewHttpClient(Unknown Source)
	at sun.net.www.protocol.http.HttpURLConnection.plainConnect(Unknown Source)
	at sun.net.www.protocol.https.AbstractDelegateHttpsURLConnection.connect(Unknown Source)
	at sun.net.www.protocol.http.HttpURLConnection.getInputStream(Unknown Source)
	at sun.net.www.protocol.https.HttpsURLConnectionImpl.getInputStream(Unknown Source)
	at com.fdt.scrapper.SnippetExtractor.loadPageContent(SnippetExtractor.java:165)
	at com.fdt.scrapper.SnippetExtractor.extractSnippetsFromPageContent(SnippetExtractor.java:270)
	at com.fdt.scrapper.SnippetExtractor.insertLinksToSnippets(SnippetExtractor.java:86)
	at com.fdt.scrapper.SnippetExtractor.extractSnippets(SnippetExtractor.java:314)
	at com.fdt.scrapper.MultipleSnippetGeneratorThread.run(MultipleSnippetGeneratorThread.java:54)
2014-02-20 16:48:14,325- INFO(SnippetExtractor.java:148)-Using proxy: SOCKS @ /193.0.147.72:1080
2014-02-20 16:48:16,016- INFO(SnippetExtractor.java:148)-Using proxy: SOCKS @ /193.0.147.98:1080
2014-02-20 16:48:20,105- INFO(SnippetExtractor.java:148)-Using proxy: SOCKS @ /193.0.147.134:1080
2014-02-20 16:48:23,362-ERROR(SnippetExtractor.java:92)-Error during getting snippets content
java.io.IOException: Server returned HTTP response code: 503 for URL: https://ipv4.google.com/sorry/IndexRedirect?continue=https://www.google.ru/search%3Fq%3D%25E8%25E3%25F0%25FB%2B%25E8%25E3%25F0%25E0%25F2%25FC%2B%25E0%25E7%25E0%25F0%25F2%25ED%25FB%25E5%2B%25E0%25E2%25F2%25EE%25EC%25E0%25F2%25FB%26lr%3Dlang_
	at sun.net.www.protocol.http.HttpURLConnection.getInputStream(Unknown Source)
	at sun.net.www.protocol.https.HttpsURLConnectionImpl.getInputStream(Unknown Source)
	at com.fdt.scrapper.SnippetExtractor.loadPageContent(SnippetExtractor.java:165)
	at com.fdt.scrapper.SnippetExtractor.extractSnippetsFromPageContent(SnippetExtractor.java:270)
	at com.fdt.scrapper.SnippetExtractor.insertLinksToSnippets(SnippetExtractor.java:86)
	at com.fdt.scrapper.SnippetExtractor.extractSnippets(SnippetExtractor.java:314)
	at com.fdt.scrapper.MultipleSnippetGeneratorThread.run(MultipleSnippetGeneratorThread.java:54)
2014-02-20 16:48:23,368- INFO(SnippetExtractor.java:148)-Using proxy: SOCKS @ /91.230.143.29:1080
2014-02-20 16:48:25,025- INFO(SnippetExtractor.java:148)-Using proxy: SOCKS @ /194.1.184.195:1080
2014-02-20 16:48:26,418-ERROR(SnippetExtractor.java:92)-Error during getting snippets content
java.io.IOException: Server returned HTTP response code: 403 for URL: https://www.google.ru/search?q=%EA%E0%E7%E8%ED%EE+%ED%E0+%F0%E5%E0%EB%FC%ED%FB%E5+%E4%E5%ED%FC%E3%E8&lr=lang_#LANGUAGE#&ie=utf-8&oe=utf-8
	at sun.net.www.protocol.http.HttpURLConnection.getInputStream(Unknown Source)
	at sun.net.www.protocol.https.HttpsURLConnectionImpl.getInputStream(Unknown Source)
	at com.fdt.scrapper.SnippetExtractor.loadPageContent(SnippetExtractor.java:165)
	at com.fdt.scrapper.SnippetExtractor.extractSnippetsFromPageContent(SnippetExtractor.java:270)
	at com.fdt.scrapper.SnippetExtractor.insertLinksToSnippets(SnippetExtractor.java:86)
	at com.fdt.scrapper.SnippetExtractor.extractSnippets(SnippetExtractor.java:314)
	at com.fdt.scrapper.MultipleSnippetGeneratorThread.run(MultipleSnippetGeneratorThread.java:54)
2014-02-20 16:48:26,419- INFO(SnippetExtractor.java:148)-Using proxy: SOCKS @ /91.212.135.66:1080
2014-02-20 16:48:31,713-ERROR(SnippetExtractor.java:92)-Error during getting snippets content
java.io.IOException: Server returned HTTP response code: 503 for URL: https://ipv4.google.com/sorry/IndexRedirect?continue=https://www.google.ru/search%3Fq%3D%25EA%25E0%25E7%25E8%25ED%25EE%2B%25ED%25E0%2B%25F0%25E5%25E0%25EB%25FC%25ED%25FB%25E5%2B%25E4%25E5%25ED%25FC%25E3%25E8%26lr%3Dlang_
	at sun.net.www.protocol.http.HttpURLConnection.getInputStream(Unknown Source)
	at sun.net.www.protocol.https.HttpsURLConnectionImpl.getInputStream(Unknown Source)
	at com.fdt.scrapper.SnippetExtractor.loadPageContent(SnippetExtractor.java:165)
	at com.fdt.scrapper.SnippetExtractor.extractSnippetsFromPageContent(SnippetExtractor.java:270)
	at com.fdt.scrapper.SnippetExtractor.insertLinksToSnippets(SnippetExtractor.java:86)
	at com.fdt.scrapper.SnippetExtractor.extractSnippets(SnippetExtractor.java:314)
	at com.fdt.scrapper.MultipleSnippetGeneratorThread.run(MultipleSnippetGeneratorThread.java:54)
2014-02-20 16:48:31,714- INFO(SnippetExtractor.java:148)-Using proxy: SOCKS @ /62.109.22.242:1080
2014-02-20 16:49:01,486- INFO(SnippetExtractor.java:148)-Using proxy: SOCKS @ /91.212.135.66:1080
2014-02-20 16:49:16,786-ERROR(SnippetExtractor.java:92)-Error during getting snippets content
java.io.IOException: Server returned HTTP response code: 503 for URL: https://ipv4.google.com/sorry/IndexRedirect?continue=https://www.google.ru/search%3Fq%3D%25EA%25E0%25E7%25E8%25ED%25EE%2B%25ED%25E0%2B%25F0%25E5%25E0%25EB%25FC%25ED%25FB%25E5%2B%25E4%25E5%25ED%25FC%25E3%25E8%26lr%3Dlang_
	at sun.net.www.protocol.http.HttpURLConnection.getInputStream(Unknown Source)
	at sun.net.www.protocol.https.HttpsURLConnectionImpl.getInputStream(Unknown Source)
	at com.fdt.scrapper.SnippetExtractor.loadPageContent(SnippetExtractor.java:165)
	at com.fdt.scrapper.SnippetExtractor.extractSnippetsFromPageContent(SnippetExtractor.java:270)
	at com.fdt.scrapper.SnippetExtractor.insertLinksToSnippets(SnippetExtractor.java:86)
	at com.fdt.scrapper.SnippetExtractor.extractSnippets(SnippetExtractor.java:314)
	at com.fdt.scrapper.MultipleSnippetGeneratorThread.run(MultipleSnippetGeneratorThread.java:54)
