2013-03-07 23:01:16,315 - Log4JLogChute initialized using file 'velocity.log'
2013-03-07 23:01:16,346 - Initializing Velocity, Calling init()...
2013-03-07 23:01:16,346 - Starting Apache Velocity v1.7 (compiled: 2010-11-19 12:14:37)
2013-03-07 23:01:16,346 - Default Properties File: org\apache\velocity\runtime\defaults\velocity.properties
2013-03-07 23:01:16,346 - Trying to use logger class org.apache.velocity.runtime.log.AvalonLogChute
2013-03-07 23:01:16,346 - Target log system for org.apache.velocity.runtime.log.AvalonLogChute is not available (java.lang.NoClassDefFoundError: org/apache/log/format/Formatter).  Falling back to next log system...
2013-03-07 23:01:16,346 - Trying to use logger class org.apache.velocity.runtime.log.Log4JLogChute
2013-03-07 23:01:16,346 - Using logger class org.apache.velocity.runtime.log.Log4JLogChute
2013-03-07 23:01:16,393 - ResourceLoader instantiated: org.apache.velocity.runtime.resource.loader.FileResourceLoader
2013-03-07 23:01:16,393 - Do unicode file recognition:  false
2013-03-07 23:01:16,393 - FileResourceLoader : adding path '.'
2013-03-07 23:01:16,486 - ResourceCache: initialized (class org.apache.velocity.runtime.resource.ResourceCacheImpl) with class java.util.Collections$SynchronizedMap cache map.
2013-03-07 23:01:16,486 - Loaded System Directive: org.apache.velocity.runtime.directive.Stop
2013-03-07 23:01:16,502 - Loaded System Directive: org.apache.velocity.runtime.directive.Define
2013-03-07 23:01:16,502 - Loaded System Directive: org.apache.velocity.runtime.directive.Break
2013-03-07 23:01:16,502 - Loaded System Directive: org.apache.velocity.runtime.directive.Evaluate
2013-03-07 23:01:16,502 - Loaded System Directive: org.apache.velocity.runtime.directive.Literal
2013-03-07 23:01:16,518 - Loaded System Directive: org.apache.velocity.runtime.directive.Macro
2013-03-07 23:01:16,533 - Loaded System Directive: org.apache.velocity.runtime.directive.Parse
2013-03-07 23:01:16,533 - Loaded System Directive: org.apache.velocity.runtime.directive.Include
2013-03-07 23:01:16,533 - Loaded System Directive: org.apache.velocity.runtime.directive.Foreach
2013-03-07 23:01:16,736 - Created '20' parsers.
2013-03-07 23:01:16,767 - Velocimacro : "velocimacro.library" is not set.  Trying default library: VM_global_library.vm
2013-03-07 23:01:16,767 - Velocimacro : Default library not found.
2013-03-07 23:01:16,767 - Velocimacro : allowInline = true : VMs can be defined inline in templates
2013-03-07 23:01:16,767 - Velocimacro : allowInlineToOverride = false : VMs defined inline may NOT replace previous VM definitions
2013-03-07 23:01:16,767 - Velocimacro : allowInlineLocal = false : VMs defined inline will be global in scope if allowed.
2013-03-07 23:01:16,767 - Velocimacro : autoload off : VM system will not automatically reload global library macros
2013-03-07 23:01:16,861 - ResourceManager : found news_template.txt with loader org.apache.velocity.runtime.resource.loader.FileResourceLoader
2013-03-07 23:03:24,422 - Log4JLogChute initialized using file 'velocity.log'
2013-03-07 23:03:24,422 - Initializing Velocity, Calling init()...
2013-03-07 23:03:24,422 - Starting Apache Velocity v1.7 (compiled: 2010-11-19 12:14:37)
2013-03-07 23:03:24,422 - Default Properties File: org\apache\velocity\runtime\defaults\velocity.properties
2013-03-07 23:03:24,422 - Trying to use logger class org.apache.velocity.runtime.log.AvalonLogChute
2013-03-07 23:03:24,422 - Target log system for org.apache.velocity.runtime.log.AvalonLogChute is not available (java.lang.NoClassDefFoundError: org/apache/log/format/Formatter).  Falling back to next log system...
2013-03-07 23:03:24,422 - Trying to use logger class org.apache.velocity.runtime.log.Log4JLogChute
2013-03-07 23:03:24,422 - Using logger class org.apache.velocity.runtime.log.Log4JLogChute
2013-03-07 23:03:24,453 - ResourceLoader instantiated: org.apache.velocity.runtime.resource.loader.FileResourceLoader
2013-03-07 23:03:24,453 - Do unicode file recognition:  false
2013-03-07 23:03:24,453 - FileResourceLoader : adding path '.'
2013-03-07 23:03:24,516 - ResourceCache: initialized (class org.apache.velocity.runtime.resource.ResourceCacheImpl) with class java.util.Collections$SynchronizedMap cache map.
2013-03-07 23:03:24,516 - Loaded System Directive: org.apache.velocity.runtime.directive.Stop
2013-03-07 23:03:24,516 - Loaded System Directive: org.apache.velocity.runtime.directive.Define
2013-03-07 23:03:24,516 - Loaded System Directive: org.apache.velocity.runtime.directive.Break
2013-03-07 23:03:24,531 - Loaded System Directive: org.apache.velocity.runtime.directive.Evaluate
2013-03-07 23:03:24,531 - Loaded System Directive: org.apache.velocity.runtime.directive.Literal
2013-03-07 23:03:24,531 - Loaded System Directive: org.apache.velocity.runtime.directive.Macro
2013-03-07 23:03:24,531 - Loaded System Directive: org.apache.velocity.runtime.directive.Parse
2013-03-07 23:03:24,547 - Loaded System Directive: org.apache.velocity.runtime.directive.Include
2013-03-07 23:03:24,547 - Loaded System Directive: org.apache.velocity.runtime.directive.Foreach
2013-03-07 23:03:24,656 - Created '20' parsers.
2013-03-07 23:03:24,672 - Velocimacro : "velocimacro.library" is not set.  Trying default library: VM_global_library.vm
2013-03-07 23:03:24,672 - Velocimacro : Default library not found.
2013-03-07 23:03:24,672 - Velocimacro : allowInline = true : VMs can be defined inline in templates
2013-03-07 23:03:24,672 - Velocimacro : allowInlineToOverride = false : VMs defined inline may NOT replace previous VM definitions
2013-03-07 23:03:24,672 - Velocimacro : allowInlineLocal = false : VMs defined inline will be global in scope if allowed.
2013-03-07 23:03:24,672 - Velocimacro : autoload off : VM system will not automatically reload global library macros
2013-03-07 23:03:24,719 - ResourceManager : found news_template.txt with loader org.apache.velocity.runtime.resource.loader.FileResourceLoader
2013-03-11 21:58:03,637 - Log4JLogChute initialized using file 'velocity.log'
2013-03-11 21:58:03,652 - Initializing Velocity, Calling init()...
2013-03-11 21:58:03,652 - Starting Apache Velocity v1.7 (compiled: 2010-11-19 12:14:37)
2013-03-11 21:58:03,652 - Default Properties File: org\apache\velocity\runtime\defaults\velocity.properties
2013-03-11 21:58:03,652 - Trying to use logger class org.apache.velocity.runtime.log.AvalonLogChute
2013-03-11 21:58:03,652 - Target log system for org.apache.velocity.runtime.log.AvalonLogChute is not available (java.lang.NoClassDefFoundError: org/apache/log/format/Formatter).  Falling back to next log system...
2013-03-11 21:58:03,652 - Trying to use logger class org.apache.velocity.runtime.log.Log4JLogChute
2013-03-11 21:58:03,652 - Using logger class org.apache.velocity.runtime.log.Log4JLogChute
2013-03-11 21:58:03,668 - ResourceLoader instantiated: org.apache.velocity.runtime.resource.loader.FileResourceLoader
2013-03-11 21:58:03,668 - Do unicode file recognition:  false
2013-03-11 21:58:03,668 - FileResourceLoader : adding path '.'
2013-03-11 21:58:03,715 - ResourceCache: initialized (class org.apache.velocity.runtime.resource.ResourceCacheImpl) with class java.util.Collections$SynchronizedMap cache map.
2013-03-11 21:58:03,715 - Loaded System Directive: org.apache.velocity.runtime.directive.Stop
2013-03-11 21:58:03,715 - Loaded System Directive: org.apache.velocity.runtime.directive.Define
2013-03-11 21:58:03,730 - Loaded System Directive: org.apache.velocity.runtime.directive.Break
2013-03-11 21:58:03,730 - Loaded System Directive: org.apache.velocity.runtime.directive.Evaluate
2013-03-11 21:58:03,730 - Loaded System Directive: org.apache.velocity.runtime.directive.Literal
2013-03-11 21:58:03,730 - Loaded System Directive: org.apache.velocity.runtime.directive.Macro
2013-03-11 21:58:03,730 - Loaded System Directive: org.apache.velocity.runtime.directive.Parse
2013-03-11 21:58:03,746 - Loaded System Directive: org.apache.velocity.runtime.directive.Include
2013-03-11 21:58:03,746 - Loaded System Directive: org.apache.velocity.runtime.directive.Foreach
2013-03-11 21:58:03,855 - Created '20' parsers.
2013-03-11 21:58:03,871 - Velocimacro : "velocimacro.library" is not set.  Trying default library: VM_global_library.vm
2013-03-11 21:58:03,871 - Velocimacro : Default library not found.
2013-03-11 21:58:03,871 - Velocimacro : allowInline = true : VMs can be defined inline in templates
2013-03-11 21:58:03,871 - Velocimacro : allowInlineToOverride = false : VMs defined inline may NOT replace previous VM definitions
2013-03-11 21:58:03,871 - Velocimacro : allowInlineLocal = false : VMs defined inline will be global in scope if allowed.
2013-03-11 21:58:03,871 - Velocimacro : autoload off : VM system will not automatically reload global library macros
2013-03-11 21:58:03,917 - ResourceManager : found news_template.txt with loader org.apache.velocity.runtime.resource.loader.FileResourceLoader
