2016-03-03 20:23:52,193 - Trying to use logger class org.apache.velocity.runtime.log.AvalonLogChute
2016-03-03 20:23:52,193 - Target log system for org.apache.velocity.runtime.log.AvalonLogChute is not available (java.lang.NoClassDefFoundError: org/apache/log/format/Formatter).  Falling back to next log system...
2016-03-03 20:23:52,193 - Trying to use logger class org.apache.velocity.runtime.log.Log4JLogChute
2016-03-03 20:23:52,193 - Using logger class org.apache.velocity.runtime.log.Log4JLogChute
2016-03-03 20:23:52,212 - ResourceLoader instantiated: org.apache.velocity.runtime.resource.loader.FileResourceLoader
2016-03-03 20:23:52,215 - Do unicode file recognition:  false
2016-03-03 20:23:52,215 - FileResourceLoader : adding path '.'
2016-03-03 20:23:52,242 - ResourceCache: initialized (class org.apache.velocity.runtime.resource.ResourceCacheImpl) with class java.util.Collections$SynchronizedMap cache map.
2016-03-03 20:23:52,246 - Loaded System Directive: org.apache.velocity.runtime.directive.Stop
2016-03-03 20:23:52,252 - Loaded System Directive: org.apache.velocity.runtime.directive.Define
2016-03-03 20:23:52,254 - Loaded System Directive: org.apache.velocity.runtime.directive.Break
2016-03-03 20:23:52,255 - Loaded System Directive: org.apache.velocity.runtime.directive.Evaluate
2016-03-03 20:23:52,262 - Loaded System Directive: org.apache.velocity.runtime.directive.Literal
2016-03-03 20:23:52,265 - Loaded System Directive: org.apache.velocity.runtime.directive.Macro
2016-03-03 20:23:52,268 - Loaded System Directive: org.apache.velocity.runtime.directive.Parse
2016-03-03 20:23:52,270 - Loaded System Directive: org.apache.velocity.runtime.directive.Include
2016-03-03 20:23:52,272 - Loaded System Directive: org.apache.velocity.runtime.directive.Foreach
2016-03-03 20:23:52,326 - Created '20' parsers.
2016-03-03 20:23:52,344 - Velocimacro : "velocimacro.library" is not set.  Trying default library: VM_global_library.vm
2016-03-03 20:23:52,345 - Velocimacro : Default library not found.
2016-03-03 20:23:52,345 - Velocimacro : allowInline = true : VMs can be defined inline in templates
2016-03-03 20:23:52,345 - Velocimacro : allowInlineToOverride = false : VMs defined inline may NOT replace previous VM definitions
2016-03-03 20:23:52,345 - Velocimacro : allowInlineLocal = false : VMs defined inline will be global in scope if allowed.
2016-03-03 20:23:52,345 - Velocimacro : autoload off : VM system will not automatically reload global library macros
2016-03-03 20:23:52,370 - ResourceManager : found news_template.txt with loader org.apache.velocity.runtime.resource.loader.FileResourceLoader
2016-03-03 20:38:09,426 - Log4JLogChute initialized using file 'velocity.log'
2016-03-03 20:38:09,427 - Initializing Velocity, Calling init()...
2016-03-03 20:38:09,427 - Starting Apache Velocity v1.7 (compiled: 2010-11-19 12:14:37)
2016-03-03 20:38:09,428 - Default Properties File: org\apache\velocity\runtime\defaults\velocity.properties
2016-03-03 20:38:09,428 - Trying to use logger class org.apache.velocity.runtime.log.AvalonLogChute
2016-03-03 20:38:09,428 - Target log system for org.apache.velocity.runtime.log.AvalonLogChute is not available (java.lang.NoClassDefFoundError: org/apache/log/format/Formatter).  Falling back to next log system...
2016-03-03 20:38:09,428 - Trying to use logger class org.apache.velocity.runtime.log.Log4JLogChute
2016-03-03 20:38:09,428 - Using logger class org.apache.velocity.runtime.log.Log4JLogChute
2016-03-03 20:38:09,454 - ResourceLoader instantiated: org.apache.velocity.runtime.resource.loader.FileResourceLoader
2016-03-03 20:38:09,458 - Do unicode file recognition:  false
2016-03-03 20:38:09,458 - FileResourceLoader : adding path '.'
2016-03-03 20:38:09,482 - ResourceCache: initialized (class org.apache.velocity.runtime.resource.ResourceCacheImpl) with class java.util.Collections$SynchronizedMap cache map.
2016-03-03 20:38:09,485 - Loaded System Directive: org.apache.velocity.runtime.directive.Stop
2016-03-03 20:38:09,491 - Loaded System Directive: org.apache.velocity.runtime.directive.Define
2016-03-03 20:38:09,492 - Loaded System Directive: org.apache.velocity.runtime.directive.Break
2016-03-03 20:38:09,494 - Loaded System Directive: org.apache.velocity.runtime.directive.Evaluate
2016-03-03 20:38:09,497 - Loaded System Directive: org.apache.velocity.runtime.directive.Literal
2016-03-03 20:38:09,499 - Loaded System Directive: org.apache.velocity.runtime.directive.Macro
2016-03-03 20:38:09,501 - Loaded System Directive: org.apache.velocity.runtime.directive.Parse
2016-03-03 20:38:09,504 - Loaded System Directive: org.apache.velocity.runtime.directive.Include
2016-03-03 20:38:09,506 - Loaded System Directive: org.apache.velocity.runtime.directive.Foreach
2016-03-03 20:38:09,562 - Created '20' parsers.
2016-03-03 20:38:09,574 - Velocimacro : "velocimacro.library" is not set.  Trying default library: VM_global_library.vm
2016-03-03 20:38:09,574 - Velocimacro : Default library not found.
2016-03-03 20:38:09,574 - Velocimacro : allowInline = true : VMs can be defined inline in templates
2016-03-03 20:38:09,574 - Velocimacro : allowInlineToOverride = false : VMs defined inline may NOT replace previous VM definitions
2016-03-03 20:38:09,574 - Velocimacro : allowInlineLocal = false : VMs defined inline will be global in scope if allowed.
2016-03-03 20:38:09,574 - Velocimacro : autoload off : VM system will not automatically reload global library macros
2016-03-03 20:38:09,602 - ResourceManager : found news_template.txt with loader org.apache.velocity.runtime.resource.loader.FileResourceLoader
2016-03-03 20:43:11,145 - Log4JLogChute initialized using file 'velocity.log'
2016-03-03 20:43:11,148 - Initializing Velocity, Calling init()...
2016-03-03 20:43:11,148 - Starting Apache Velocity v1.7 (compiled: 2010-11-19 12:14:37)
2016-03-03 20:43:11,148 - Default Properties File: org\apache\velocity\runtime\defaults\velocity.properties
2016-03-03 20:43:11,148 - Trying to use logger class org.apache.velocity.runtime.log.AvalonLogChute
2016-03-03 20:43:11,148 - Target log system for org.apache.velocity.runtime.log.AvalonLogChute is not available (java.lang.NoClassDefFoundError: org/apache/log/format/Formatter).  Falling back to next log system...
2016-03-03 20:43:11,148 - Trying to use logger class org.apache.velocity.runtime.log.Log4JLogChute
2016-03-03 20:43:11,148 - Using logger class org.apache.velocity.runtime.log.Log4JLogChute
2016-03-03 20:43:11,156 - ResourceLoader instantiated: org.apache.velocity.runtime.resource.loader.FileResourceLoader
2016-03-03 20:43:11,159 - Do unicode file recognition:  false
2016-03-03 20:43:11,159 - FileResourceLoader : adding path '.'
2016-03-03 20:43:11,176 - ResourceCache: initialized (class org.apache.velocity.runtime.resource.ResourceCacheImpl) with class java.util.Collections$SynchronizedMap cache map.
2016-03-03 20:43:11,179 - Loaded System Directive: org.apache.velocity.runtime.directive.Stop
2016-03-03 20:43:11,182 - Loaded System Directive: org.apache.velocity.runtime.directive.Define
2016-03-03 20:43:11,183 - Loaded System Directive: org.apache.velocity.runtime.directive.Break
2016-03-03 20:43:11,184 - Loaded System Directive: org.apache.velocity.runtime.directive.Evaluate
2016-03-03 20:43:11,185 - Loaded System Directive: org.apache.velocity.runtime.directive.Literal
2016-03-03 20:43:11,190 - Loaded System Directive: org.apache.velocity.runtime.directive.Macro
2016-03-03 20:43:11,193 - Loaded System Directive: org.apache.velocity.runtime.directive.Parse
2016-03-03 20:43:11,196 - Loaded System Directive: org.apache.velocity.runtime.directive.Include
2016-03-03 20:43:11,198 - Loaded System Directive: org.apache.velocity.runtime.directive.Foreach
2016-03-03 20:43:11,241 - Created '20' parsers.
2016-03-03 20:43:11,259 - Velocimacro : "velocimacro.library" is not set.  Trying default library: VM_global_library.vm
2016-03-03 20:43:11,259 - Velocimacro : Default library not found.
2016-03-03 20:43:11,259 - Velocimacro : allowInline = true : VMs can be defined inline in templates
2016-03-03 20:43:11,259 - Velocimacro : allowInlineToOverride = false : VMs defined inline may NOT replace previous VM definitions
2016-03-03 20:43:11,259 - Velocimacro : allowInlineLocal = false : VMs defined inline will be global in scope if allowed.
2016-03-03 20:43:11,259 - Velocimacro : autoload off : VM system will not automatically reload global library macros
2016-03-03 20:43:11,288 - ResourceManager : found news_template.txt with loader org.apache.velocity.runtime.resource.loader.FileResourceLoader
2016-03-03 20:55:57,070 - Log4JLogChute initialized using file 'velocity.log'
2016-03-03 20:55:57,071 - Initializing Velocity, Calling init()...
2016-03-03 20:55:57,071 - Starting Apache Velocity v1.7 (compiled: 2010-11-19 12:14:37)
2016-03-03 20:55:57,071 - Default Properties File: org\apache\velocity\runtime\defaults\velocity.properties
2016-03-03 20:55:57,071 - Trying to use logger class org.apache.velocity.runtime.log.AvalonLogChute
2016-03-03 20:55:57,071 - Target log system for org.apache.velocity.runtime.log.AvalonLogChute is not available (java.lang.NoClassDefFoundError: org/apache/log/format/Formatter).  Falling back to next log system...
2016-03-03 20:55:57,071 - Trying to use logger class org.apache.velocity.runtime.log.Log4JLogChute
2016-03-03 20:55:57,072 - Using logger class org.apache.velocity.runtime.log.Log4JLogChute
2016-03-03 20:55:57,085 - ResourceLoader instantiated: org.apache.velocity.runtime.resource.loader.FileResourceLoader
2016-03-03 20:55:57,088 - Do unicode file recognition:  false
2016-03-03 20:55:57,088 - FileResourceLoader : adding path '.'
2016-03-03 20:55:57,111 - ResourceCache: initialized (class org.apache.velocity.runtime.resource.ResourceCacheImpl) with class java.util.Collections$SynchronizedMap cache map.
2016-03-03 20:55:57,113 - Loaded System Directive: org.apache.velocity.runtime.directive.Stop
2016-03-03 20:55:57,116 - Loaded System Directive: org.apache.velocity.runtime.directive.Define
2016-03-03 20:55:57,117 - Loaded System Directive: org.apache.velocity.runtime.directive.Break
2016-03-03 20:55:57,119 - Loaded System Directive: org.apache.velocity.runtime.directive.Evaluate
2016-03-03 20:55:57,120 - Loaded System Directive: org.apache.velocity.runtime.directive.Literal
2016-03-03 20:55:57,122 - Loaded System Directive: org.apache.velocity.runtime.directive.Macro
2016-03-03 20:55:57,125 - Loaded System Directive: org.apache.velocity.runtime.directive.Parse
2016-03-03 20:55:57,127 - Loaded System Directive: org.apache.velocity.runtime.directive.Include
2016-03-03 20:55:57,129 - Loaded System Directive: org.apache.velocity.runtime.directive.Foreach
2016-03-03 20:55:57,174 - Created '20' parsers.
2016-03-03 20:55:57,189 - Velocimacro : "velocimacro.library" is not set.  Trying default library: VM_global_library.vm
2016-03-03 20:55:57,189 - Velocimacro : Default library not found.
2016-03-03 20:55:57,189 - Velocimacro : allowInline = true : VMs can be defined inline in templates
2016-03-03 20:55:57,189 - Velocimacro : allowInlineToOverride = false : VMs defined inline may NOT replace previous VM definitions
2016-03-03 20:55:57,190 - Velocimacro : allowInlineLocal = false : VMs defined inline will be global in scope if allowed.
2016-03-03 20:55:57,190 - Velocimacro : autoload off : VM system will not automatically reload global library macros
2016-03-03 20:55:57,221 - ResourceManager : found news_template.txt with loader org.apache.velocity.runtime.resource.loader.FileResourceLoader
2016-03-03 20:58:19,346 - Log4JLogChute initialized using file 'velocity.log'
2016-03-03 20:58:19,347 - Initializing Velocity, Calling init()...
2016-03-03 20:58:19,347 - Starting Apache Velocity v1.7 (compiled: 2010-11-19 12:14:37)
2016-03-03 20:58:19,348 - Default Properties File: org\apache\velocity\runtime\defaults\velocity.properties
2016-03-03 20:58:19,348 - Trying to use logger class org.apache.velocity.runtime.log.AvalonLogChute
2016-03-03 20:58:19,348 - Target log system for org.apache.velocity.runtime.log.AvalonLogChute is not available (java.lang.NoClassDefFoundError: org/apache/log/format/Formatter).  Falling back to next log system...
2016-03-03 20:58:19,348 - Trying to use logger class org.apache.velocity.runtime.log.Log4JLogChute
2016-03-03 20:58:19,348 - Using logger class org.apache.velocity.runtime.log.Log4JLogChute
2016-03-03 20:58:19,364 - ResourceLoader instantiated: org.apache.velocity.runtime.resource.loader.FileResourceLoader
2016-03-03 20:58:19,367 - Do unicode file recognition:  false
2016-03-03 20:58:19,367 - FileResourceLoader : adding path '.'
2016-03-03 20:58:19,388 - ResourceCache: initialized (class org.apache.velocity.runtime.resource.ResourceCacheImpl) with class java.util.Collections$SynchronizedMap cache map.
2016-03-03 20:58:19,392 - Loaded System Directive: org.apache.velocity.runtime.directive.Stop
2016-03-03 20:58:19,395 - Loaded System Directive: org.apache.velocity.runtime.directive.Define
2016-03-03 20:58:19,397 - Loaded System Directive: org.apache.velocity.runtime.directive.Break
2016-03-03 20:58:19,399 - Loaded System Directive: org.apache.velocity.runtime.directive.Evaluate
2016-03-03 20:58:19,400 - Loaded System Directive: org.apache.velocity.runtime.directive.Literal
2016-03-03 20:58:19,403 - Loaded System Directive: org.apache.velocity.runtime.directive.Macro
2016-03-03 20:58:19,405 - Loaded System Directive: org.apache.velocity.runtime.directive.Parse
2016-03-03 20:58:19,408 - Loaded System Directive: org.apache.velocity.runtime.directive.Include
2016-03-03 20:58:19,410 - Loaded System Directive: org.apache.velocity.runtime.directive.Foreach
2016-03-03 20:58:19,459 - Created '20' parsers.
2016-03-03 20:58:19,476 - Velocimacro : "velocimacro.library" is not set.  Trying default library: VM_global_library.vm
2016-03-03 20:58:19,477 - Velocimacro : Default library not found.
2016-03-03 20:58:19,477 - Velocimacro : allowInline = true : VMs can be defined inline in templates
2016-03-03 20:58:19,477 - Velocimacro : allowInlineToOverride = false : VMs defined inline may NOT replace previous VM definitions
2016-03-03 20:58:19,477 - Velocimacro : allowInlineLocal = false : VMs defined inline will be global in scope if allowed.
2016-03-03 20:58:19,477 - Velocimacro : autoload off : VM system will not automatically reload global library macros
2016-03-03 20:58:19,501 - ResourceManager : found news_template.txt with loader org.apache.velocity.runtime.resource.loader.FileResourceLoader
2016-03-03 21:00:34,922 - Log4JLogChute initialized using file 'velocity.log'
2016-03-03 21:00:34,924 - Initializing Velocity, Calling init()...
2016-03-03 21:00:34,924 - Starting Apache Velocity v1.7 (compiled: 2010-11-19 12:14:37)
2016-03-03 21:00:34,924 - Default Properties File: org\apache\velocity\runtime\defaults\velocity.properties
2016-03-03 21:00:34,924 - Trying to use logger class org.apache.velocity.runtime.log.AvalonLogChute
2016-03-03 21:00:34,924 - Target log system for org.apache.velocity.runtime.log.AvalonLogChute is not available (java.lang.NoClassDefFoundError: org/apache/log/format/Formatter).  Falling back to next log system...
2016-03-03 21:00:34,924 - Trying to use logger class org.apache.velocity.runtime.log.Log4JLogChute
2016-03-03 21:00:34,924 - Using logger class org.apache.velocity.runtime.log.Log4JLogChute
2016-03-03 21:00:34,934 - ResourceLoader instantiated: org.apache.velocity.runtime.resource.loader.FileResourceLoader
2016-03-03 21:00:34,937 - Do unicode file recognition:  false
2016-03-03 21:00:34,937 - FileResourceLoader : adding path '.'
2016-03-03 21:00:34,957 - ResourceCache: initialized (class org.apache.velocity.runtime.resource.ResourceCacheImpl) with class java.util.Collections$SynchronizedMap cache map.
2016-03-03 21:00:34,960 - Loaded System Directive: org.apache.velocity.runtime.directive.Stop
2016-03-03 21:00:34,963 - Loaded System Directive: org.apache.velocity.runtime.directive.Define
2016-03-03 21:00:34,965 - Loaded System Directive: org.apache.velocity.runtime.directive.Break
2016-03-03 21:00:34,966 - Loaded System Directive: org.apache.velocity.runtime.directive.Evaluate
2016-03-03 21:00:34,967 - Loaded System Directive: org.apache.velocity.runtime.directive.Literal
2016-03-03 21:00:34,970 - Loaded System Directive: org.apache.velocity.runtime.directive.Macro
2016-03-03 21:00:34,973 - Loaded System Directive: org.apache.velocity.runtime.directive.Parse
2016-03-03 21:00:34,975 - Loaded System Directive: org.apache.velocity.runtime.directive.Include
2016-03-03 21:00:34,977 - Loaded System Directive: org.apache.velocity.runtime.directive.Foreach
2016-03-03 21:00:35,032 - Created '20' parsers.
2016-03-03 21:00:35,050 - Velocimacro : "velocimacro.library" is not set.  Trying default library: VM_global_library.vm
2016-03-03 21:00:35,050 - Velocimacro : Default library not found.
2016-03-03 21:00:35,050 - Velocimacro : allowInline = true : VMs can be defined inline in templates
2016-03-03 21:00:35,050 - Velocimacro : allowInlineToOverride = false : VMs defined inline may NOT replace previous VM definitions
2016-03-03 21:00:35,050 - Velocimacro : allowInlineLocal = false : VMs defined inline will be global in scope if allowed.
2016-03-03 21:00:35,051 - Velocimacro : autoload off : VM system will not automatically reload global library macros
2016-03-03 21:00:35,072 - ResourceManager : found news_template.txt with loader org.apache.velocity.runtime.resource.loader.FileResourceLoader
