2016-03-04 14:46:45,940- INFO(AccountFactory.java:207)[main]-URL: http://a.jimdo.com/app/auth/signin/authenticate
2016-03-04 14:46:49,026- INFO(AccountFactory.java:282)[main]-URL: http://www400.jimdo.com/app/auth/signin/start/?return=%2Fapp%2Fs17b69ed358058f76%2F%3Fsafemode%3D0
2016-03-04 14:46:49,550- INFO(AccountFactory.java:282)[main]-URL: http://www400.jimdo.com/app/s17b69ed358058f76/?safemode=0
2016-03-04 14:46:49,753- INFO(AccountFactory.java:282)[main]-URL: http://www400.jimdo.com/app/s17b69ed358058f76/pc161310ca5785d62/?safemode=0
2016-03-04 14:46:49,949- INFO(AccountFactory.java:282)[main]-URL: http://www400.jimdo.com/app/s17b69ed358058f76/pc161310ca5785d62/
2016-03-04 14:47:19,467- INFO(AccountFactory.java:207)[main]-URL: http://a.jimdo.com/app/auth/signin/authenticate
2016-03-04 14:47:22,484- INFO(AccountFactory.java:282)[main]-URL: http://www400.jimdo.com/app/auth/signin/start/?return=%2Fapp%2Fs17b69ed358058f76%2F%3Fsafemode%3D0
2016-03-04 14:47:23,033- INFO(AccountFactory.java:282)[main]-URL: http://www400.jimdo.com/app/s17b69ed358058f76/?safemode=0
2016-03-04 14:47:23,251- INFO(AccountFactory.java:282)[main]-URL: http://www400.jimdo.com/app/s17b69ed358058f76/pc161310ca5785d62/?safemode=0
2016-03-04 14:47:23,475- INFO(AccountFactory.java:282)[main]-URL: http://www400.jimdo.com/app/s17b69ed358058f76/pc161310ca5785d62/
2016-03-04 14:47:24,930- INFO(JimboTaskRunner.java:249)[main]-Task retrieved. File name: article_86106.txt
2016-03-04 14:47:24,972- INFO(AccountFactory.java:207)[main]-URL: http://a.jimdo.com/app/auth/signin/authenticate
2016-03-04 14:47:24,995- INFO(SnippetExtractor.java:218)[Thread-0]-Recude page from 29 to 9
2016-03-04 14:47:25,895- INFO(SnippetExtractor.java:218)[Thread-0]-Recude page from 9 to 3
2016-03-04 14:47:28,832- INFO(AccountFactory.java:282)[main]-URL: http://www400.jimdo.com/app/auth/signin/start/?return=%2Fapp%2Fs3d29025a2536d1e9%2F%3Fsafemode%3D0
2016-03-04 14:47:28,845- INFO(NewsPoster.java:442)[Thread-0]-URL: http://www400.jimdo.com/app/cms/poll/status/
2016-03-04 14:47:30,083- INFO(AccountFactory.java:282)[main]-URL: http://www400.jimdo.com/app/s3d29025a2536d1e9/?safemode=0
2016-03-04 14:47:30,428- INFO(NewsPoster.java:322)[Thread-0]-Status of htmlCode post:success
2016-03-04 14:47:30,483- INFO(AccountFactory.java:282)[main]-URL: http://www400.jimdo.com/app/s3d29025a2536d1e9/pba6cc6e7a2ac6726/?safemode=0
2016-03-04 14:47:30,879- INFO(AccountFactory.java:282)[main]-URL: http://www400.jimdo.com/app/s3d29025a2536d1e9/pba6cc6e7a2ac6726/
2016-03-04 14:47:30,996- INFO(NewsPoster.java:386)[Thread-0]-Error count:0
2016-03-04 14:47:30,997- INFO(NewsPoster.java:442)[Thread-0]-URL: http://www400.jimdo.com/app/cms/preview/index/pageId/2327646287
2016-03-04 14:47:32,002- INFO(JimboTaskRunner.java:249)[main]-Task retrieved. File name: article_86122.txt
2016-03-04 14:47:32,004- WARN(AccountFactory.java:407)[Thread-0]-MAX news count for account were posted ( news were posted). Account 1 was excluded from request at all
2016-03-04 14:47:32,008- INFO(SnippetExtractor.java:218)[Thread-1]-Recude page from 49 to 16
2016-03-04 14:47:32,009- INFO(AccountFactory.java:207)[main]-URL: http://a.jimdo.com/app/auth/signin/authenticate
2016-03-04 14:47:32,843- INFO(SnippetExtractor.java:218)[Thread-1]-Recude page from 16 to 5
2016-03-04 14:47:34,974- INFO(AccountFactory.java:282)[main]-URL: http://www400.jimdo.com/app/auth/signin/start/?return=%2Fapp%2Fsf8933c05dac9c0d0%2F%3Fsafemode%3D0
2016-03-04 14:47:35,372- INFO(NewsPoster.java:442)[Thread-1]-URL: http://www400.jimdo.com/app/cms/poll/status/
2016-03-04 14:47:35,675- INFO(AccountFactory.java:282)[main]-URL: http://www400.jimdo.com/app/sf8933c05dac9c0d0/?safemode=0
2016-03-04 14:47:35,924- INFO(AccountFactory.java:282)[main]-URL: http://www400.jimdo.com/app/sf8933c05dac9c0d0/pd9df4f6dc4659a8a/?safemode=0
2016-03-04 14:47:36,168- INFO(AccountFactory.java:282)[main]-URL: http://www400.jimdo.com/app/sf8933c05dac9c0d0/pd9df4f6dc4659a8a/
2016-03-04 14:47:36,883- INFO(NewsPoster.java:322)[Thread-1]-Status of htmlCode post:success
2016-03-04 14:47:37,127- INFO(JimboTaskRunner.java:249)[main]-Task retrieved. File name: article_86110.txt
2016-03-04 14:47:37,129- INFO(AccountFactory.java:207)[main]-URL: http://a.jimdo.com/app/auth/signin/authenticate
2016-03-04 14:47:37,129- INFO(SnippetExtractor.java:218)[Thread-2]-Recude page from 44 to 14
2016-03-04 14:47:37,328- INFO(NewsPoster.java:386)[Thread-1]-Error count:0
2016-03-04 14:47:37,328- INFO(NewsPoster.java:442)[Thread-1]-URL: http://www400.jimdo.com/app/cms/preview/index/pageId/2082790198
2016-03-04 14:47:40,016-ERROR(SnippetExtractor.java:400)[Thread-2]-Responce code not equals 200 for proxy SOCKS @ /46.161.60.34:1085
2016-03-04 14:47:40,018-ERROR(SnippetExtractor.java:179)[Thread-2]-Error occured during processing key: Download+(eBook)+Poison+and+Perfidy
java.io.IOException: Server returned HTTP response code: 403 for URL: https://www.google.com/search?q=Download+(eBook)+Poison+and+Perfidy&lr=lang_en&oe=utf-8&gws_rd=ssl&start=130
	at sun.reflect.NativeConstructorAccessorImpl.newInstance0(Native Method)
	at sun.reflect.NativeConstructorAccessorImpl.newInstance(Unknown Source)
	at sun.reflect.DelegatingConstructorAccessorImpl.newInstance(Unknown Source)
	at java.lang.reflect.Constructor.newInstance(Unknown Source)
	at sun.net.www.protocol.http.HttpURLConnection$10.run(Unknown Source)
	at sun.net.www.protocol.http.HttpURLConnection$10.run(Unknown Source)
	at java.security.AccessController.doPrivileged(Native Method)
	at sun.net.www.protocol.http.HttpURLConnection.getChainedException(Unknown Source)
	at sun.net.www.protocol.http.HttpURLConnection.getInputStream0(Unknown Source)
	at sun.net.www.protocol.http.HttpURLConnection.getInputStream(Unknown Source)
	at sun.net.www.protocol.https.HttpsURLConnectionImpl.getInputStream(Unknown Source)
	at com.fdt.scrapper.SnippetExtractor.loadPageContent(SnippetExtractor.java:408)
	at com.fdt.scrapper.SnippetExtractor.extractSnippetsFromPageContent(SnippetExtractor.java:612)
	at com.fdt.scrapper.SnippetExtractor.extractSnippetsFromPageContent(SnippetExtractor.java:591)
	at com.fdt.scrapper.SnippetExtractor.insertLinksToSnippets(SnippetExtractor.java:175)
	at com.fdt.scrapper.SnippetExtractor.extractSnippetsWithInsertedLinks(SnippetExtractor.java:692)
	at com.fdt.jimbo.JimboPosterThread.run(JimboPosterThread.java:113)
Caused by: java.io.IOException: Server returned HTTP response code: 403 for URL: https://www.google.com/search?q=Download+(eBook)+Poison+and+Perfidy&lr=lang_en&oe=utf-8&gws_rd=ssl&start=130
	at sun.net.www.protocol.http.HttpURLConnection.getInputStream0(Unknown Source)
	at sun.net.www.protocol.http.HttpURLConnection.getInputStream(Unknown Source)
	at java.net.HttpURLConnection.getResponseCode(Unknown Source)
	at sun.net.www.protocol.https.HttpsURLConnectionImpl.getResponseCode(Unknown Source)
	at com.fdt.scrapper.SnippetExtractor.loadPageContent(SnippetExtractor.java:397)
	... 5 more
2016-03-04 14:47:40,111- INFO(AccountFactory.java:282)[main]-URL: http://www400.jimdo.com/app/auth/signin/start/?return=%2Fapp%2Fs895948f1d653d920%2F%3Fsafemode%3D0
2016-03-04 14:47:40,589- INFO(AccountFactory.java:282)[main]-URL: http://www400.jimdo.com/app/s895948f1d653d920/?safemode=0
2016-03-04 14:47:40,659-ERROR(SnippetExtractor.java:400)[Thread-2]-Responce code not equals 200 for proxy SOCKS @ /188.72.127.153:1085
2016-03-04 14:47:40,660-ERROR(SnippetExtractor.java:179)[Thread-2]-Error occured during processing key: Download+(eBook)+Poison+and+Perfidy
java.io.IOException: Server returned HTTP response code: 403 for URL: https://www.google.com/search?q=Download+(eBook)+Poison+and+Perfidy&lr=lang_en&oe=utf-8&gws_rd=ssl&start=130
	at sun.reflect.NativeConstructorAccessorImpl.newInstance0(Native Method)
	at sun.reflect.NativeConstructorAccessorImpl.newInstance(Unknown Source)
	at sun.reflect.DelegatingConstructorAccessorImpl.newInstance(Unknown Source)
	at java.lang.reflect.Constructor.newInstance(Unknown Source)
	at sun.net.www.protocol.http.HttpURLConnection$10.run(Unknown Source)
	at sun.net.www.protocol.http.HttpURLConnection$10.run(Unknown Source)
	at java.security.AccessController.doPrivileged(Native Method)
	at sun.net.www.protocol.http.HttpURLConnection.getChainedException(Unknown Source)
	at sun.net.www.protocol.http.HttpURLConnection.getInputStream0(Unknown Source)
	at sun.net.www.protocol.http.HttpURLConnection.getInputStream(Unknown Source)
	at sun.net.www.protocol.https.HttpsURLConnectionImpl.getInputStream(Unknown Source)
	at com.fdt.scrapper.SnippetExtractor.loadPageContent(SnippetExtractor.java:408)
	at com.fdt.scrapper.SnippetExtractor.extractSnippetsFromPageContent(SnippetExtractor.java:612)
	at com.fdt.scrapper.SnippetExtractor.extractSnippetsFromPageContent(SnippetExtractor.java:591)
	at com.fdt.scrapper.SnippetExtractor.insertLinksToSnippets(SnippetExtractor.java:175)
	at com.fdt.scrapper.SnippetExtractor.extractSnippetsWithInsertedLinks(SnippetExtractor.java:692)
	at com.fdt.jimbo.JimboPosterThread.run(JimboPosterThread.java:113)
Caused by: java.io.IOException: Server returned HTTP response code: 403 for URL: https://www.google.com/search?q=Download+(eBook)+Poison+and+Perfidy&lr=lang_en&oe=utf-8&gws_rd=ssl&start=130
	at sun.net.www.protocol.http.HttpURLConnection.getInputStream0(Unknown Source)
	at sun.net.www.protocol.http.HttpURLConnection.getInputStream(Unknown Source)
	at java.net.HttpURLConnection.getResponseCode(Unknown Source)
	at sun.net.www.protocol.https.HttpsURLConnectionImpl.getResponseCode(Unknown Source)
	at com.fdt.scrapper.SnippetExtractor.loadPageContent(SnippetExtractor.java:397)
	... 5 more
2016-03-04 14:47:40,788- INFO(AccountFactory.java:282)[main]-URL: http://www400.jimdo.com/app/s895948f1d653d920/pdf0bbdc14eb5a61c/?safemode=0
2016-03-04 14:47:40,992- INFO(AccountFactory.java:282)[main]-URL: http://www400.jimdo.com/app/s895948f1d653d920/pdf0bbdc14eb5a61c/
2016-03-04 14:47:41,549-ERROR(SnippetExtractor.java:400)[Thread-2]-Responce code not equals 200 for proxy SOCKS @ /185.44.79.13:1085
2016-03-04 14:47:41,550-ERROR(SnippetExtractor.java:179)[Thread-2]-Error occured during processing key: Download+(eBook)+Poison+and+Perfidy
java.io.IOException: Server returned HTTP response code: 403 for URL: https://www.google.com/search?q=Download+(eBook)+Poison+and+Perfidy&lr=lang_en&oe=utf-8&gws_rd=ssl&start=130
	at sun.reflect.NativeConstructorAccessorImpl.newInstance0(Native Method)
	at sun.reflect.NativeConstructorAccessorImpl.newInstance(Unknown Source)
	at sun.reflect.DelegatingConstructorAccessorImpl.newInstance(Unknown Source)
	at java.lang.reflect.Constructor.newInstance(Unknown Source)
	at sun.net.www.protocol.http.HttpURLConnection$10.run(Unknown Source)
	at sun.net.www.protocol.http.HttpURLConnection$10.run(Unknown Source)
	at java.security.AccessController.doPrivileged(Native Method)
	at sun.net.www.protocol.http.HttpURLConnection.getChainedException(Unknown Source)
	at sun.net.www.protocol.http.HttpURLConnection.getInputStream0(Unknown Source)
	at sun.net.www.protocol.http.HttpURLConnection.getInputStream(Unknown Source)
	at sun.net.www.protocol.https.HttpsURLConnectionImpl.getInputStream(Unknown Source)
	at com.fdt.scrapper.SnippetExtractor.loadPageContent(SnippetExtractor.java:408)
	at com.fdt.scrapper.SnippetExtractor.extractSnippetsFromPageContent(SnippetExtractor.java:612)
	at com.fdt.scrapper.SnippetExtractor.extractSnippetsFromPageContent(SnippetExtractor.java:591)
	at com.fdt.scrapper.SnippetExtractor.insertLinksToSnippets(SnippetExtractor.java:175)
	at com.fdt.scrapper.SnippetExtractor.extractSnippetsWithInsertedLinks(SnippetExtractor.java:692)
	at com.fdt.jimbo.JimboPosterThread.run(JimboPosterThread.java:113)
Caused by: java.io.IOException: Server returned HTTP response code: 403 for URL: https://www.google.com/search?q=Download+(eBook)+Poison+and+Perfidy&lr=lang_en&oe=utf-8&gws_rd=ssl&start=130
	at sun.net.www.protocol.http.HttpURLConnection.getInputStream0(Unknown Source)
	at sun.net.www.protocol.http.HttpURLConnection.getInputStream(Unknown Source)
	at java.net.HttpURLConnection.getResponseCode(Unknown Source)
	at sun.net.www.protocol.https.HttpsURLConnectionImpl.getResponseCode(Unknown Source)
	at com.fdt.scrapper.SnippetExtractor.loadPageContent(SnippetExtractor.java:397)
	... 5 more
2016-03-04 14:47:41,978- INFO(JimboTaskRunner.java:249)[main]-Task retrieved. File name: article_86125.txt
2016-03-04 14:47:41,979- WARN(AccountFactory.java:407)[Thread-1]-MAX news count for account were posted ( news were posted). Account 1 was excluded from request at all
2016-03-04 14:47:41,980- INFO(AccountFactory.java:207)[main]-URL: http://a.jimdo.com/app/auth/signin/authenticate
2016-03-04 14:47:41,981- INFO(SnippetExtractor.java:218)[Thread-3]-Recude page from 41 to 13
2016-03-04 14:47:42,509- INFO(SnippetExtractor.java:218)[Thread-3]-Recude page from 13 to 4
2016-03-04 14:47:44,084- INFO(SnippetExtractor.java:218)[Thread-2]-Recude page from 14 to 4
2016-03-04 14:47:44,865- INFO(NewsPoster.java:442)[Thread-3]-URL: http://www400.jimdo.com/app/cms/poll/status/
2016-03-04 14:47:44,932- INFO(AccountFactory.java:282)[main]-URL: http://www400.jimdo.com/app/auth/signin/start/?return=%2Fapp%2Fs1edaf5dc21099be9%2F%3Fsafemode%3D0
2016-03-04 14:47:45,607- INFO(AccountFactory.java:282)[main]-URL: http://www400.jimdo.com/app/s1edaf5dc21099be9/?safemode=0
2016-03-04 14:47:45,827- INFO(AccountFactory.java:282)[main]-URL: http://www400.jimdo.com/app/s1edaf5dc21099be9/p0df17c7bf960efb7/?safemode=0
2016-03-04 14:47:46,034- INFO(NewsPoster.java:322)[Thread-3]-Status of htmlCode post:success
2016-03-04 14:47:46,037- INFO(AccountFactory.java:282)[main]-URL: http://www400.jimdo.com/app/s1edaf5dc21099be9/p0df17c7bf960efb7/
2016-03-04 14:47:46,490- INFO(NewsPoster.java:386)[Thread-3]-Error count:0
2016-03-04 14:47:46,490- INFO(NewsPoster.java:442)[Thread-3]-URL: http://www400.jimdo.com/app/cms/preview/index/pageId/2544578222
2016-03-04 14:47:46,779- INFO(NewsPoster.java:442)[Thread-2]-URL: http://www400.jimdo.com/app/cms/poll/status/
2016-03-04 14:47:46,976- INFO(JimboTaskRunner.java:249)[main]-Task retrieved. File name: article_86119.txt
2016-03-04 14:47:46,978- WARN(AccountFactory.java:407)[Thread-3]-MAX news count for account were posted ( news were posted). Account 1 was excluded from request at all
2016-03-04 14:47:46,978- INFO(SnippetExtractor.java:218)[Thread-4]-Recude page from 37 to 12
2016-03-04 14:47:47,627- INFO(SnippetExtractor.java:218)[Thread-4]-Recude page from 12 to 4
2016-03-04 14:47:47,827- INFO(NewsPoster.java:322)[Thread-2]-Status of htmlCode post:success
2016-03-04 14:47:48,235- INFO(NewsPoster.java:386)[Thread-2]-Error count:0
2016-03-04 14:47:48,235- INFO(NewsPoster.java:442)[Thread-2]-URL: http://www400.jimdo.com/app/cms/preview/index/pageId/2598150225
2016-03-04 14:47:48,461- WARN(AccountFactory.java:407)[Thread-2]-MAX news count for account were posted ( news were posted). Account 1 was excluded from request at all
2016-03-04 14:47:49,845- INFO(NewsPoster.java:442)[Thread-4]-URL: http://www400.jimdo.com/app/cms/poll/status/
2016-03-04 14:47:50,982- INFO(NewsPoster.java:322)[Thread-4]-Status of htmlCode post:success
2016-03-04 14:47:51,475- INFO(NewsPoster.java:386)[Thread-4]-Error count:0
2016-03-04 14:47:51,475- INFO(NewsPoster.java:442)[Thread-4]-URL: http://www400.jimdo.com/app/cms/preview/index/pageId/2078939097
2016-03-04 14:47:51,744- WARN(AccountFactory.java:407)[Thread-4]-MAX news count for account were posted ( news were posted). Account 1 was excluded from request at all
2016-03-04 14:47:51,978- INFO(JimboTaskRunner.java:290)[main]-Task factory is empty: false. Current working threads count is 0
2016-03-04 14:47:51,978- INFO(JimboTaskRunner.java:291)[main]-Error tasks: 0
2016-03-04 14:47:51,978- INFO(JimboTaskRunner.java:318)[main]-Starting saving unused account...
2016-03-04 14:47:51,979- INFO(JimboTaskRunner.java:325)[main]-Unused accounts was saved successfully.
