2016-01-06 15:23:19,493- INFO(DoorgenUpdaterRunner.java:115)-0 deprecated records were deleted from table
2016-01-06 15:48:34,964- INFO(DoorgenUpdaterRunner.java:115)-0 deprecated records were deleted from table
2016-01-06 15:52:05,304- INFO(DoorgenUpdaterRunner.java:115)-0 deprecated records were deleted from table
2016-01-06 15:53:49,220- INFO(DoorgenUpdaterRunner.java:115)-0 deprecated records were deleted from table
2016-01-06 15:54:49,736- INFO(DoorgenUpdaterRunner.java:115)-0 deprecated records were deleted from table
2016-01-12 16:27:21,220- INFO(DoorgenUpdaterRunner.java:117)-0 deprecated records were deleted from table
2016-01-14 21:34:57,829- INFO(DoorgenUpdaterRunner.java:105)-Page with page_content.id=13 will be replaced with page_content.id=28450
2016-01-14 21:55:25,718- INFO(DoorgenUpdaterRunner.java:105)-Page with page_content.id=951 will be replaced with page_content.id=28451
2016-01-14 21:57:57,852- INFO(DoorgenUpdaterRunner.java:105)-Page with page_content.id=951 will be replaced with page_content.id=28452
2016-01-14 21:58:17,127- INFO(DoorgenUpdaterRunner.java:117)-0 deprecated records were deleted from table
2016-01-14 22:31:46,721- INFO(DoorgenUpdaterRunner.java:105)-Page with page_content.id=951 will be replaced with page_content.id=28453
2016-01-14 22:34:26,624- INFO(DoorgenUpdaterRunner.java:105)-Page with page_content.id=951 will be replaced with page_content.id=-1
2016-01-16 13:07:26,637- INFO(DoorgenUpdaterRunner.java:108)-Page with page_content.id=28 will be replaced with page_content.id=28456
2016-01-16 13:07:55,957- INFO(DoorgenUpdaterRunner.java:108)-Page with page_content.id=30 will be replaced with page_content.id=28457
2016-01-16 13:08:01,895- INFO(DoorgenUpdaterRunner.java:108)-Page with page_content.id=10 will be replaced with page_content.id=28458
2016-01-16 13:08:03,193- INFO(DoorgenUpdaterRunner.java:108)-Page with page_content.id=9 will be replaced with page_content.id=28459
2016-01-16 13:08:04,398- INFO(DoorgenUpdaterRunner.java:108)-Page with page_content.id=14 will be replaced with page_content.id=28460
2016-01-16 13:08:08,397- INFO(DoorgenUpdaterRunner.java:120)-0 deprecated records were deleted from table
2016-01-16 13:17:59,794- INFO(DoorgenUpdaterRunner.java:119)-1 deprecated records were deleted from table
2016-01-16 14:02:09,502- INFO(DoorgenUpdaterRunner.java:119)-0 deprecated records were deleted from table
2016-02-01 12:18:24,709- INFO(DoorgenUpdaterRunner.java:109)-Page with page_content.id=-1 will be replaced with page_content.id=37855
2016-02-01 12:19:58,703- INFO(DoorgenUpdaterRunner.java:109)-Page with page_content.id=-1 will be replaced with page_content.id=37856
2016-02-01 12:20:06,725- INFO(DoorgenUpdaterRunner.java:109)-Page with page_content.id=-1 will be replaced with page_content.id=37857
2016-02-01 12:20:08,793- INFO(DoorgenUpdaterRunner.java:109)-Page with page_content.id=-1 will be replaced with page_content.id=37858
2016-02-01 12:20:11,068- INFO(DoorgenUpdaterRunner.java:109)-Page with page_content.id=-1 will be replaced with page_content.id=37859
2016-02-01 12:20:12,385- INFO(DoorgenUpdaterRunner.java:109)-Page with page_content.id=-1 will be replaced with page_content.id=37860
2016-02-01 12:20:14,607- INFO(DoorgenUpdaterRunner.java:109)-Page with page_content.id=-1 will be replaced with page_content.id=37861
2016-02-01 12:20:16,785- INFO(DoorgenUpdaterRunner.java:109)-Page with page_content.id=-1 will be replaced with page_content.id=37862
2016-02-01 12:20:18,597- INFO(DoorgenUpdaterRunner.java:109)-Page with page_content.id=-1 will be replaced with page_content.id=37863
2016-02-01 12:20:21,172- INFO(DoorgenUpdaterRunner.java:109)-Page with page_content.id=-1 will be replaced with page_content.id=37864
2016-02-01 12:20:23,292- INFO(DoorgenUpdaterRunner.java:109)-Page with page_content.id=-1 will be replaced with page_content.id=37865
2016-02-01 12:20:25,203- INFO(DoorgenUpdaterRunner.java:109)-Page with page_content.id=-1 will be replaced with page_content.id=37866
2016-02-01 12:20:26,995- INFO(DoorgenUpdaterRunner.java:109)-Page with page_content.id=-1 will be replaced with page_content.id=37867
2016-02-01 12:20:29,668- INFO(DoorgenUpdaterRunner.java:109)-Page with page_content.id=-1 will be replaced with page_content.id=37868
2016-02-01 12:20:32,069- INFO(DoorgenUpdaterRunner.java:109)-Page with page_content.id=-1 will be replaced with page_content.id=37869
2016-02-01 12:20:33,940- INFO(DoorgenUpdaterRunner.java:109)-Page with page_content.id=-1 will be replaced with page_content.id=37870
2016-02-01 12:20:35,284- INFO(DoorgenUpdaterRunner.java:109)-Page with page_content.id=-1 will be replaced with page_content.id=37871
2016-02-01 12:20:36,958- INFO(DoorgenUpdaterRunner.java:109)-Page with page_content.id=-1 will be replaced with page_content.id=37872
2016-02-01 12:20:39,108- INFO(DoorgenUpdaterRunner.java:109)-Page with page_content.id=-1 will be replaced with page_content.id=37873
2016-02-01 12:20:41,100- INFO(DoorgenUpdaterRunner.java:109)-Page with page_content.id=-1 will be replaced with page_content.id=37874
2016-02-01 12:20:43,094- INFO(DoorgenUpdaterRunner.java:109)-Page with page_content.id=-1 will be replaced with page_content.id=37875
2016-02-01 12:20:44,304- INFO(DoorgenUpdaterRunner.java:109)-Page with page_content.id=-1 will be replaced with page_content.id=37876
2016-02-01 12:20:45,801- INFO(DoorgenUpdaterRunner.java:109)-Page with page_content.id=-1 will be replaced with page_content.id=37877
2016-02-01 12:20:48,214- INFO(DoorgenUpdaterRunner.java:109)-Page with page_content.id=-1 will be replaced with page_content.id=37878
2016-02-01 12:20:50,488- INFO(DoorgenUpdaterRunner.java:109)-Page with page_content.id=-1 will be replaced with page_content.id=37879
2016-02-01 12:20:52,313- INFO(DoorgenUpdaterRunner.java:109)-Page with page_content.id=-1 will be replaced with page_content.id=37880
2016-02-01 12:20:54,669- INFO(DoorgenUpdaterRunner.java:109)-Page with page_content.id=-1 will be replaced with page_content.id=37881
2016-02-01 12:20:56,528- INFO(DoorgenUpdaterRunner.java:109)-Page with page_content.id=-1 will be replaced with page_content.id=37882
2016-02-01 12:20:58,212- INFO(DoorgenUpdaterRunner.java:109)-Page with page_content.id=-1 will be replaced with page_content.id=37883
2016-02-01 12:21:00,366- INFO(DoorgenUpdaterRunner.java:109)-Page with page_content.id=-1 will be replaced with page_content.id=37884
2016-02-01 12:21:01,726- INFO(DoorgenUpdaterRunner.java:109)-Page with page_content.id=-1 will be replaced with page_content.id=37885
2016-02-01 12:21:02,931- INFO(DoorgenUpdaterRunner.java:109)-Page with page_content.id=-1 will be replaced with page_content.id=37886
2016-02-01 12:21:04,484- INFO(DoorgenUpdaterRunner.java:109)-Page with page_content.id=-1 will be replaced with page_content.id=37887
2016-02-01 12:21:13,009- INFO(DoorgenUpdaterRunner.java:109)-Page with page_content.id=-1 will be replaced with page_content.id=37888
2016-02-01 12:21:14,941- INFO(DoorgenUpdaterRunner.java:109)-Page with page_content.id=-1 will be replaced with page_content.id=37889
2016-02-01 12:21:16,649- INFO(DoorgenUpdaterRunner.java:109)-Page with page_content.id=-1 will be replaced with page_content.id=37890
2016-02-01 12:21:18,559- INFO(DoorgenUpdaterRunner.java:109)-Page with page_content.id=-1 will be replaced with page_content.id=37891
2016-02-01 12:21:20,707- INFO(DoorgenUpdaterRunner.java:109)-Page with page_content.id=-1 will be replaced with page_content.id=37892
2016-02-01 12:21:22,384- INFO(DoorgenUpdaterRunner.java:109)-Page with page_content.id=-1 will be replaced with page_content.id=37893
2016-02-01 12:21:24,889- INFO(DoorgenUpdaterRunner.java:109)-Page with page_content.id=-1 will be replaced with page_content.id=37894
2016-02-01 12:21:26,850- INFO(DoorgenUpdaterRunner.java:109)-Page with page_content.id=-1 will be replaced with page_content.id=37895
2016-02-01 12:21:28,935- INFO(DoorgenUpdaterRunner.java:109)-Page with page_content.id=-1 will be replaced with page_content.id=37896
2016-02-01 12:21:31,090- INFO(DoorgenUpdaterRunner.java:109)-Page with page_content.id=-1 will be replaced with page_content.id=37897
2016-02-01 12:21:32,760- INFO(DoorgenUpdaterRunner.java:109)-Page with page_content.id=-1 will be replaced with page_content.id=37898
2016-02-01 12:21:34,314- INFO(DoorgenUpdaterRunner.java:109)-Page with page_content.id=-1 will be replaced with page_content.id=37899
2016-02-01 12:21:35,868- INFO(DoorgenUpdaterRunner.java:109)-Page with page_content.id=-1 will be replaced with page_content.id=37900
2016-02-01 12:21:37,896- INFO(DoorgenUpdaterRunner.java:109)-Page with page_content.id=-1 will be replaced with page_content.id=37901
2016-02-01 12:21:39,725- INFO(DoorgenUpdaterRunner.java:109)-Page with page_content.id=-1 will be replaced with page_content.id=37902
2016-02-01 12:21:41,646- INFO(DoorgenUpdaterRunner.java:109)-Page with page_content.id=-1 will be replaced with page_content.id=37903
2016-02-01 12:21:43,080- INFO(DoorgenUpdaterRunner.java:109)-Page with page_content.id=-1 will be replaced with page_content.id=37904
2016-02-01 12:21:44,887- INFO(DoorgenUpdaterRunner.java:109)-Page with page_content.id=-1 will be replaced with page_content.id=37905
2016-02-01 12:21:47,633- INFO(DoorgenUpdaterRunner.java:109)-Page with page_content.id=-1 will be replaced with page_content.id=37906
2016-02-01 12:21:49,093- INFO(DoorgenUpdaterRunner.java:109)-Page with page_content.id=-1 will be replaced with page_content.id=37907
2016-02-01 12:21:51,240- INFO(DoorgenUpdaterRunner.java:109)-Page with page_content.id=-1 will be replaced with page_content.id=37908
2016-02-01 12:21:53,745- INFO(DoorgenUpdaterRunner.java:109)-Page with page_content.id=-1 will be replaced with page_content.id=37909
2016-02-01 12:21:56,130- INFO(DoorgenUpdaterRunner.java:109)-Page with page_content.id=-1 will be replaced with page_content.id=37910
2016-02-01 12:21:57,204- INFO(DoorgenUpdaterRunner.java:109)-Page with page_content.id=-1 will be replaced with page_content.id=37911
2016-02-01 12:21:59,235- INFO(DoorgenUpdaterRunner.java:109)-Page with page_content.id=-1 will be replaced with page_content.id=37912
2016-02-01 12:22:00,903- INFO(DoorgenUpdaterRunner.java:109)-Page with page_content.id=-1 will be replaced with page_content.id=37913
2016-02-01 12:22:02,357- INFO(DoorgenUpdaterRunner.java:109)-Page with page_content.id=-1 will be replaced with page_content.id=37914
2016-02-01 12:22:04,149- INFO(DoorgenUpdaterRunner.java:109)-Page with page_content.id=-1 will be replaced with page_content.id=37915
2016-02-01 12:30:47,350- INFO(DoorgenUpdaterRunner.java:125)-0 deprecated records were deleted from table
2016-02-01 12:31:00,354- INFO(DoorgenUpdaterRunner.java:125)-0 deprecated records were deleted from table
2016-02-01 12:35:03,297- INFO(DoorgenUpdaterRunner.java:115)-Page with page_content.id=-1 will be replaced with page_content.id=38007
2016-02-01 12:36:37,006- INFO(DoorgenUpdaterRunner.java:115)-Page with page_content.id=-1 will be replaced with page_content.id=38008
2016-02-01 12:36:41,344- INFO(DoorgenUpdaterRunner.java:115)-Page with page_content.id=-1 will be replaced with page_content.id=38009
2016-02-01 12:36:42,462- INFO(DoorgenUpdaterRunner.java:115)-Page with page_content.id=-1 will be replaced with page_content.id=38010
2016-02-01 12:36:44,808- INFO(DoorgenUpdaterRunner.java:115)-Page with page_content.id=-1 will be replaced with page_content.id=38011
2016-02-01 12:36:46,664- INFO(DoorgenUpdaterRunner.java:115)-Page with page_content.id=-1 will be replaced with page_content.id=38012
2016-02-01 12:36:49,130- INFO(DoorgenUpdaterRunner.java:115)-Page with page_content.id=-1 will be replaced with page_content.id=38013
2016-02-01 12:36:51,596- INFO(DoorgenUpdaterRunner.java:115)-Page with page_content.id=-1 will be replaced with page_content.id=38014
2016-02-01 12:36:54,435- INFO(DoorgenUpdaterRunner.java:115)-Page with page_content.id=-1 will be replaced with page_content.id=38015
2016-02-01 12:36:56,654- INFO(DoorgenUpdaterRunner.java:115)-Page with page_content.id=-1 will be replaced with page_content.id=38016
2016-02-01 12:36:58,136- INFO(DoorgenUpdaterRunner.java:115)-Page with page_content.id=-1 will be replaced with page_content.id=38017
2016-02-01 12:36:59,617- INFO(DoorgenUpdaterRunner.java:115)-Page with page_content.id=-1 will be replaced with page_content.id=38018
2016-02-01 12:37:01,219- INFO(DoorgenUpdaterRunner.java:115)-Page with page_content.id=-1 will be replaced with page_content.id=38019
2016-02-01 12:37:03,193- INFO(DoorgenUpdaterRunner.java:115)-Page with page_content.id=-1 will be replaced with page_content.id=38020
2016-02-01 12:37:05,537- INFO(DoorgenUpdaterRunner.java:115)-Page with page_content.id=-1 will be replaced with page_content.id=38021
2016-02-01 12:37:07,759- INFO(DoorgenUpdaterRunner.java:115)-Page with page_content.id=-1 will be replaced with page_content.id=38022
2016-02-01 12:37:09,259- INFO(DoorgenUpdaterRunner.java:115)-Page with page_content.id=-1 will be replaced with page_content.id=38023
2016-02-01 12:37:10,620- INFO(DoorgenUpdaterRunner.java:115)-Page with page_content.id=-1 will be replaced with page_content.id=38024
2016-02-01 12:37:12,472- INFO(DoorgenUpdaterRunner.java:115)-Page with page_content.id=-1 will be replaced with page_content.id=38025
2016-02-01 12:37:13,831- INFO(DoorgenUpdaterRunner.java:115)-Page with page_content.id=-1 will be replaced with page_content.id=38026
2016-02-01 12:37:16,177- INFO(DoorgenUpdaterRunner.java:115)-Page with page_content.id=-1 will be replaced with page_content.id=38027
2016-02-01 12:37:17,903- INFO(DoorgenUpdaterRunner.java:115)-Page with page_content.id=-1 will be replaced with page_content.id=38028
2016-02-01 12:37:20,150- INFO(DoorgenUpdaterRunner.java:115)-Page with page_content.id=-1 will be replaced with page_content.id=38029
2016-02-01 12:37:22,028- INFO(DoorgenUpdaterRunner.java:115)-Page with page_content.id=-1 will be replaced with page_content.id=38030
2016-02-01 12:37:23,263- INFO(DoorgenUpdaterRunner.java:115)-Page with page_content.id=-1 will be replaced with page_content.id=38031
2016-02-01 12:37:25,117- INFO(DoorgenUpdaterRunner.java:115)-Page with page_content.id=-1 will be replaced with page_content.id=38032
2016-02-01 12:37:27,580- INFO(DoorgenUpdaterRunner.java:115)-Page with page_content.id=-1 will be replaced with page_content.id=38033
2016-02-01 12:37:29,004- INFO(DoorgenUpdaterRunner.java:115)-Page with page_content.id=-1 will be replaced with page_content.id=38034
2016-02-01 12:37:30,861- INFO(DoorgenUpdaterRunner.java:115)-Page with page_content.id=-1 will be replaced with page_content.id=38035
2016-02-01 12:37:33,201- INFO(DoorgenUpdaterRunner.java:115)-Page with page_content.id=-1 will be replaced with page_content.id=38036
2016-02-01 12:37:35,552- INFO(DoorgenUpdaterRunner.java:115)-Page with page_content.id=-1 will be replaced with page_content.id=38037
2016-02-01 12:37:37,506- INFO(DoorgenUpdaterRunner.java:115)-Page with page_content.id=-1 will be replaced with page_content.id=38038
2016-02-01 12:37:39,209- INFO(DoorgenUpdaterRunner.java:115)-Page with page_content.id=-1 will be replaced with page_content.id=38039
2016-02-01 12:37:41,815- INFO(DoorgenUpdaterRunner.java:115)-Page with page_content.id=-1 will be replaced with page_content.id=38040
2016-02-01 12:37:43,944- INFO(DoorgenUpdaterRunner.java:115)-Page with page_content.id=-1 will be replaced with page_content.id=38041
2016-02-01 12:37:45,668- INFO(DoorgenUpdaterRunner.java:115)-Page with page_content.id=-1 will be replaced with page_content.id=38042
2016-02-01 12:37:48,627- INFO(DoorgenUpdaterRunner.java:115)-Page with page_content.id=-1 will be replaced with page_content.id=38043
2016-02-01 12:37:50,110- INFO(DoorgenUpdaterRunner.java:115)-Page with page_content.id=-1 will be replaced with page_content.id=38044
2016-02-01 12:37:52,063- INFO(DoorgenUpdaterRunner.java:115)-Page with page_content.id=-1 will be replaced with page_content.id=38045
2016-02-01 12:37:54,568- INFO(DoorgenUpdaterRunner.java:115)-Page with page_content.id=-1 will be replaced with page_content.id=38046
2016-02-01 12:37:56,831- INFO(DoorgenUpdaterRunner.java:115)-Page with page_content.id=-1 will be replaced with page_content.id=38047
2016-02-01 12:37:58,934- INFO(DoorgenUpdaterRunner.java:115)-Page with page_content.id=-1 will be replaced with page_content.id=38048
2016-02-01 12:38:00,664- INFO(DoorgenUpdaterRunner.java:115)-Page with page_content.id=-1 will be replaced with page_content.id=38049
2016-02-01 12:38:03,005- INFO(DoorgenUpdaterRunner.java:115)-Page with page_content.id=-1 will be replaced with page_content.id=38050
2016-02-01 12:38:05,468- INFO(DoorgenUpdaterRunner.java:115)-Page with page_content.id=-1 will be replaced with page_content.id=38051
2016-02-01 12:38:07,686- INFO(DoorgenUpdaterRunner.java:115)-Page with page_content.id=-1 will be replaced with page_content.id=38052
2016-02-01 12:38:09,659- INFO(DoorgenUpdaterRunner.java:115)-Page with page_content.id=-1 will be replaced with page_content.id=38053
2016-02-01 12:38:11,878- INFO(DoorgenUpdaterRunner.java:115)-Page with page_content.id=-1 will be replaced with page_content.id=38054
2016-02-01 12:38:14,223- INFO(DoorgenUpdaterRunner.java:115)-Page with page_content.id=-1 will be replaced with page_content.id=38055
2016-02-01 12:38:16,071- INFO(DoorgenUpdaterRunner.java:115)-Page with page_content.id=-1 will be replaced with page_content.id=38056
2016-02-01 12:38:17,677- INFO(DoorgenUpdaterRunner.java:115)-Page with page_content.id=-1 will be replaced with page_content.id=38057
2016-02-01 12:38:20,142- INFO(DoorgenUpdaterRunner.java:115)-Page with page_content.id=-1 will be replaced with page_content.id=38058
2016-02-01 12:38:22,396- INFO(DoorgenUpdaterRunner.java:115)-Page with page_content.id=-1 will be replaced with page_content.id=38059
2016-02-01 12:38:23,644- INFO(DoorgenUpdaterRunner.java:115)-Page with page_content.id=-1 will be replaced with page_content.id=38060
2016-02-01 12:38:25,245- INFO(DoorgenUpdaterRunner.java:115)-Page with page_content.id=-1 will be replaced with page_content.id=38061
2016-02-01 12:38:27,215- INFO(DoorgenUpdaterRunner.java:115)-Page with page_content.id=-1 will be replaced with page_content.id=38062
2016-02-01 12:38:28,942- INFO(DoorgenUpdaterRunner.java:115)-Page with page_content.id=-1 will be replaced with page_content.id=38063
2016-02-01 12:38:30,916- INFO(DoorgenUpdaterRunner.java:115)-Page with page_content.id=-1 will be replaced with page_content.id=38064
2016-02-01 12:38:32,886- INFO(DoorgenUpdaterRunner.java:115)-Page with page_content.id=-1 will be replaced with page_content.id=38065
2016-02-01 12:38:34,610- INFO(DoorgenUpdaterRunner.java:115)-Page with page_content.id=-1 will be replaced with page_content.id=38066
2016-02-01 12:38:36,739- INFO(DoorgenUpdaterRunner.java:115)-Page with page_content.id=-1 will be replaced with page_content.id=38067
2016-02-01 12:38:38,957- INFO(DoorgenUpdaterRunner.java:115)-Page with page_content.id=-1 will be replaced with page_content.id=38068
2016-02-01 12:38:41,172- INFO(DoorgenUpdaterRunner.java:115)-Page with page_content.id=-1 will be replaced with page_content.id=38069
2016-02-01 12:38:43,024- INFO(DoorgenUpdaterRunner.java:115)-Page with page_content.id=-1 will be replaced with page_content.id=38070
2016-02-01 12:38:45,117- INFO(DoorgenUpdaterRunner.java:115)-Page with page_content.id=-1 will be replaced with page_content.id=38071
2016-02-01 12:38:47,342- INFO(DoorgenUpdaterRunner.java:115)-Page with page_content.id=-1 will be replaced with page_content.id=38072
2016-02-01 12:38:50,050- INFO(DoorgenUpdaterRunner.java:115)-Page with page_content.id=-1 will be replaced with page_content.id=38073
2016-02-01 12:38:52,060- INFO(DoorgenUpdaterRunner.java:115)-Page with page_content.id=-1 will be replaced with page_content.id=38074
2016-02-01 12:38:53,171- INFO(DoorgenUpdaterRunner.java:115)-Page with page_content.id=-1 will be replaced with page_content.id=38075
2016-02-01 12:38:55,390- INFO(DoorgenUpdaterRunner.java:115)-Page with page_content.id=-1 will be replaced with page_content.id=38076
2016-02-01 12:38:57,976- INFO(DoorgenUpdaterRunner.java:115)-Page with page_content.id=-1 will be replaced with page_content.id=38077
2016-02-01 12:39:00,272- INFO(DoorgenUpdaterRunner.java:115)-Page with page_content.id=-1 will be replaced with page_content.id=38078
2016-02-01 12:39:01,505- INFO(DoorgenUpdaterRunner.java:115)-Page with page_content.id=-1 will be replaced with page_content.id=38079
2016-02-01 12:39:03,720- INFO(DoorgenUpdaterRunner.java:115)-Page with page_content.id=-1 will be replaced with page_content.id=38080
2016-02-01 12:39:04,832- INFO(DoorgenUpdaterRunner.java:115)-Page with page_content.id=-1 will be replaced with page_content.id=38081
2016-02-01 12:39:06,432- INFO(DoorgenUpdaterRunner.java:115)-Page with page_content.id=-1 will be replaced with page_content.id=38082
2016-02-01 12:39:08,282- INFO(DoorgenUpdaterRunner.java:115)-Page with page_content.id=-1 will be replaced with page_content.id=38083
2016-02-01 12:39:10,869- INFO(DoorgenUpdaterRunner.java:115)-Page with page_content.id=-1 will be replaced with page_content.id=38084
2016-02-01 12:39:13,263- INFO(DoorgenUpdaterRunner.java:115)-Page with page_content.id=-1 will be replaced with page_content.id=38085
2016-02-01 12:39:15,479- INFO(DoorgenUpdaterRunner.java:115)-Page with page_content.id=-1 will be replaced with page_content.id=38086
2016-02-01 12:39:17,327- INFO(DoorgenUpdaterRunner.java:115)-Page with page_content.id=-1 will be replaced with page_content.id=38087
2016-02-01 12:39:19,053- INFO(DoorgenUpdaterRunner.java:115)-Page with page_content.id=-1 will be replaced with page_content.id=38088
2016-02-01 12:39:20,940- INFO(DoorgenUpdaterRunner.java:115)-Page with page_content.id=-1 will be replaced with page_content.id=38089
2016-02-01 12:39:23,279- INFO(DoorgenUpdaterRunner.java:115)-Page with page_content.id=-1 will be replaced with page_content.id=38090
2016-02-01 12:39:25,618- INFO(DoorgenUpdaterRunner.java:115)-Page with page_content.id=-1 will be replaced with page_content.id=38091
2016-02-01 12:39:27,712- INFO(DoorgenUpdaterRunner.java:115)-Page with page_content.id=-1 will be replaced with page_content.id=38092
2016-02-01 12:39:29,320- INFO(DoorgenUpdaterRunner.java:115)-Page with page_content.id=-1 will be replaced with page_content.id=38093
2016-02-01 12:39:31,046- INFO(DoorgenUpdaterRunner.java:115)-Page with page_content.id=-1 will be replaced with page_content.id=38094
2016-02-01 12:39:34,247- INFO(DoorgenUpdaterRunner.java:115)-Page with page_content.id=-1 will be replaced with page_content.id=38095
2016-02-01 12:39:35,850- INFO(DoorgenUpdaterRunner.java:115)-Page with page_content.id=-1 will be replaced with page_content.id=38096
2016-02-01 12:39:38,188- INFO(DoorgenUpdaterRunner.java:115)-Page with page_content.id=-1 will be replaced with page_content.id=38097
2016-02-01 12:39:40,447- INFO(DoorgenUpdaterRunner.java:115)-Page with page_content.id=-1 will be replaced with page_content.id=38098
2016-02-01 12:39:42,170- INFO(DoorgenUpdaterRunner.java:115)-Page with page_content.id=-1 will be replaced with page_content.id=38099
2016-02-01 12:39:44,512- INFO(DoorgenUpdaterRunner.java:115)-Page with page_content.id=-1 will be replaced with page_content.id=38100
2016-02-01 12:39:45,772- INFO(DoorgenUpdaterRunner.java:115)-Page with page_content.id=-1 will be replaced with page_content.id=38101
2016-02-01 12:40:17,262- INFO(DoorgenUpdaterRunner.java:127)-0 deprecated records were deleted from table
2016-02-02 11:11:16,299- INFO(DoorgenUpdaterRunner.java:113)-Page with page_content.id=1296 will be replaced with page_content.id=29256
2016-02-02 11:21:14,491- INFO(DoorgenUpdaterRunner.java:113)-Page with page_content.id=1296 will be replaced with page_content.id=29257
2016-02-02 11:25:43,519- INFO(DoorgenUpdaterRunner.java:113)-Page with page_content.id=1296 will be replaced with page_content.id=29258
2016-02-02 11:26:13,262- INFO(DoorgenUpdaterRunner.java:113)-Page with page_content.id=1296 will be replaced with page_content.id=29259
2016-02-02 11:27:42,814- INFO(DoorgenUpdaterRunner.java:113)-Page with page_content.id=1296 will be replaced with page_content.id=29260
2016-02-02 11:29:26,284- INFO(DoorgenUpdaterRunner.java:113)-Page with page_content.id=1296 will be replaced with page_content.id=29261
2016-02-02 11:31:53,629- INFO(DoorgenUpdaterRunner.java:113)-Page with page_content.id=1296 will be replaced with page_content.id=29262
2016-02-02 11:31:54,725- INFO(DoorgenUpdaterRunner.java:125)-130 deprecated records were deleted from table
2016-02-02 13:50:45,902- INFO(DoorgenUpdaterRunner.java:113)-Page with page_content.id=8156 will be replaced with page_content.id=24800
2016-02-02 13:50:58,449- INFO(DoorgenUpdaterRunner.java:113)-Page with page_content.id=8187 will be replaced with page_content.id=24801
2016-02-02 13:50:59,324- INFO(DoorgenUpdaterRunner.java:113)-Page with page_content.id=12169 will be replaced with page_content.id=24802
2016-02-02 13:51:00,196- INFO(DoorgenUpdaterRunner.java:113)-Page with page_content.id=-1 will be replaced with page_content.id=24803
2016-02-02 13:51:01,068- INFO(DoorgenUpdaterRunner.java:113)-Page with page_content.id=24803 will be replaced with page_content.id=24804
2016-02-02 13:51:01,934- INFO(DoorgenUpdaterRunner.java:113)-Page with page_content.id=17943 will be replaced with page_content.id=24805
2016-02-02 13:51:02,802- INFO(DoorgenUpdaterRunner.java:113)-Page with page_content.id=12999 will be replaced with page_content.id=24806
2016-02-02 13:51:03,669- INFO(DoorgenUpdaterRunner.java:113)-Page with page_content.id=14735 will be replaced with page_content.id=24807
2016-02-02 13:51:04,539- INFO(DoorgenUpdaterRunner.java:113)-Page with page_content.id=17534 will be replaced with page_content.id=24808
2016-02-02 13:51:05,404- INFO(DoorgenUpdaterRunner.java:113)-Page with page_content.id=1726 will be replaced with page_content.id=24809
2016-02-02 13:51:06,274- INFO(DoorgenUpdaterRunner.java:113)-Page with page_content.id=13824 will be replaced with page_content.id=24810
2016-02-02 13:51:07,146- INFO(DoorgenUpdaterRunner.java:113)-Page with page_content.id=22315 will be replaced with page_content.id=24811
2016-02-02 13:51:08,011- INFO(DoorgenUpdaterRunner.java:113)-Page with page_content.id=15207 will be replaced with page_content.id=24812
2016-02-02 13:51:08,877- INFO(DoorgenUpdaterRunner.java:113)-Page with page_content.id=21047 will be replaced with page_content.id=24813
2016-02-02 13:51:09,742- INFO(DoorgenUpdaterRunner.java:113)-Page with page_content.id=15709 will be replaced with page_content.id=24814
2016-02-02 13:51:10,618- INFO(DoorgenUpdaterRunner.java:113)-Page with page_content.id=9572 will be replaced with page_content.id=24815
2016-02-02 13:51:11,490- INFO(DoorgenUpdaterRunner.java:113)-Page with page_content.id=2007 will be replaced with page_content.id=24816
2016-02-02 13:51:12,358- INFO(DoorgenUpdaterRunner.java:113)-Page with page_content.id=14991 will be replaced with page_content.id=24817
2016-02-02 13:51:13,223- INFO(DoorgenUpdaterRunner.java:113)-Page with page_content.id=1427 will be replaced with page_content.id=24818
2016-02-02 13:51:14,088- INFO(DoorgenUpdaterRunner.java:113)-Page with page_content.id=14199 will be replaced with page_content.id=24819
2016-02-02 13:51:14,952- INFO(DoorgenUpdaterRunner.java:113)-Page with page_content.id=6450 will be replaced with page_content.id=24820
2016-02-02 13:51:15,817- INFO(DoorgenUpdaterRunner.java:113)-Page with page_content.id=10507 will be replaced with page_content.id=24821
2016-02-02 13:51:16,681- INFO(DoorgenUpdaterRunner.java:113)-Page with page_content.id=17793 will be replaced with page_content.id=24822
2016-02-02 13:51:17,544- INFO(DoorgenUpdaterRunner.java:113)-Page with page_content.id=15034 will be replaced with page_content.id=24823
2016-02-02 13:51:18,409- INFO(DoorgenUpdaterRunner.java:113)-Page with page_content.id=16315 will be replaced with page_content.id=24824
2016-02-02 13:51:19,274- INFO(DoorgenUpdaterRunner.java:113)-Page with page_content.id=9641 will be replaced with page_content.id=24825
2016-02-02 13:51:20,139- INFO(DoorgenUpdaterRunner.java:113)-Page with page_content.id=20483 will be replaced with page_content.id=24826
2016-02-02 13:51:21,005- INFO(DoorgenUpdaterRunner.java:113)-Page with page_content.id=22418 will be replaced with page_content.id=24827
2016-02-02 13:51:21,870- INFO(DoorgenUpdaterRunner.java:113)-Page with page_content.id=12196 will be replaced with page_content.id=24828
2016-02-02 13:51:22,733- INFO(DoorgenUpdaterRunner.java:113)-Page with page_content.id=13473 will be replaced with page_content.id=24829
2016-02-02 13:51:23,597- INFO(DoorgenUpdaterRunner.java:113)-Page with page_content.id=526 will be replaced with page_content.id=24830
2016-02-02 13:51:24,461- INFO(DoorgenUpdaterRunner.java:113)-Page with page_content.id=12322 will be replaced with page_content.id=24831
2016-02-02 13:51:25,325- INFO(DoorgenUpdaterRunner.java:113)-Page with page_content.id=5195 will be replaced with page_content.id=24832
2016-02-02 13:51:26,188- INFO(DoorgenUpdaterRunner.java:113)-Page with page_content.id=8732 will be replaced with page_content.id=24833
2016-02-02 13:51:27,053- INFO(DoorgenUpdaterRunner.java:113)-Page with page_content.id=3428 will be replaced with page_content.id=24834
2016-02-02 13:51:27,916- INFO(DoorgenUpdaterRunner.java:113)-Page with page_content.id=7514 will be replaced with page_content.id=24835
2016-02-02 13:51:28,795- INFO(DoorgenUpdaterRunner.java:113)-Page with page_content.id=10632 will be replaced with page_content.id=24836
2016-02-02 13:51:29,677- INFO(DoorgenUpdaterRunner.java:113)-Page with page_content.id=21333 will be replaced with page_content.id=24837
2016-02-02 13:51:30,541- INFO(DoorgenUpdaterRunner.java:113)-Page with page_content.id=19239 will be replaced with page_content.id=24838
2016-02-02 13:51:31,405- INFO(DoorgenUpdaterRunner.java:113)-Page with page_content.id=18831 will be replaced with page_content.id=24839
2016-02-02 13:51:32,271- INFO(DoorgenUpdaterRunner.java:113)-Page with page_content.id=12271 will be replaced with page_content.id=24840
2016-02-02 13:51:33,135- INFO(DoorgenUpdaterRunner.java:113)-Page with page_content.id=21054 will be replaced with page_content.id=24841
2016-02-02 13:51:34,000- INFO(DoorgenUpdaterRunner.java:113)-Page with page_content.id=9009 will be replaced with page_content.id=24842
2016-02-02 13:51:34,879- INFO(DoorgenUpdaterRunner.java:113)-Page with page_content.id=12929 will be replaced with page_content.id=24843
2016-02-02 13:51:35,758- INFO(DoorgenUpdaterRunner.java:113)-Page with page_content.id=10141 will be replaced with page_content.id=24844
2016-02-02 13:51:36,623- INFO(DoorgenUpdaterRunner.java:113)-Page with page_content.id=3840 will be replaced with page_content.id=24845
2016-02-02 13:51:37,486- INFO(DoorgenUpdaterRunner.java:113)-Page with page_content.id=12086 will be replaced with page_content.id=24846
2016-02-02 13:51:38,350- INFO(DoorgenUpdaterRunner.java:113)-Page with page_content.id=2710 will be replaced with page_content.id=24847
2016-02-02 13:51:39,213- INFO(DoorgenUpdaterRunner.java:113)-Page with page_content.id=12619 will be replaced with page_content.id=24848
2016-02-02 13:51:40,077- INFO(DoorgenUpdaterRunner.java:113)-Page with page_content.id=15723 will be replaced with page_content.id=24849
2016-02-02 13:51:40,979- INFO(DoorgenUpdaterRunner.java:113)-Page with page_content.id=13259 will be replaced with page_content.id=24850
2016-02-02 13:51:42,035- INFO(DoorgenUpdaterRunner.java:113)-Page with page_content.id=19629 will be replaced with page_content.id=24851
2016-02-02 13:51:42,913- INFO(DoorgenUpdaterRunner.java:113)-Page with page_content.id=22842 will be replaced with page_content.id=24852
2016-02-02 13:51:43,776- INFO(DoorgenUpdaterRunner.java:113)-Page with page_content.id=15958 will be replaced with page_content.id=24853
2016-02-02 13:51:44,641- INFO(DoorgenUpdaterRunner.java:113)-Page with page_content.id=6574 will be replaced with page_content.id=24854
2016-02-02 13:51:45,506- INFO(DoorgenUpdaterRunner.java:113)-Page with page_content.id=9769 will be replaced with page_content.id=24855
2016-02-02 13:51:46,373- INFO(DoorgenUpdaterRunner.java:113)-Page with page_content.id=2200 will be replaced with page_content.id=24856
2016-02-02 13:51:47,237- INFO(DoorgenUpdaterRunner.java:113)-Page with page_content.id=12912 will be replaced with page_content.id=24857
2016-02-02 13:51:48,100- INFO(DoorgenUpdaterRunner.java:113)-Page with page_content.id=12656 will be replaced with page_content.id=24858
2016-02-02 13:51:48,965- INFO(DoorgenUpdaterRunner.java:113)-Page with page_content.id=4564 will be replaced with page_content.id=24859
2016-02-02 13:51:49,829- INFO(DoorgenUpdaterRunner.java:113)-Page with page_content.id=19470 will be replaced with page_content.id=24860
2016-02-02 13:51:50,692- INFO(DoorgenUpdaterRunner.java:113)-Page with page_content.id=7144 will be replaced with page_content.id=24861
2016-02-02 13:51:51,555- INFO(DoorgenUpdaterRunner.java:113)-Page with page_content.id=18160 will be replaced with page_content.id=24862
2016-02-02 13:51:52,418- INFO(DoorgenUpdaterRunner.java:113)-Page with page_content.id=771 will be replaced with page_content.id=24863
2016-02-02 13:51:53,282- INFO(DoorgenUpdaterRunner.java:113)-Page with page_content.id=8613 will be replaced with page_content.id=24864
2016-02-02 13:51:54,147- INFO(DoorgenUpdaterRunner.java:113)-Page with page_content.id=17109 will be replaced with page_content.id=24865
2016-02-02 13:51:55,013- INFO(DoorgenUpdaterRunner.java:113)-Page with page_content.id=2231 will be replaced with page_content.id=24866
2016-02-02 13:51:55,894- INFO(DoorgenUpdaterRunner.java:113)-Page with page_content.id=11418 will be replaced with page_content.id=24867
2016-02-02 13:51:56,758- INFO(DoorgenUpdaterRunner.java:113)-Page with page_content.id=3697 will be replaced with page_content.id=24868
2016-02-02 13:51:57,620- INFO(DoorgenUpdaterRunner.java:113)-Page with page_content.id=9204 will be replaced with page_content.id=24869
2016-02-02 13:51:58,499- INFO(DoorgenUpdaterRunner.java:113)-Page with page_content.id=6674 will be replaced with page_content.id=24870
2016-02-02 13:51:59,382- INFO(DoorgenUpdaterRunner.java:113)-Page with page_content.id=11204 will be replaced with page_content.id=24871
2016-02-02 13:52:00,244- INFO(DoorgenUpdaterRunner.java:113)-Page with page_content.id=11487 will be replaced with page_content.id=24872
2016-02-02 13:52:01,107- INFO(DoorgenUpdaterRunner.java:113)-Page with page_content.id=3645 will be replaced with page_content.id=24873
2016-02-02 13:52:01,980- INFO(DoorgenUpdaterRunner.java:113)-Page with page_content.id=21508 will be replaced with page_content.id=24874
2016-02-02 13:52:02,843- INFO(DoorgenUpdaterRunner.java:113)-Page with page_content.id=8840 will be replaced with page_content.id=24875
2016-02-02 13:52:03,732- INFO(DoorgenUpdaterRunner.java:113)-Page with page_content.id=3419 will be replaced with page_content.id=24876
2016-02-02 13:52:04,615- INFO(DoorgenUpdaterRunner.java:113)-Page with page_content.id=947 will be replaced with page_content.id=24877
2016-02-02 13:52:05,514- INFO(DoorgenUpdaterRunner.java:113)-Page with page_content.id=14997 will be replaced with page_content.id=24878
2016-02-02 13:52:06,378- INFO(DoorgenUpdaterRunner.java:113)-Page with page_content.id=2817 will be replaced with page_content.id=24879
2016-02-02 13:52:07,241- INFO(DoorgenUpdaterRunner.java:113)-Page with page_content.id=7639 will be replaced with page_content.id=24880
2016-02-02 13:52:08,104- INFO(DoorgenUpdaterRunner.java:113)-Page with page_content.id=6318 will be replaced with page_content.id=24881
2016-02-02 13:52:09,008- INFO(DoorgenUpdaterRunner.java:113)-Page with page_content.id=15115 will be replaced with page_content.id=24882
2016-02-02 13:52:09,871- INFO(DoorgenUpdaterRunner.java:113)-Page with page_content.id=12157 will be replaced with page_content.id=24883
2016-02-02 13:52:10,735- INFO(DoorgenUpdaterRunner.java:113)-Page with page_content.id=6976 will be replaced with page_content.id=24884
2016-02-02 13:52:11,602- INFO(DoorgenUpdaterRunner.java:113)-Page with page_content.id=4147 will be replaced with page_content.id=24885
2016-02-02 13:52:12,464- INFO(DoorgenUpdaterRunner.java:113)-Page with page_content.id=7836 will be replaced with page_content.id=24886
2016-02-02 13:52:13,327- INFO(DoorgenUpdaterRunner.java:113)-Page with page_content.id=16047 will be replaced with page_content.id=24887
2016-02-02 13:52:14,189- INFO(DoorgenUpdaterRunner.java:113)-Page with page_content.id=7401 will be replaced with page_content.id=24888
2016-02-02 13:52:15,053- INFO(DoorgenUpdaterRunner.java:113)-Page with page_content.id=13820 will be replaced with page_content.id=24889
2016-02-02 13:52:15,916- INFO(DoorgenUpdaterRunner.java:113)-Page with page_content.id=13970 will be replaced with page_content.id=24890
2016-02-02 13:52:16,779- INFO(DoorgenUpdaterRunner.java:113)-Page with page_content.id=11454 will be replaced with page_content.id=24891
2016-02-02 13:52:17,642- INFO(DoorgenUpdaterRunner.java:113)-Page with page_content.id=8391 will be replaced with page_content.id=24892
2016-02-02 13:52:18,511- INFO(DoorgenUpdaterRunner.java:113)-Page with page_content.id=10718 will be replaced with page_content.id=24893
2016-02-02 13:52:19,374- INFO(DoorgenUpdaterRunner.java:113)-Page with page_content.id=9039 will be replaced with page_content.id=24894
2016-02-02 13:52:20,239- INFO(DoorgenUpdaterRunner.java:113)-Page with page_content.id=623 will be replaced with page_content.id=24895
2016-02-02 13:52:21,112- INFO(DoorgenUpdaterRunner.java:113)-Page with page_content.id=4319 will be replaced with page_content.id=24896
2016-02-02 13:52:21,976- INFO(DoorgenUpdaterRunner.java:113)-Page with page_content.id=11987 will be replaced with page_content.id=24897
2016-02-02 13:52:22,841- INFO(DoorgenUpdaterRunner.java:113)-Page with page_content.id=255 will be replaced with page_content.id=24898
2016-02-02 13:52:23,708- INFO(DoorgenUpdaterRunner.java:113)-Page with page_content.id=10548 will be replaced with page_content.id=24899
2016-02-02 13:52:24,572- INFO(DoorgenUpdaterRunner.java:113)-Page with page_content.id=7342 will be replaced with page_content.id=24900
2016-02-02 13:52:25,434- INFO(DoorgenUpdaterRunner.java:113)-Page with page_content.id=19253 will be replaced with page_content.id=24901
2016-02-02 13:52:26,297- INFO(DoorgenUpdaterRunner.java:113)-Page with page_content.id=2415 will be replaced with page_content.id=24902
2016-02-02 13:52:33,418- INFO(DoorgenUpdaterRunner.java:113)-Page with page_content.id=5882 will be replaced with page_content.id=24903
2016-02-02 13:53:05,899- INFO(DoorgenUpdaterRunner.java:113)-Page with page_content.id=9839 will be replaced with page_content.id=24904
2016-02-02 13:53:08,599- INFO(DoorgenUpdaterRunner.java:113)-Page with page_content.id=13245 will be replaced with page_content.id=24905
2016-02-02 13:53:09,465- INFO(DoorgenUpdaterRunner.java:113)-Page with page_content.id=4793 will be replaced with page_content.id=24906
2016-02-02 13:53:10,329- INFO(DoorgenUpdaterRunner.java:113)-Page with page_content.id=8984 will be replaced with page_content.id=24907
2016-02-02 13:53:11,194- INFO(DoorgenUpdaterRunner.java:113)-Page with page_content.id=3595 will be replaced with page_content.id=24908
2016-02-02 13:53:12,060- INFO(DoorgenUpdaterRunner.java:113)-Page with page_content.id=10123 will be replaced with page_content.id=24909
2016-02-02 13:53:12,927- INFO(DoorgenUpdaterRunner.java:113)-Page with page_content.id=21078 will be replaced with page_content.id=24910
2016-02-02 13:53:13,792- INFO(DoorgenUpdaterRunner.java:113)-Page with page_content.id=14542 will be replaced with page_content.id=24911
2016-02-02 13:53:14,658- INFO(DoorgenUpdaterRunner.java:113)-Page with page_content.id=10185 will be replaced with page_content.id=24912
2016-02-02 13:53:15,526- INFO(DoorgenUpdaterRunner.java:113)-Page with page_content.id=9715 will be replaced with page_content.id=24913
2016-02-02 13:53:16,393- INFO(DoorgenUpdaterRunner.java:113)-Page with page_content.id=13163 will be replaced with page_content.id=24914
2016-02-02 13:53:17,260- INFO(DoorgenUpdaterRunner.java:113)-Page with page_content.id=10751 will be replaced with page_content.id=24915
2016-02-02 13:53:18,124- INFO(DoorgenUpdaterRunner.java:113)-Page with page_content.id=12627 will be replaced with page_content.id=24916
2016-02-02 13:53:19,007- INFO(DoorgenUpdaterRunner.java:113)-Page with page_content.id=1381 will be replaced with page_content.id=24917
2016-02-02 13:53:19,875- INFO(DoorgenUpdaterRunner.java:113)-Page with page_content.id=-1 will be replaced with page_content.id=24918
2016-02-02 13:53:20,740- INFO(DoorgenUpdaterRunner.java:113)-Page with page_content.id=24918 will be replaced with page_content.id=24919
2016-02-02 13:53:21,607- INFO(DoorgenUpdaterRunner.java:113)-Page with page_content.id=19416 will be replaced with page_content.id=24920
2016-02-02 13:53:22,474- INFO(DoorgenUpdaterRunner.java:113)-Page with page_content.id=1139 will be replaced with page_content.id=24921
2016-02-02 13:53:23,339- INFO(DoorgenUpdaterRunner.java:113)-Page with page_content.id=1692 will be replaced with page_content.id=24922
2016-02-02 13:53:24,205- INFO(DoorgenUpdaterRunner.java:113)-Page with page_content.id=16427 will be replaced with page_content.id=24923
2016-02-02 13:53:25,071- INFO(DoorgenUpdaterRunner.java:113)-Page with page_content.id=4824 will be replaced with page_content.id=24924
2016-02-02 13:53:25,937- INFO(DoorgenUpdaterRunner.java:113)-Page with page_content.id=14403 will be replaced with page_content.id=24925
2016-02-02 13:53:26,806- INFO(DoorgenUpdaterRunner.java:113)-Page with page_content.id=-1 will be replaced with page_content.id=24926
2016-02-02 13:53:27,672- INFO(DoorgenUpdaterRunner.java:113)-Page with page_content.id=20685 will be replaced with page_content.id=24927
2016-02-02 13:53:28,538- INFO(DoorgenUpdaterRunner.java:113)-Page with page_content.id=1608 will be replaced with page_content.id=24928
2016-02-02 13:53:29,401- INFO(DoorgenUpdaterRunner.java:113)-Page with page_content.id=22457 will be replaced with page_content.id=24929
2016-02-02 13:53:30,263- INFO(DoorgenUpdaterRunner.java:113)-Page with page_content.id=4504 will be replaced with page_content.id=24930
2016-02-02 13:53:31,139- INFO(DoorgenUpdaterRunner.java:113)-Page with page_content.id=11625 will be replaced with page_content.id=24931
2016-02-02 13:53:32,005- INFO(DoorgenUpdaterRunner.java:113)-Page with page_content.id=-1 will be replaced with page_content.id=24932
2016-02-02 13:53:32,876- INFO(DoorgenUpdaterRunner.java:113)-Page with page_content.id=24932 will be replaced with page_content.id=24933
2016-02-02 13:53:33,741- INFO(DoorgenUpdaterRunner.java:113)-Page with page_content.id=1564 will be replaced with page_content.id=24934
2016-02-02 13:53:34,605- INFO(DoorgenUpdaterRunner.java:113)-Page with page_content.id=10582 will be replaced with page_content.id=24935
2016-02-02 13:53:35,473- INFO(DoorgenUpdaterRunner.java:113)-Page with page_content.id=15390 will be replaced with page_content.id=24936
2016-02-02 13:53:36,339- INFO(DoorgenUpdaterRunner.java:113)-Page with page_content.id=5964 will be replaced with page_content.id=24937
2016-02-02 13:53:37,207- INFO(DoorgenUpdaterRunner.java:113)-Page with page_content.id=-1 will be replaced with page_content.id=24938
2016-02-02 13:53:38,072- INFO(DoorgenUpdaterRunner.java:113)-Page with page_content.id=24938 will be replaced with page_content.id=24939
2016-02-02 13:53:38,939- INFO(DoorgenUpdaterRunner.java:113)-Page with page_content.id=11481 will be replaced with page_content.id=24940
2016-02-02 13:53:39,804- INFO(DoorgenUpdaterRunner.java:113)-Page with page_content.id=8594 will be replaced with page_content.id=24941
2016-02-02 13:53:40,677- INFO(DoorgenUpdaterRunner.java:113)-Page with page_content.id=10609 will be replaced with page_content.id=24942
2016-02-02 13:53:41,542- INFO(DoorgenUpdaterRunner.java:113)-Page with page_content.id=7865 will be replaced with page_content.id=24943
2016-02-02 13:53:42,408- INFO(DoorgenUpdaterRunner.java:113)-Page with page_content.id=1287 will be replaced with page_content.id=24944
2016-02-02 13:53:43,275- INFO(DoorgenUpdaterRunner.java:113)-Page with page_content.id=16316 will be replaced with page_content.id=24945
2016-02-02 13:53:44,140- INFO(DoorgenUpdaterRunner.java:113)-Page with page_content.id=15581 will be replaced with page_content.id=24946
2016-02-02 13:53:45,043- INFO(DoorgenUpdaterRunner.java:113)-Page with page_content.id=6741 will be replaced with page_content.id=24947
2016-02-02 13:53:45,908- INFO(DoorgenUpdaterRunner.java:113)-Page with page_content.id=20040 will be replaced with page_content.id=24948
2016-02-02 13:53:46,774- INFO(DoorgenUpdaterRunner.java:113)-Page with page_content.id=5385 will be replaced with page_content.id=24949
2016-02-02 13:53:47,641- INFO(DoorgenUpdaterRunner.java:113)-Page with page_content.id=11607 will be replaced with page_content.id=24950
2016-02-02 13:53:48,505- INFO(DoorgenUpdaterRunner.java:113)-Page with page_content.id=5307 will be replaced with page_content.id=24951
2016-02-02 13:53:49,372- INFO(DoorgenUpdaterRunner.java:113)-Page with page_content.id=14438 will be replaced with page_content.id=24952
2016-02-03 10:27:35,383- INFO(DoorgenUpdaterRunner.java:117)-Page with page_content.id=24953 will be replaced with page_content.id=27172
2016-02-03 10:27:39,189- INFO(DoorgenUpdaterRunner.java:117)-Page with page_content.id=24954 will be replaced with page_content.id=27173
2016-02-03 10:27:41,141- INFO(DoorgenUpdaterRunner.java:117)-Page with page_content.id=24955 will be replaced with page_content.id=27174
