2016-11-20 20:27:51,318-DEBUG(AbstractBeanFactory.java:251)[main]-Returning cached instance of singleton bean 'complexVideoGenerator'
2016-11-20 20:27:51,327-DEBUG(ComplexVideoGenerator.java:447)[main]-Current thread count: 1
2016-11-20 20:27:51,327-DEBUG(ComplexVideoGenerator.java:447)[main]-Current thread count: 2
2016-11-20 20:27:53,603- INFO(ProxyFactory.java:180)[Thread-2]-NOT USED proxy servers: 1727
2016-11-20 20:27:54,258- INFO(ProxyFactory.java:180)[Thread-3]-NOT USED proxy servers: 1726
2016-11-20 20:28:15,229- WARN(ComplexVideoGenerator.java:289)[Thread-2]-Error occured during generating video for file: book_0.txt
java.lang.NullPointerException
	at com.fdt.dailymotion.util.AudioSpeecherCreator.execute(AudioSpeecherCreator.java:116)
	at com.fdt.dailymotion.util.ComplexVideoGenerator.generateAudio(ComplexVideoGenerator.java:324)
	at com.fdt.dailymotion.util.ComplexVideoGenerator.access$500(ComplexVideoGenerator.java:51)
	at com.fdt.dailymotion.util.ComplexVideoGenerator$ComplexVideoGeneratorThread.run(ComplexVideoGenerator.java:281)
2016-11-20 20:28:19,594- INFO(ProxyFactory.java:180)[Thread-2]-NOT USED proxy servers: 1726
2016-11-20 20:28:24,971- WARN(ComplexVideoGenerator.java:289)[Thread-3]-Error occured during generating video for file: book_2.txt
java.lang.NullPointerException
	at com.fdt.dailymotion.util.AudioSpeecherCreator.execute(AudioSpeecherCreator.java:116)
	at com.fdt.dailymotion.util.ComplexVideoGenerator.generateAudio(ComplexVideoGenerator.java:324)
	at com.fdt.dailymotion.util.ComplexVideoGenerator.access$500(ComplexVideoGenerator.java:51)
	at com.fdt.dailymotion.util.ComplexVideoGenerator$ComplexVideoGeneratorThread.run(ComplexVideoGenerator.java:281)
2016-11-20 20:28:35,394- WARN(ComplexVideoGenerator.java:289)[Thread-2]-Error occured during generating video for file: book_0.txt
java.lang.NullPointerException
	at com.fdt.dailymotion.util.AudioSpeecherCreator.execute(AudioSpeecherCreator.java:116)
	at com.fdt.dailymotion.util.ComplexVideoGenerator.generateAudio(ComplexVideoGenerator.java:324)
	at com.fdt.dailymotion.util.ComplexVideoGenerator.access$500(ComplexVideoGenerator.java:51)
	at com.fdt.dailymotion.util.ComplexVideoGenerator$ComplexVideoGeneratorThread.run(ComplexVideoGenerator.java:281)
2016-11-20 20:28:42,104- INFO(ProxyFactory.java:180)[Thread-3]-NOT USED proxy servers: 1726
2016-11-20 20:28:42,698- INFO(ProxyFactory.java:180)[Thread-2]-NOT USED proxy servers: 1726
2016-11-20 20:28:58,598- WARN(ComplexVideoGenerator.java:289)[Thread-2]-Error occured during generating video for file: book_0.txt
java.lang.NullPointerException
	at com.fdt.dailymotion.util.AudioSpeecherCreator.execute(AudioSpeecherCreator.java:116)
	at com.fdt.dailymotion.util.ComplexVideoGenerator.generateAudio(ComplexVideoGenerator.java:324)
	at com.fdt.dailymotion.util.ComplexVideoGenerator.access$500(ComplexVideoGenerator.java:51)
	at com.fdt.dailymotion.util.ComplexVideoGenerator$ComplexVideoGeneratorThread.run(ComplexVideoGenerator.java:281)
2016-11-20 20:29:03,832- INFO(ProxyFactory.java:180)[Thread-2]-NOT USED proxy servers: 1726
2016-11-20 20:29:17,501- WARN(ComplexVideoGenerator.java:289)[Thread-2]-Error occured during generating video for file: book_0.txt
java.lang.NullPointerException
	at com.fdt.dailymotion.util.AudioSpeecherCreator.execute(AudioSpeecherCreator.java:116)
	at com.fdt.dailymotion.util.ComplexVideoGenerator.generateAudio(ComplexVideoGenerator.java:324)
	at com.fdt.dailymotion.util.ComplexVideoGenerator.access$500(ComplexVideoGenerator.java:51)
	at com.fdt.dailymotion.util.ComplexVideoGenerator$ComplexVideoGeneratorThread.run(ComplexVideoGenerator.java:281)
2016-11-20 20:29:19,532- WARN(ComplexVideoGenerator.java:289)[Thread-3]-Error occured during generating video for file: book_2.txt
java.lang.NullPointerException
	at com.fdt.dailymotion.util.AudioSpeecherCreator.execute(AudioSpeecherCreator.java:116)
	at com.fdt.dailymotion.util.ComplexVideoGenerator.generateAudio(ComplexVideoGenerator.java:324)
	at com.fdt.dailymotion.util.ComplexVideoGenerator.access$500(ComplexVideoGenerator.java:51)
	at com.fdt.dailymotion.util.ComplexVideoGenerator$ComplexVideoGeneratorThread.run(ComplexVideoGenerator.java:281)
2016-11-20 20:29:20,964- INFO(ProxyFactory.java:180)[Thread-2]-NOT USED proxy servers: 1726
2016-11-20 20:29:21,575- INFO(ProxyFactory.java:180)[Thread-3]-NOT USED proxy servers: 1726
2016-11-20 20:29:33,979- WARN(ComplexVideoGenerator.java:289)[Thread-2]-Error occured during generating video for file: book_0.txt
java.lang.NullPointerException
	at com.fdt.dailymotion.util.AudioSpeecherCreator.execute(AudioSpeecherCreator.java:116)
	at com.fdt.dailymotion.util.ComplexVideoGenerator.generateAudio(ComplexVideoGenerator.java:324)
	at com.fdt.dailymotion.util.ComplexVideoGenerator.access$500(ComplexVideoGenerator.java:51)
	at com.fdt.dailymotion.util.ComplexVideoGenerator$ComplexVideoGeneratorThread.run(ComplexVideoGenerator.java:281)
2016-11-20 20:29:47,981- WARN(ComplexVideoGenerator.java:289)[Thread-3]-Error occured during generating video for file: book_2.txt
java.lang.NullPointerException
	at com.fdt.dailymotion.util.AudioSpeecherCreator.execute(AudioSpeecherCreator.java:116)
	at com.fdt.dailymotion.util.ComplexVideoGenerator.generateAudio(ComplexVideoGenerator.java:324)
	at com.fdt.dailymotion.util.ComplexVideoGenerator.access$500(ComplexVideoGenerator.java:51)
	at com.fdt.dailymotion.util.ComplexVideoGenerator$ComplexVideoGeneratorThread.run(ComplexVideoGenerator.java:281)
2016-11-20 20:30:45,935- INFO(ProxyFactory.java:180)[Thread-2]-NOT USED proxy servers: 1726
2016-11-20 20:30:47,959- INFO(ProxyFactory.java:180)[Thread-3]-NOT USED proxy servers: 1726
2016-11-20 20:31:03,128- WARN(ComplexVideoGenerator.java:289)[Thread-2]-Error occured during generating video for file: book_0.txt
java.lang.NullPointerException
	at com.fdt.dailymotion.util.AudioSpeecherCreator.execute(AudioSpeecherCreator.java:116)
	at com.fdt.dailymotion.util.ComplexVideoGenerator.generateAudio(ComplexVideoGenerator.java:324)
	at com.fdt.dailymotion.util.ComplexVideoGenerator.access$500(ComplexVideoGenerator.java:51)
	at com.fdt.dailymotion.util.ComplexVideoGenerator$ComplexVideoGeneratorThread.run(ComplexVideoGenerator.java:281)
2016-11-20 20:31:06,683- INFO(ProxyFactory.java:180)[Thread-2]-NOT USED proxy servers: 1726
2016-11-20 20:31:13,926- WARN(ComplexVideoGenerator.java:289)[Thread-3]-Error occured during generating video for file: book_2.txt
java.lang.NullPointerException
	at com.fdt.dailymotion.util.AudioSpeecherCreator.execute(AudioSpeecherCreator.java:116)
	at com.fdt.dailymotion.util.ComplexVideoGenerator.generateAudio(ComplexVideoGenerator.java:324)
	at com.fdt.dailymotion.util.ComplexVideoGenerator.access$500(ComplexVideoGenerator.java:51)
	at com.fdt.dailymotion.util.ComplexVideoGenerator$ComplexVideoGeneratorThread.run(ComplexVideoGenerator.java:281)
2016-11-20 20:31:27,787- INFO(ProxyFactory.java:180)[Thread-3]-NOT USED proxy servers: 1726
2016-11-20 20:31:51,110- WARN(ComplexVideoGenerator.java:289)[Thread-2]-Error occured during generating video for file: book_0.txt
java.lang.NullPointerException
	at com.fdt.dailymotion.util.AudioSpeecherCreator.execute(AudioSpeecherCreator.java:116)
	at com.fdt.dailymotion.util.ComplexVideoGenerator.generateAudio(ComplexVideoGenerator.java:324)
	at com.fdt.dailymotion.util.ComplexVideoGenerator.access$500(ComplexVideoGenerator.java:51)
	at com.fdt.dailymotion.util.ComplexVideoGenerator$ComplexVideoGeneratorThread.run(ComplexVideoGenerator.java:281)
2016-11-20 20:32:00,478- WARN(ComplexVideoGenerator.java:289)[Thread-3]-Error occured during generating video for file: book_2.txt
java.lang.NullPointerException
	at com.fdt.dailymotion.util.AudioSpeecherCreator.execute(AudioSpeecherCreator.java:116)
	at com.fdt.dailymotion.util.ComplexVideoGenerator.generateAudio(ComplexVideoGenerator.java:324)
	at com.fdt.dailymotion.util.ComplexVideoGenerator.access$500(ComplexVideoGenerator.java:51)
	at com.fdt.dailymotion.util.ComplexVideoGenerator$ComplexVideoGeneratorThread.run(ComplexVideoGenerator.java:281)
2016-11-20 20:32:05,709- INFO(ProxyFactory.java:180)[Thread-2]-NOT USED proxy servers: 1726
2016-11-20 20:32:06,369- INFO(ProxyFactory.java:180)[Thread-3]-NOT USED proxy servers: 1726
2016-11-20 20:32:37,448- WARN(ComplexVideoGenerator.java:289)[Thread-2]-Error occured during generating video for file: book_0.txt
java.lang.NullPointerException
	at com.fdt.dailymotion.util.AudioSpeecherCreator.execute(AudioSpeecherCreator.java:116)
	at com.fdt.dailymotion.util.ComplexVideoGenerator.generateAudio(ComplexVideoGenerator.java:324)
	at com.fdt.dailymotion.util.ComplexVideoGenerator.access$500(ComplexVideoGenerator.java:51)
	at com.fdt.dailymotion.util.ComplexVideoGenerator$ComplexVideoGeneratorThread.run(ComplexVideoGenerator.java:281)
2016-11-20 20:32:42,518- WARN(ComplexVideoGenerator.java:289)[Thread-3]-Error occured during generating video for file: book_2.txt
java.lang.NullPointerException
	at com.fdt.dailymotion.util.AudioSpeecherCreator.execute(AudioSpeecherCreator.java:116)
	at com.fdt.dailymotion.util.ComplexVideoGenerator.generateAudio(ComplexVideoGenerator.java:324)
	at com.fdt.dailymotion.util.ComplexVideoGenerator.access$500(ComplexVideoGenerator.java:51)
	at com.fdt.dailymotion.util.ComplexVideoGenerator$ComplexVideoGeneratorThread.run(ComplexVideoGenerator.java:281)
2016-11-20 20:32:48,615- INFO(ProxyFactory.java:180)[Thread-2]-NOT USED proxy servers: 1726
2016-11-20 20:32:49,076- INFO(ProxyFactory.java:180)[Thread-3]-NOT USED proxy servers: 1726
2016-11-20 20:33:08,812- WARN(ComplexVideoGenerator.java:289)[Thread-2]-Error occured during generating video for file: book_0.txt
java.lang.NullPointerException
	at com.fdt.dailymotion.util.AudioSpeecherCreator.execute(AudioSpeecherCreator.java:116)
	at com.fdt.dailymotion.util.ComplexVideoGenerator.generateAudio(ComplexVideoGenerator.java:324)
	at com.fdt.dailymotion.util.ComplexVideoGenerator.access$500(ComplexVideoGenerator.java:51)
	at com.fdt.dailymotion.util.ComplexVideoGenerator$ComplexVideoGeneratorThread.run(ComplexVideoGenerator.java:281)
2016-11-20 20:33:18,938- WARN(ComplexVideoGenerator.java:289)[Thread-3]-Error occured during generating video for file: book_2.txt
java.lang.NullPointerException
	at com.fdt.dailymotion.util.AudioSpeecherCreator.execute(AudioSpeecherCreator.java:116)
	at com.fdt.dailymotion.util.ComplexVideoGenerator.generateAudio(ComplexVideoGenerator.java:324)
	at com.fdt.dailymotion.util.ComplexVideoGenerator.access$500(ComplexVideoGenerator.java:51)
	at com.fdt.dailymotion.util.ComplexVideoGenerator$ComplexVideoGeneratorThread.run(ComplexVideoGenerator.java:281)
2016-11-20 20:33:28,847- INFO(ProxyFactory.java:180)[Thread-2]-NOT USED proxy servers: 1726
2016-11-20 20:35:18,991-DEBUG(AbstractBeanFactory.java:251)[main]-Returning cached instance of singleton bean 'complexVideoGenerator'
2016-11-20 20:35:18,999-DEBUG(ComplexVideoGenerator.java:447)[main]-Current thread count: 1
2016-11-20 20:35:19,000-DEBUG(ComplexVideoGenerator.java:447)[main]-Current thread count: 2
2016-11-20 20:41:16,743-DEBUG(AbstractBeanFactory.java:251)[main]-Returning cached instance of singleton bean 'complexVideoGenerator'
2016-11-20 20:41:16,758-DEBUG(ComplexVideoGenerator.java:438)[main]-Current thread count: 1
2016-11-20 20:41:16,758-DEBUG(ComplexVideoGenerator.java:438)[main]-Current thread count: 2
2016-11-20 20:41:21,919- INFO(ProxyFactory.java:180)[Thread-3]-NOT USED proxy servers: 1727
2016-11-20 20:41:22,382- INFO(ProxyFactory.java:180)[Thread-2]-NOT USED proxy servers: 1726
2016-11-20 20:41:23,281- WARN(ComplexVideoGenerator.java:283)[Thread-3]-Error occured during generating video for file: book_2.txt
java.net.ConnectException: Connection refused: connect
	at java.net.DualStackPlainSocketImpl.waitForConnect(Native Method)
	at java.net.DualStackPlainSocketImpl.socketConnect(Unknown Source)
	at java.net.AbstractPlainSocketImpl.doConnect(Unknown Source)
	at java.net.AbstractPlainSocketImpl.connectToAddress(Unknown Source)
	at java.net.AbstractPlainSocketImpl.connect(Unknown Source)
	at java.net.PlainSocketImpl.connect(Unknown Source)
	at java.net.Socket.connect(Unknown Source)
	at sun.net.NetworkClient.doConnect(Unknown Source)
	at sun.net.www.http.HttpClient.openServer(Unknown Source)
	at sun.net.www.http.HttpClient$1.run(Unknown Source)
	at sun.net.www.http.HttpClient$1.run(Unknown Source)
	at java.security.AccessController.doPrivileged(Native Method)
	at sun.net.www.http.HttpClient.privilegedOpenServer(Unknown Source)
	at sun.net.www.http.HttpClient.openServer(Unknown Source)
	at sun.net.www.http.HttpClient.<init>(Unknown Source)
	at sun.net.www.http.HttpClient.New(Unknown Source)
	at sun.net.www.http.HttpClient.New(Unknown Source)
	at sun.net.www.protocol.http.HttpURLConnection.getNewHttpClient(Unknown Source)
	at sun.net.www.protocol.http.HttpURLConnection.plainConnect0(Unknown Source)
	at sun.net.www.protocol.http.HttpURLConnection.plainConnect(Unknown Source)
	at sun.net.www.protocol.http.HttpURLConnection.connect(Unknown Source)
	at sun.net.www.protocol.http.HttpURLConnection.getInputStream0(Unknown Source)
	at sun.net.www.protocol.http.HttpURLConnection.getInputStream(Unknown Source)
	at java.net.HttpURLConnection.getResponseCode(Unknown Source)
	at com.fdt.dailymotion.util.AudioSpeecherCreator.getRequestToken(AudioSpeecherCreator.java:305)
	at com.fdt.dailymotion.util.AudioSpeecherCreator.execute(AudioSpeecherCreator.java:119)
	at com.fdt.dailymotion.util.ComplexVideoGenerator.generateAudio(ComplexVideoGenerator.java:315)
	at com.fdt.dailymotion.util.ComplexVideoGenerator.access$500(ComplexVideoGenerator.java:51)
	at com.fdt.dailymotion.util.ComplexVideoGenerator$ComplexVideoGeneratorThread.run(ComplexVideoGenerator.java:275)
2016-11-20 20:41:23,683- WARN(ComplexVideoGenerator.java:283)[Thread-2]-Error occured during generating video for file: book_0.txt
java.net.ConnectException: Connection refused: connect
	at java.net.DualStackPlainSocketImpl.waitForConnect(Native Method)
	at java.net.DualStackPlainSocketImpl.socketConnect(Unknown Source)
	at java.net.AbstractPlainSocketImpl.doConnect(Unknown Source)
	at java.net.AbstractPlainSocketImpl.connectToAddress(Unknown Source)
	at java.net.AbstractPlainSocketImpl.connect(Unknown Source)
	at java.net.PlainSocketImpl.connect(Unknown Source)
	at java.net.Socket.connect(Unknown Source)
	at sun.net.NetworkClient.doConnect(Unknown Source)
	at sun.net.www.http.HttpClient.openServer(Unknown Source)
	at sun.net.www.http.HttpClient$1.run(Unknown Source)
	at sun.net.www.http.HttpClient$1.run(Unknown Source)
	at java.security.AccessController.doPrivileged(Native Method)
	at sun.net.www.http.HttpClient.privilegedOpenServer(Unknown Source)
	at sun.net.www.http.HttpClient.openServer(Unknown Source)
	at sun.net.www.http.HttpClient.<init>(Unknown Source)
	at sun.net.www.http.HttpClient.New(Unknown Source)
	at sun.net.www.http.HttpClient.New(Unknown Source)
	at sun.net.www.protocol.http.HttpURLConnection.getNewHttpClient(Unknown Source)
	at sun.net.www.protocol.http.HttpURLConnection.plainConnect0(Unknown Source)
	at sun.net.www.protocol.http.HttpURLConnection.plainConnect(Unknown Source)
	at sun.net.www.protocol.http.HttpURLConnection.connect(Unknown Source)
	at sun.net.www.protocol.http.HttpURLConnection.getInputStream0(Unknown Source)
	at sun.net.www.protocol.http.HttpURLConnection.getInputStream(Unknown Source)
	at java.net.HttpURLConnection.getResponseCode(Unknown Source)
	at com.fdt.dailymotion.util.AudioSpeecherCreator.getRequestToken(AudioSpeecherCreator.java:305)
	at com.fdt.dailymotion.util.AudioSpeecherCreator.execute(AudioSpeecherCreator.java:119)
	at com.fdt.dailymotion.util.ComplexVideoGenerator.generateAudio(ComplexVideoGenerator.java:315)
	at com.fdt.dailymotion.util.ComplexVideoGenerator.access$500(ComplexVideoGenerator.java:51)
	at com.fdt.dailymotion.util.ComplexVideoGenerator$ComplexVideoGeneratorThread.run(ComplexVideoGenerator.java:275)
2016-11-20 20:41:28,421- INFO(ProxyFactory.java:180)[Thread-3]-NOT USED proxy servers: 1727
2016-11-20 20:41:28,574- INFO(ProxyFactory.java:180)[Thread-2]-NOT USED proxy servers: 1726
2016-11-20 20:41:29,719- WARN(ComplexVideoGenerator.java:283)[Thread-3]-Error occured during generating video for file: book_2.txt
java.net.ConnectException: Connection refused: connect
	at java.net.DualStackPlainSocketImpl.waitForConnect(Native Method)
	at java.net.DualStackPlainSocketImpl.socketConnect(Unknown Source)
	at java.net.AbstractPlainSocketImpl.doConnect(Unknown Source)
	at java.net.AbstractPlainSocketImpl.connectToAddress(Unknown Source)
	at java.net.AbstractPlainSocketImpl.connect(Unknown Source)
	at java.net.PlainSocketImpl.connect(Unknown Source)
	at java.net.Socket.connect(Unknown Source)
	at sun.net.NetworkClient.doConnect(Unknown Source)
	at sun.net.www.http.HttpClient.openServer(Unknown Source)
	at sun.net.www.http.HttpClient$1.run(Unknown Source)
	at sun.net.www.http.HttpClient$1.run(Unknown Source)
	at java.security.AccessController.doPrivileged(Native Method)
	at sun.net.www.http.HttpClient.privilegedOpenServer(Unknown Source)
	at sun.net.www.http.HttpClient.openServer(Unknown Source)
	at sun.net.www.http.HttpClient.<init>(Unknown Source)
	at sun.net.www.http.HttpClient.New(Unknown Source)
	at sun.net.www.http.HttpClient.New(Unknown Source)
	at sun.net.www.protocol.http.HttpURLConnection.getNewHttpClient(Unknown Source)
	at sun.net.www.protocol.http.HttpURLConnection.plainConnect0(Unknown Source)
	at sun.net.www.protocol.http.HttpURLConnection.plainConnect(Unknown Source)
	at sun.net.www.protocol.http.HttpURLConnection.connect(Unknown Source)
	at sun.net.www.protocol.http.HttpURLConnection.getInputStream0(Unknown Source)
	at sun.net.www.protocol.http.HttpURLConnection.getInputStream(Unknown Source)
	at java.net.HttpURLConnection.getResponseCode(Unknown Source)
	at com.fdt.dailymotion.util.AudioSpeecherCreator.getRequestToken(AudioSpeecherCreator.java:305)
	at com.fdt.dailymotion.util.AudioSpeecherCreator.execute(AudioSpeecherCreator.java:119)
	at com.fdt.dailymotion.util.ComplexVideoGenerator.generateAudio(ComplexVideoGenerator.java:315)
	at com.fdt.dailymotion.util.ComplexVideoGenerator.access$500(ComplexVideoGenerator.java:51)
	at com.fdt.dailymotion.util.ComplexVideoGenerator$ComplexVideoGeneratorThread.run(ComplexVideoGenerator.java:275)
2016-11-20 20:41:29,876- WARN(ComplexVideoGenerator.java:283)[Thread-2]-Error occured during generating video for file: book_0.txt
java.net.ConnectException: Connection refused: connect
	at java.net.DualStackPlainSocketImpl.waitForConnect(Native Method)
	at java.net.DualStackPlainSocketImpl.socketConnect(Unknown Source)
	at java.net.AbstractPlainSocketImpl.doConnect(Unknown Source)
	at java.net.AbstractPlainSocketImpl.connectToAddress(Unknown Source)
	at java.net.AbstractPlainSocketImpl.connect(Unknown Source)
	at java.net.PlainSocketImpl.connect(Unknown Source)
	at java.net.Socket.connect(Unknown Source)
	at sun.net.NetworkClient.doConnect(Unknown Source)
	at sun.net.www.http.HttpClient.openServer(Unknown Source)
	at sun.net.www.http.HttpClient$1.run(Unknown Source)
	at sun.net.www.http.HttpClient$1.run(Unknown Source)
	at java.security.AccessController.doPrivileged(Native Method)
	at sun.net.www.http.HttpClient.privilegedOpenServer(Unknown Source)
	at sun.net.www.http.HttpClient.openServer(Unknown Source)
	at sun.net.www.http.HttpClient.<init>(Unknown Source)
	at sun.net.www.http.HttpClient.New(Unknown Source)
	at sun.net.www.http.HttpClient.New(Unknown Source)
	at sun.net.www.protocol.http.HttpURLConnection.getNewHttpClient(Unknown Source)
	at sun.net.www.protocol.http.HttpURLConnection.plainConnect0(Unknown Source)
	at sun.net.www.protocol.http.HttpURLConnection.plainConnect(Unknown Source)
	at sun.net.www.protocol.http.HttpURLConnection.connect(Unknown Source)
	at sun.net.www.protocol.http.HttpURLConnection.getInputStream0(Unknown Source)
	at sun.net.www.protocol.http.HttpURLConnection.getInputStream(Unknown Source)
	at java.net.HttpURLConnection.getResponseCode(Unknown Source)
	at com.fdt.dailymotion.util.AudioSpeecherCreator.getRequestToken(AudioSpeecherCreator.java:305)
	at com.fdt.dailymotion.util.AudioSpeecherCreator.execute(AudioSpeecherCreator.java:119)
	at com.fdt.dailymotion.util.ComplexVideoGenerator.generateAudio(ComplexVideoGenerator.java:315)
	at com.fdt.dailymotion.util.ComplexVideoGenerator.access$500(ComplexVideoGenerator.java:51)
	at com.fdt.dailymotion.util.ComplexVideoGenerator$ComplexVideoGeneratorThread.run(ComplexVideoGenerator.java:275)
2016-11-20 20:41:34,714- INFO(ProxyFactory.java:180)[Thread-2]-NOT USED proxy servers: 1727
2016-11-20 20:41:35,962- INFO(ProxyFactory.java:180)[Thread-3]-NOT USED proxy servers: 1726
2016-11-20 20:41:36,077- WARN(ComplexVideoGenerator.java:283)[Thread-2]-Error occured during generating video for file: book_0.txt
java.net.ConnectException: Connection refused: connect
	at java.net.DualStackPlainSocketImpl.waitForConnect(Native Method)
	at java.net.DualStackPlainSocketImpl.socketConnect(Unknown Source)
	at java.net.AbstractPlainSocketImpl.doConnect(Unknown Source)
	at java.net.AbstractPlainSocketImpl.connectToAddress(Unknown Source)
	at java.net.AbstractPlainSocketImpl.connect(Unknown Source)
	at java.net.PlainSocketImpl.connect(Unknown Source)
	at java.net.Socket.connect(Unknown Source)
	at sun.net.NetworkClient.doConnect(Unknown Source)
	at sun.net.www.http.HttpClient.openServer(Unknown Source)
	at sun.net.www.http.HttpClient$1.run(Unknown Source)
	at sun.net.www.http.HttpClient$1.run(Unknown Source)
	at java.security.AccessController.doPrivileged(Native Method)
	at sun.net.www.http.HttpClient.privilegedOpenServer(Unknown Source)
	at sun.net.www.http.HttpClient.openServer(Unknown Source)
	at sun.net.www.http.HttpClient.<init>(Unknown Source)
	at sun.net.www.http.HttpClient.New(Unknown Source)
	at sun.net.www.http.HttpClient.New(Unknown Source)
	at sun.net.www.protocol.http.HttpURLConnection.getNewHttpClient(Unknown Source)
	at sun.net.www.protocol.http.HttpURLConnection.plainConnect0(Unknown Source)
	at sun.net.www.protocol.http.HttpURLConnection.plainConnect(Unknown Source)
	at sun.net.www.protocol.http.HttpURLConnection.connect(Unknown Source)
	at sun.net.www.protocol.http.HttpURLConnection.getInputStream0(Unknown Source)
	at sun.net.www.protocol.http.HttpURLConnection.getInputStream(Unknown Source)
	at java.net.HttpURLConnection.getResponseCode(Unknown Source)
	at com.fdt.dailymotion.util.AudioSpeecherCreator.getRequestToken(AudioSpeecherCreator.java:305)
	at com.fdt.dailymotion.util.AudioSpeecherCreator.execute(AudioSpeecherCreator.java:119)
	at com.fdt.dailymotion.util.ComplexVideoGenerator.generateAudio(ComplexVideoGenerator.java:315)
	at com.fdt.dailymotion.util.ComplexVideoGenerator.access$500(ComplexVideoGenerator.java:51)
	at com.fdt.dailymotion.util.ComplexVideoGenerator$ComplexVideoGeneratorThread.run(ComplexVideoGenerator.java:275)
2016-11-20 20:41:37,286- WARN(ComplexVideoGenerator.java:283)[Thread-3]-Error occured during generating video for file: book_2.txt
java.net.ConnectException: Connection refused: connect
	at java.net.DualStackPlainSocketImpl.waitForConnect(Native Method)
	at java.net.DualStackPlainSocketImpl.socketConnect(Unknown Source)
	at java.net.AbstractPlainSocketImpl.doConnect(Unknown Source)
	at java.net.AbstractPlainSocketImpl.connectToAddress(Unknown Source)
	at java.net.AbstractPlainSocketImpl.connect(Unknown Source)
	at java.net.PlainSocketImpl.connect(Unknown Source)
	at java.net.Socket.connect(Unknown Source)
	at sun.net.NetworkClient.doConnect(Unknown Source)
	at sun.net.www.http.HttpClient.openServer(Unknown Source)
	at sun.net.www.http.HttpClient$1.run(Unknown Source)
	at sun.net.www.http.HttpClient$1.run(Unknown Source)
	at java.security.AccessController.doPrivileged(Native Method)
	at sun.net.www.http.HttpClient.privilegedOpenServer(Unknown Source)
	at sun.net.www.http.HttpClient.openServer(Unknown Source)
	at sun.net.www.http.HttpClient.<init>(Unknown Source)
	at sun.net.www.http.HttpClient.New(Unknown Source)
	at sun.net.www.http.HttpClient.New(Unknown Source)
	at sun.net.www.protocol.http.HttpURLConnection.getNewHttpClient(Unknown Source)
	at sun.net.www.protocol.http.HttpURLConnection.plainConnect0(Unknown Source)
	at sun.net.www.protocol.http.HttpURLConnection.plainConnect(Unknown Source)
	at sun.net.www.protocol.http.HttpURLConnection.connect(Unknown Source)
	at sun.net.www.protocol.http.HttpURLConnection.getInputStream0(Unknown Source)
	at sun.net.www.protocol.http.HttpURLConnection.getInputStream(Unknown Source)
	at java.net.HttpURLConnection.getResponseCode(Unknown Source)
	at com.fdt.dailymotion.util.AudioSpeecherCreator.getRequestToken(AudioSpeecherCreator.java:305)
	at com.fdt.dailymotion.util.AudioSpeecherCreator.execute(AudioSpeecherCreator.java:119)
	at com.fdt.dailymotion.util.ComplexVideoGenerator.generateAudio(ComplexVideoGenerator.java:315)
	at com.fdt.dailymotion.util.ComplexVideoGenerator.access$500(ComplexVideoGenerator.java:51)
	at com.fdt.dailymotion.util.ComplexVideoGenerator$ComplexVideoGeneratorThread.run(ComplexVideoGenerator.java:275)
2016-11-20 20:41:39,986- INFO(ProxyFactory.java:180)[Thread-2]-NOT USED proxy servers: 1727
2016-11-20 20:41:41,377- WARN(ComplexVideoGenerator.java:283)[Thread-2]-Error occured during generating video for file: book_0.txt
java.net.ConnectException: Connection refused: connect
	at java.net.DualStackPlainSocketImpl.waitForConnect(Native Method)
	at java.net.DualStackPlainSocketImpl.socketConnect(Unknown Source)
	at java.net.AbstractPlainSocketImpl.doConnect(Unknown Source)
	at java.net.AbstractPlainSocketImpl.connectToAddress(Unknown Source)
	at java.net.AbstractPlainSocketImpl.connect(Unknown Source)
	at java.net.PlainSocketImpl.connect(Unknown Source)
	at java.net.Socket.connect(Unknown Source)
	at sun.net.NetworkClient.doConnect(Unknown Source)
	at sun.net.www.http.HttpClient.openServer(Unknown Source)
	at sun.net.www.http.HttpClient$1.run(Unknown Source)
	at sun.net.www.http.HttpClient$1.run(Unknown Source)
	at java.security.AccessController.doPrivileged(Native Method)
	at sun.net.www.http.HttpClient.privilegedOpenServer(Unknown Source)
	at sun.net.www.http.HttpClient.openServer(Unknown Source)
	at sun.net.www.http.HttpClient.<init>(Unknown Source)
	at sun.net.www.http.HttpClient.New(Unknown Source)
	at sun.net.www.http.HttpClient.New(Unknown Source)
	at sun.net.www.protocol.http.HttpURLConnection.getNewHttpClient(Unknown Source)
	at sun.net.www.protocol.http.HttpURLConnection.plainConnect0(Unknown Source)
	at sun.net.www.protocol.http.HttpURLConnection.plainConnect(Unknown Source)
	at sun.net.www.protocol.http.HttpURLConnection.connect(Unknown Source)
	at sun.net.www.protocol.http.HttpURLConnection.getInputStream0(Unknown Source)
	at sun.net.www.protocol.http.HttpURLConnection.getInputStream(Unknown Source)
	at java.net.HttpURLConnection.getResponseCode(Unknown Source)
	at com.fdt.dailymotion.util.AudioSpeecherCreator.getRequestToken(AudioSpeecherCreator.java:305)
	at com.fdt.dailymotion.util.AudioSpeecherCreator.execute(AudioSpeecherCreator.java:119)
	at com.fdt.dailymotion.util.ComplexVideoGenerator.generateAudio(ComplexVideoGenerator.java:315)
	at com.fdt.dailymotion.util.ComplexVideoGenerator.access$500(ComplexVideoGenerator.java:51)
	at com.fdt.dailymotion.util.ComplexVideoGenerator$ComplexVideoGeneratorThread.run(ComplexVideoGenerator.java:275)
2016-11-20 20:41:41,567- INFO(ProxyFactory.java:180)[Thread-3]-NOT USED proxy servers: 1727
2016-11-20 20:41:42,888- WARN(ComplexVideoGenerator.java:283)[Thread-3]-Error occured during generating video for file: book_2.txt
java.net.ConnectException: Connection refused: connect
	at java.net.DualStackPlainSocketImpl.waitForConnect(Native Method)
	at java.net.DualStackPlainSocketImpl.socketConnect(Unknown Source)
	at java.net.AbstractPlainSocketImpl.doConnect(Unknown Source)
	at java.net.AbstractPlainSocketImpl.connectToAddress(Unknown Source)
	at java.net.AbstractPlainSocketImpl.connect(Unknown Source)
	at java.net.PlainSocketImpl.connect(Unknown Source)
	at java.net.Socket.connect(Unknown Source)
	at sun.net.NetworkClient.doConnect(Unknown Source)
	at sun.net.www.http.HttpClient.openServer(Unknown Source)
	at sun.net.www.http.HttpClient$1.run(Unknown Source)
	at sun.net.www.http.HttpClient$1.run(Unknown Source)
	at java.security.AccessController.doPrivileged(Native Method)
	at sun.net.www.http.HttpClient.privilegedOpenServer(Unknown Source)
	at sun.net.www.http.HttpClient.openServer(Unknown Source)
	at sun.net.www.http.HttpClient.<init>(Unknown Source)
	at sun.net.www.http.HttpClient.New(Unknown Source)
	at sun.net.www.http.HttpClient.New(Unknown Source)
	at sun.net.www.protocol.http.HttpURLConnection.getNewHttpClient(Unknown Source)
	at sun.net.www.protocol.http.HttpURLConnection.plainConnect0(Unknown Source)
	at sun.net.www.protocol.http.HttpURLConnection.plainConnect(Unknown Source)
	at sun.net.www.protocol.http.HttpURLConnection.connect(Unknown Source)
	at sun.net.www.protocol.http.HttpURLConnection.getInputStream0(Unknown Source)
	at sun.net.www.protocol.http.HttpURLConnection.getInputStream(Unknown Source)
	at java.net.HttpURLConnection.getResponseCode(Unknown Source)
	at com.fdt.dailymotion.util.AudioSpeecherCreator.getRequestToken(AudioSpeecherCreator.java:305)
	at com.fdt.dailymotion.util.AudioSpeecherCreator.execute(AudioSpeecherCreator.java:119)
	at com.fdt.dailymotion.util.ComplexVideoGenerator.generateAudio(ComplexVideoGenerator.java:315)
	at com.fdt.dailymotion.util.ComplexVideoGenerator.access$500(ComplexVideoGenerator.java:51)
	at com.fdt.dailymotion.util.ComplexVideoGenerator$ComplexVideoGeneratorThread.run(ComplexVideoGenerator.java:275)
2016-11-20 20:41:44,288- INFO(ProxyFactory.java:180)[Thread-2]-NOT USED proxy servers: 1727
2016-11-20 20:41:45,675- WARN(ComplexVideoGenerator.java:283)[Thread-2]-Error occured during generating video for file: book_0.txt
java.net.ConnectException: Connection refused: connect
	at java.net.DualStackPlainSocketImpl.waitForConnect(Native Method)
	at java.net.DualStackPlainSocketImpl.socketConnect(Unknown Source)
	at java.net.AbstractPlainSocketImpl.doConnect(Unknown Source)
	at java.net.AbstractPlainSocketImpl.connectToAddress(Unknown Source)
	at java.net.AbstractPlainSocketImpl.connect(Unknown Source)
	at java.net.PlainSocketImpl.connect(Unknown Source)
	at java.net.Socket.connect(Unknown Source)
	at sun.net.NetworkClient.doConnect(Unknown Source)
	at sun.net.www.http.HttpClient.openServer(Unknown Source)
	at sun.net.www.http.HttpClient$1.run(Unknown Source)
	at sun.net.www.http.HttpClient$1.run(Unknown Source)
	at java.security.AccessController.doPrivileged(Native Method)
	at sun.net.www.http.HttpClient.privilegedOpenServer(Unknown Source)
	at sun.net.www.http.HttpClient.openServer(Unknown Source)
	at sun.net.www.http.HttpClient.<init>(Unknown Source)
	at sun.net.www.http.HttpClient.New(Unknown Source)
	at sun.net.www.http.HttpClient.New(Unknown Source)
	at sun.net.www.protocol.http.HttpURLConnection.getNewHttpClient(Unknown Source)
	at sun.net.www.protocol.http.HttpURLConnection.plainConnect0(Unknown Source)
	at sun.net.www.protocol.http.HttpURLConnection.plainConnect(Unknown Source)
	at sun.net.www.protocol.http.HttpURLConnection.connect(Unknown Source)
	at sun.net.www.protocol.http.HttpURLConnection.getInputStream0(Unknown Source)
	at sun.net.www.protocol.http.HttpURLConnection.getInputStream(Unknown Source)
	at java.net.HttpURLConnection.getResponseCode(Unknown Source)
	at com.fdt.dailymotion.util.AudioSpeecherCreator.getRequestToken(AudioSpeecherCreator.java:305)
	at com.fdt.dailymotion.util.AudioSpeecherCreator.execute(AudioSpeecherCreator.java:119)
	at com.fdt.dailymotion.util.ComplexVideoGenerator.generateAudio(ComplexVideoGenerator.java:315)
	at com.fdt.dailymotion.util.ComplexVideoGenerator.access$500(ComplexVideoGenerator.java:51)
	at com.fdt.dailymotion.util.ComplexVideoGenerator$ComplexVideoGeneratorThread.run(ComplexVideoGenerator.java:275)
2016-11-20 20:41:48,107- INFO(ProxyFactory.java:180)[Thread-3]-NOT USED proxy servers: 1727
2016-11-20 20:41:49,588- WARN(ComplexVideoGenerator.java:283)[Thread-3]-Error occured during generating video for file: book_2.txt
java.net.ConnectException: Connection refused: connect
	at java.net.DualStackPlainSocketImpl.waitForConnect(Native Method)
	at java.net.DualStackPlainSocketImpl.socketConnect(Unknown Source)
	at java.net.AbstractPlainSocketImpl.doConnect(Unknown Source)
	at java.net.AbstractPlainSocketImpl.connectToAddress(Unknown Source)
	at java.net.AbstractPlainSocketImpl.connect(Unknown Source)
	at java.net.PlainSocketImpl.connect(Unknown Source)
	at java.net.Socket.connect(Unknown Source)
	at sun.net.NetworkClient.doConnect(Unknown Source)
	at sun.net.www.http.HttpClient.openServer(Unknown Source)
	at sun.net.www.http.HttpClient$1.run(Unknown Source)
	at sun.net.www.http.HttpClient$1.run(Unknown Source)
	at java.security.AccessController.doPrivileged(Native Method)
	at sun.net.www.http.HttpClient.privilegedOpenServer(Unknown Source)
	at sun.net.www.http.HttpClient.openServer(Unknown Source)
	at sun.net.www.http.HttpClient.<init>(Unknown Source)
	at sun.net.www.http.HttpClient.New(Unknown Source)
	at sun.net.www.http.HttpClient.New(Unknown Source)
	at sun.net.www.protocol.http.HttpURLConnection.getNewHttpClient(Unknown Source)
	at sun.net.www.protocol.http.HttpURLConnection.plainConnect0(Unknown Source)
	at sun.net.www.protocol.http.HttpURLConnection.plainConnect(Unknown Source)
	at sun.net.www.protocol.http.HttpURLConnection.connect(Unknown Source)
	at sun.net.www.protocol.http.HttpURLConnection.getInputStream0(Unknown Source)
	at sun.net.www.protocol.http.HttpURLConnection.getInputStream(Unknown Source)
	at java.net.HttpURLConnection.getResponseCode(Unknown Source)
	at com.fdt.dailymotion.util.AudioSpeecherCreator.getRequestToken(AudioSpeecherCreator.java:305)
	at com.fdt.dailymotion.util.AudioSpeecherCreator.execute(AudioSpeecherCreator.java:119)
	at com.fdt.dailymotion.util.ComplexVideoGenerator.generateAudio(ComplexVideoGenerator.java:315)
	at com.fdt.dailymotion.util.ComplexVideoGenerator.access$500(ComplexVideoGenerator.java:51)
	at com.fdt.dailymotion.util.ComplexVideoGenerator$ComplexVideoGeneratorThread.run(ComplexVideoGenerator.java:275)
2016-11-20 20:41:49,792- INFO(ProxyFactory.java:180)[Thread-2]-NOT USED proxy servers: 1727
2016-11-20 20:41:51,179- WARN(ComplexVideoGenerator.java:283)[Thread-2]-Error occured during generating video for file: book_0.txt
java.net.ConnectException: Connection refused: connect
	at java.net.DualStackPlainSocketImpl.waitForConnect(Native Method)
	at java.net.DualStackPlainSocketImpl.socketConnect(Unknown Source)
	at java.net.AbstractPlainSocketImpl.doConnect(Unknown Source)
	at java.net.AbstractPlainSocketImpl.connectToAddress(Unknown Source)
	at java.net.AbstractPlainSocketImpl.connect(Unknown Source)
	at java.net.PlainSocketImpl.connect(Unknown Source)
	at java.net.Socket.connect(Unknown Source)
	at sun.net.NetworkClient.doConnect(Unknown Source)
	at sun.net.www.http.HttpClient.openServer(Unknown Source)
	at sun.net.www.http.HttpClient$1.run(Unknown Source)
	at sun.net.www.http.HttpClient$1.run(Unknown Source)
	at java.security.AccessController.doPrivileged(Native Method)
	at sun.net.www.http.HttpClient.privilegedOpenServer(Unknown Source)
	at sun.net.www.http.HttpClient.openServer(Unknown Source)
	at sun.net.www.http.HttpClient.<init>(Unknown Source)
	at sun.net.www.http.HttpClient.New(Unknown Source)
	at sun.net.www.http.HttpClient.New(Unknown Source)
	at sun.net.www.protocol.http.HttpURLConnection.getNewHttpClient(Unknown Source)
	at sun.net.www.protocol.http.HttpURLConnection.plainConnect0(Unknown Source)
	at sun.net.www.protocol.http.HttpURLConnection.plainConnect(Unknown Source)
	at sun.net.www.protocol.http.HttpURLConnection.connect(Unknown Source)
	at sun.net.www.protocol.http.HttpURLConnection.getInputStream0(Unknown Source)
	at sun.net.www.protocol.http.HttpURLConnection.getInputStream(Unknown Source)
	at java.net.HttpURLConnection.getResponseCode(Unknown Source)
	at com.fdt.dailymotion.util.AudioSpeecherCreator.getRequestToken(AudioSpeecherCreator.java:305)
	at com.fdt.dailymotion.util.AudioSpeecherCreator.execute(AudioSpeecherCreator.java:119)
	at com.fdt.dailymotion.util.ComplexVideoGenerator.generateAudio(ComplexVideoGenerator.java:315)
	at com.fdt.dailymotion.util.ComplexVideoGenerator.access$500(ComplexVideoGenerator.java:51)
	at com.fdt.dailymotion.util.ComplexVideoGenerator$ComplexVideoGeneratorThread.run(ComplexVideoGenerator.java:275)
2016-11-20 20:41:56,289- INFO(ProxyFactory.java:180)[Thread-2]-NOT USED proxy servers: 1727
2016-11-20 20:41:57,588- WARN(ComplexVideoGenerator.java:283)[Thread-2]-Error occured during generating video for file: book_0.txt
java.net.ConnectException: Connection refused: connect
	at java.net.DualStackPlainSocketImpl.waitForConnect(Native Method)
	at java.net.DualStackPlainSocketImpl.socketConnect(Unknown Source)
	at java.net.AbstractPlainSocketImpl.doConnect(Unknown Source)
	at java.net.AbstractPlainSocketImpl.connectToAddress(Unknown Source)
	at java.net.AbstractPlainSocketImpl.connect(Unknown Source)
	at java.net.PlainSocketImpl.connect(Unknown Source)
	at java.net.Socket.connect(Unknown Source)
	at sun.net.NetworkClient.doConnect(Unknown Source)
	at sun.net.www.http.HttpClient.openServer(Unknown Source)
	at sun.net.www.http.HttpClient$1.run(Unknown Source)
	at sun.net.www.http.HttpClient$1.run(Unknown Source)
	at java.security.AccessController.doPrivileged(Native Method)
	at sun.net.www.http.HttpClient.privilegedOpenServer(Unknown Source)
	at sun.net.www.http.HttpClient.openServer(Unknown Source)
	at sun.net.www.http.HttpClient.<init>(Unknown Source)
	at sun.net.www.http.HttpClient.New(Unknown Source)
	at sun.net.www.http.HttpClient.New(Unknown Source)
	at sun.net.www.protocol.http.HttpURLConnection.getNewHttpClient(Unknown Source)
	at sun.net.www.protocol.http.HttpURLConnection.plainConnect0(Unknown Source)
	at sun.net.www.protocol.http.HttpURLConnection.plainConnect(Unknown Source)
	at sun.net.www.protocol.http.HttpURLConnection.connect(Unknown Source)
	at sun.net.www.protocol.http.HttpURLConnection.getInputStream0(Unknown Source)
	at sun.net.www.protocol.http.HttpURLConnection.getInputStream(Unknown Source)
	at java.net.HttpURLConnection.getResponseCode(Unknown Source)
	at com.fdt.dailymotion.util.AudioSpeecherCreator.getRequestToken(AudioSpeecherCreator.java:305)
	at com.fdt.dailymotion.util.AudioSpeecherCreator.execute(AudioSpeecherCreator.java:119)
	at com.fdt.dailymotion.util.ComplexVideoGenerator.generateAudio(ComplexVideoGenerator.java:315)
	at com.fdt.dailymotion.util.ComplexVideoGenerator.access$500(ComplexVideoGenerator.java:51)
	at com.fdt.dailymotion.util.ComplexVideoGenerator$ComplexVideoGeneratorThread.run(ComplexVideoGenerator.java:275)
2016-11-20 20:41:57,645- INFO(ProxyFactory.java:180)[Thread-3]-NOT USED proxy servers: 1727
2016-11-20 20:41:58,976- WARN(ComplexVideoGenerator.java:283)[Thread-3]-Error occured during generating video for file: book_2.txt
java.net.ConnectException: Connection refused: connect
	at java.net.DualStackPlainSocketImpl.waitForConnect(Native Method)
	at java.net.DualStackPlainSocketImpl.socketConnect(Unknown Source)
	at java.net.AbstractPlainSocketImpl.doConnect(Unknown Source)
	at java.net.AbstractPlainSocketImpl.connectToAddress(Unknown Source)
	at java.net.AbstractPlainSocketImpl.connect(Unknown Source)
	at java.net.PlainSocketImpl.connect(Unknown Source)
	at java.net.Socket.connect(Unknown Source)
	at sun.net.NetworkClient.doConnect(Unknown Source)
	at sun.net.www.http.HttpClient.openServer(Unknown Source)
	at sun.net.www.http.HttpClient$1.run(Unknown Source)
	at sun.net.www.http.HttpClient$1.run(Unknown Source)
	at java.security.AccessController.doPrivileged(Native Method)
	at sun.net.www.http.HttpClient.privilegedOpenServer(Unknown Source)
	at sun.net.www.http.HttpClient.openServer(Unknown Source)
	at sun.net.www.http.HttpClient.<init>(Unknown Source)
	at sun.net.www.http.HttpClient.New(Unknown Source)
	at sun.net.www.http.HttpClient.New(Unknown Source)
	at sun.net.www.protocol.http.HttpURLConnection.getNewHttpClient(Unknown Source)
	at sun.net.www.protocol.http.HttpURLConnection.plainConnect0(Unknown Source)
	at sun.net.www.protocol.http.HttpURLConnection.plainConnect(Unknown Source)
	at sun.net.www.protocol.http.HttpURLConnection.connect(Unknown Source)
	at sun.net.www.protocol.http.HttpURLConnection.getInputStream0(Unknown Source)
	at sun.net.www.protocol.http.HttpURLConnection.getInputStream(Unknown Source)
	at java.net.HttpURLConnection.getResponseCode(Unknown Source)
	at com.fdt.dailymotion.util.AudioSpeecherCreator.getRequestToken(AudioSpeecherCreator.java:305)
	at com.fdt.dailymotion.util.AudioSpeecherCreator.execute(AudioSpeecherCreator.java:119)
	at com.fdt.dailymotion.util.ComplexVideoGenerator.generateAudio(ComplexVideoGenerator.java:315)
	at com.fdt.dailymotion.util.ComplexVideoGenerator.access$500(ComplexVideoGenerator.java:51)
	at com.fdt.dailymotion.util.ComplexVideoGenerator$ComplexVideoGeneratorThread.run(ComplexVideoGenerator.java:275)
2016-11-20 20:42:03,807- INFO(ProxyFactory.java:180)[Thread-2]-NOT USED proxy servers: 1727
2016-11-20 20:42:03,852- INFO(ProxyFactory.java:180)[Thread-3]-NOT USED proxy servers: 1726
2016-11-20 20:42:05,179- WARN(ComplexVideoGenerator.java:283)[Thread-3]-Error occured during generating video for file: book_2.txt
java.net.ConnectException: Connection refused: connect
	at java.net.DualStackPlainSocketImpl.waitForConnect(Native Method)
	at java.net.DualStackPlainSocketImpl.socketConnect(Unknown Source)
	at java.net.AbstractPlainSocketImpl.doConnect(Unknown Source)
	at java.net.AbstractPlainSocketImpl.connectToAddress(Unknown Source)
	at java.net.AbstractPlainSocketImpl.connect(Unknown Source)
	at java.net.PlainSocketImpl.connect(Unknown Source)
	at java.net.Socket.connect(Unknown Source)
	at sun.net.NetworkClient.doConnect(Unknown Source)
	at sun.net.www.http.HttpClient.openServer(Unknown Source)
	at sun.net.www.http.HttpClient$1.run(Unknown Source)
	at sun.net.www.http.HttpClient$1.run(Unknown Source)
	at java.security.AccessController.doPrivileged(Native Method)
	at sun.net.www.http.HttpClient.privilegedOpenServer(Unknown Source)
	at sun.net.www.http.HttpClient.openServer(Unknown Source)
	at sun.net.www.http.HttpClient.<init>(Unknown Source)
	at sun.net.www.http.HttpClient.New(Unknown Source)
	at sun.net.www.http.HttpClient.New(Unknown Source)
	at sun.net.www.protocol.http.HttpURLConnection.getNewHttpClient(Unknown Source)
	at sun.net.www.protocol.http.HttpURLConnection.plainConnect0(Unknown Source)
	at sun.net.www.protocol.http.HttpURLConnection.plainConnect(Unknown Source)
	at sun.net.www.protocol.http.HttpURLConnection.connect(Unknown Source)
	at sun.net.www.protocol.http.HttpURLConnection.getInputStream0(Unknown Source)
	at sun.net.www.protocol.http.HttpURLConnection.getInputStream(Unknown Source)
	at java.net.HttpURLConnection.getResponseCode(Unknown Source)
	at com.fdt.dailymotion.util.AudioSpeecherCreator.getRequestToken(AudioSpeecherCreator.java:305)
	at com.fdt.dailymotion.util.AudioSpeecherCreator.execute(AudioSpeecherCreator.java:119)
	at com.fdt.dailymotion.util.ComplexVideoGenerator.generateAudio(ComplexVideoGenerator.java:315)
	at com.fdt.dailymotion.util.ComplexVideoGenerator.access$500(ComplexVideoGenerator.java:51)
	at com.fdt.dailymotion.util.ComplexVideoGenerator$ComplexVideoGeneratorThread.run(ComplexVideoGenerator.java:275)
2016-11-20 20:42:08,930- INFO(ProxyFactory.java:180)[Thread-3]-NOT USED proxy servers: 1726
2016-11-20 20:42:10,232- WARN(ComplexVideoGenerator.java:283)[Thread-3]-Error occured during generating video for file: book_2.txt
java.net.ConnectException: Connection refused: connect
	at java.net.DualStackPlainSocketImpl.waitForConnect(Native Method)
	at java.net.DualStackPlainSocketImpl.socketConnect(Unknown Source)
	at java.net.AbstractPlainSocketImpl.doConnect(Unknown Source)
	at java.net.AbstractPlainSocketImpl.connectToAddress(Unknown Source)
	at java.net.AbstractPlainSocketImpl.connect(Unknown Source)
	at java.net.PlainSocketImpl.connect(Unknown Source)
	at java.net.Socket.connect(Unknown Source)
	at sun.net.NetworkClient.doConnect(Unknown Source)
	at sun.net.www.http.HttpClient.openServer(Unknown Source)
	at sun.net.www.http.HttpClient$1.run(Unknown Source)
	at sun.net.www.http.HttpClient$1.run(Unknown Source)
	at java.security.AccessController.doPrivileged(Native Method)
	at sun.net.www.http.HttpClient.privilegedOpenServer(Unknown Source)
	at sun.net.www.http.HttpClient.openServer(Unknown Source)
	at sun.net.www.http.HttpClient.<init>(Unknown Source)
	at sun.net.www.http.HttpClient.New(Unknown Source)
	at sun.net.www.http.HttpClient.New(Unknown Source)
	at sun.net.www.protocol.http.HttpURLConnection.getNewHttpClient(Unknown Source)
	at sun.net.www.protocol.http.HttpURLConnection.plainConnect0(Unknown Source)
	at sun.net.www.protocol.http.HttpURLConnection.plainConnect(Unknown Source)
	at sun.net.www.protocol.http.HttpURLConnection.connect(Unknown Source)
	at sun.net.www.protocol.http.HttpURLConnection.getInputStream0(Unknown Source)
	at sun.net.www.protocol.http.HttpURLConnection.getInputStream(Unknown Source)
	at java.net.HttpURLConnection.getResponseCode(Unknown Source)
	at com.fdt.dailymotion.util.AudioSpeecherCreator.getRequestToken(AudioSpeecherCreator.java:305)
	at com.fdt.dailymotion.util.AudioSpeecherCreator.execute(AudioSpeecherCreator.java:119)
	at com.fdt.dailymotion.util.ComplexVideoGenerator.generateAudio(ComplexVideoGenerator.java:315)
	at com.fdt.dailymotion.util.ComplexVideoGenerator.access$500(ComplexVideoGenerator.java:51)
	at com.fdt.dailymotion.util.ComplexVideoGenerator$ComplexVideoGeneratorThread.run(ComplexVideoGenerator.java:275)
2016-11-20 20:42:14,389- INFO(ProxyFactory.java:180)[Thread-3]-NOT USED proxy servers: 1726
2016-11-20 20:42:15,683- WARN(ComplexVideoGenerator.java:283)[Thread-3]-Error occured during generating video for file: book_2.txt
java.net.ConnectException: Connection refused: connect
	at java.net.DualStackPlainSocketImpl.waitForConnect(Native Method)
	at java.net.DualStackPlainSocketImpl.socketConnect(Unknown Source)
	at java.net.AbstractPlainSocketImpl.doConnect(Unknown Source)
	at java.net.AbstractPlainSocketImpl.connectToAddress(Unknown Source)
	at java.net.AbstractPlainSocketImpl.connect(Unknown Source)
	at java.net.PlainSocketImpl.connect(Unknown Source)
	at java.net.Socket.connect(Unknown Source)
	at sun.net.NetworkClient.doConnect(Unknown Source)
	at sun.net.www.http.HttpClient.openServer(Unknown Source)
	at sun.net.www.http.HttpClient$1.run(Unknown Source)
	at sun.net.www.http.HttpClient$1.run(Unknown Source)
	at java.security.AccessController.doPrivileged(Native Method)
	at sun.net.www.http.HttpClient.privilegedOpenServer(Unknown Source)
	at sun.net.www.http.HttpClient.openServer(Unknown Source)
	at sun.net.www.http.HttpClient.<init>(Unknown Source)
	at sun.net.www.http.HttpClient.New(Unknown Source)
	at sun.net.www.http.HttpClient.New(Unknown Source)
	at sun.net.www.protocol.http.HttpURLConnection.getNewHttpClient(Unknown Source)
	at sun.net.www.protocol.http.HttpURLConnection.plainConnect0(Unknown Source)
	at sun.net.www.protocol.http.HttpURLConnection.plainConnect(Unknown Source)
	at sun.net.www.protocol.http.HttpURLConnection.connect(Unknown Source)
	at sun.net.www.protocol.http.HttpURLConnection.getInputStream0(Unknown Source)
	at sun.net.www.protocol.http.HttpURLConnection.getInputStream(Unknown Source)
	at java.net.HttpURLConnection.getResponseCode(Unknown Source)
	at com.fdt.dailymotion.util.AudioSpeecherCreator.getRequestToken(AudioSpeecherCreator.java:305)
	at com.fdt.dailymotion.util.AudioSpeecherCreator.execute(AudioSpeecherCreator.java:119)
	at com.fdt.dailymotion.util.ComplexVideoGenerator.generateAudio(ComplexVideoGenerator.java:315)
	at com.fdt.dailymotion.util.ComplexVideoGenerator.access$500(ComplexVideoGenerator.java:51)
	at com.fdt.dailymotion.util.ComplexVideoGenerator$ComplexVideoGeneratorThread.run(ComplexVideoGenerator.java:275)
2016-11-20 20:42:17,096- WARN(ComplexVideoGenerator.java:283)[Thread-2]-Error occured during generating video for file: book_0.txt
java.net.ConnectException: Connection timed out: connect
	at java.net.DualStackPlainSocketImpl.waitForConnect(Native Method)
	at java.net.DualStackPlainSocketImpl.socketConnect(Unknown Source)
	at java.net.AbstractPlainSocketImpl.doConnect(Unknown Source)
	at java.net.AbstractPlainSocketImpl.connectToAddress(Unknown Source)
	at java.net.AbstractPlainSocketImpl.connect(Unknown Source)
	at java.net.PlainSocketImpl.connect(Unknown Source)
	at java.net.Socket.connect(Unknown Source)
	at sun.net.NetworkClient.doConnect(Unknown Source)
	at sun.net.www.http.HttpClient.openServer(Unknown Source)
	at sun.net.www.http.HttpClient$1.run(Unknown Source)
	at sun.net.www.http.HttpClient$1.run(Unknown Source)
	at java.security.AccessController.doPrivileged(Native Method)
	at sun.net.www.http.HttpClient.privilegedOpenServer(Unknown Source)
	at sun.net.www.http.HttpClient.openServer(Unknown Source)
	at sun.net.www.http.HttpClient.<init>(Unknown Source)
	at sun.net.www.http.HttpClient.New(Unknown Source)
	at sun.net.www.http.HttpClient.New(Unknown Source)
	at sun.net.www.protocol.http.HttpURLConnection.getNewHttpClient(Unknown Source)
	at sun.net.www.protocol.http.HttpURLConnection.plainConnect0(Unknown Source)
	at sun.net.www.protocol.http.HttpURLConnection.plainConnect(Unknown Source)
	at sun.net.www.protocol.http.HttpURLConnection.connect(Unknown Source)
	at sun.net.www.protocol.http.HttpURLConnection.getInputStream0(Unknown Source)
	at sun.net.www.protocol.http.HttpURLConnection.getInputStream(Unknown Source)
	at java.net.HttpURLConnection.getResponseCode(Unknown Source)
	at com.fdt.dailymotion.util.AudioSpeecherCreator.getRequestToken(AudioSpeecherCreator.java:305)
	at com.fdt.dailymotion.util.AudioSpeecherCreator.execute(AudioSpeecherCreator.java:119)
	at com.fdt.dailymotion.util.ComplexVideoGenerator.generateAudio(ComplexVideoGenerator.java:315)
	at com.fdt.dailymotion.util.ComplexVideoGenerator.access$500(ComplexVideoGenerator.java:51)
	at com.fdt.dailymotion.util.ComplexVideoGenerator$ComplexVideoGeneratorThread.run(ComplexVideoGenerator.java:275)
2016-11-20 20:42:20,530- INFO(ProxyFactory.java:180)[Thread-2]-NOT USED proxy servers: 1727
2016-11-20 20:42:21,897- WARN(ComplexVideoGenerator.java:283)[Thread-2]-Error occured during generating video for file: book_0.txt
java.net.ConnectException: Connection refused: connect
	at java.net.DualStackPlainSocketImpl.waitForConnect(Native Method)
	at java.net.DualStackPlainSocketImpl.socketConnect(Unknown Source)
	at java.net.AbstractPlainSocketImpl.doConnect(Unknown Source)
	at java.net.AbstractPlainSocketImpl.connectToAddress(Unknown Source)
	at java.net.AbstractPlainSocketImpl.connect(Unknown Source)
	at java.net.PlainSocketImpl.connect(Unknown Source)
	at java.net.Socket.connect(Unknown Source)
	at sun.net.NetworkClient.doConnect(Unknown Source)
	at sun.net.www.http.HttpClient.openServer(Unknown Source)
	at sun.net.www.http.HttpClient$1.run(Unknown Source)
	at sun.net.www.http.HttpClient$1.run(Unknown Source)
	at java.security.AccessController.doPrivileged(Native Method)
	at sun.net.www.http.HttpClient.privilegedOpenServer(Unknown Source)
	at sun.net.www.http.HttpClient.openServer(Unknown Source)
	at sun.net.www.http.HttpClient.<init>(Unknown Source)
	at sun.net.www.http.HttpClient.New(Unknown Source)
	at sun.net.www.http.HttpClient.New(Unknown Source)
	at sun.net.www.protocol.http.HttpURLConnection.getNewHttpClient(Unknown Source)
	at sun.net.www.protocol.http.HttpURLConnection.plainConnect0(Unknown Source)
	at sun.net.www.protocol.http.HttpURLConnection.plainConnect(Unknown Source)
	at sun.net.www.protocol.http.HttpURLConnection.connect(Unknown Source)
	at sun.net.www.protocol.http.HttpURLConnection.getInputStream0(Unknown Source)
	at sun.net.www.protocol.http.HttpURLConnection.getInputStream(Unknown Source)
	at java.net.HttpURLConnection.getResponseCode(Unknown Source)
	at com.fdt.dailymotion.util.AudioSpeecherCreator.getRequestToken(AudioSpeecherCreator.java:305)
	at com.fdt.dailymotion.util.AudioSpeecherCreator.execute(AudioSpeecherCreator.java:119)
	at com.fdt.dailymotion.util.ComplexVideoGenerator.generateAudio(ComplexVideoGenerator.java:315)
	at com.fdt.dailymotion.util.ComplexVideoGenerator.access$500(ComplexVideoGenerator.java:51)
	at com.fdt.dailymotion.util.ComplexVideoGenerator$ComplexVideoGeneratorThread.run(ComplexVideoGenerator.java:275)
2016-11-20 20:42:22,645- INFO(ProxyFactory.java:180)[Thread-3]-NOT USED proxy servers: 1727
2016-11-20 20:42:23,984- WARN(ComplexVideoGenerator.java:283)[Thread-3]-Error occured during generating video for file: book_2.txt
java.net.ConnectException: Connection refused: connect
	at java.net.DualStackPlainSocketImpl.waitForConnect(Native Method)
	at java.net.DualStackPlainSocketImpl.socketConnect(Unknown Source)
	at java.net.AbstractPlainSocketImpl.doConnect(Unknown Source)
	at java.net.AbstractPlainSocketImpl.connectToAddress(Unknown Source)
	at java.net.AbstractPlainSocketImpl.connect(Unknown Source)
	at java.net.PlainSocketImpl.connect(Unknown Source)
	at java.net.Socket.connect(Unknown Source)
	at sun.net.NetworkClient.doConnect(Unknown Source)
	at sun.net.www.http.HttpClient.openServer(Unknown Source)
	at sun.net.www.http.HttpClient$1.run(Unknown Source)
	at sun.net.www.http.HttpClient$1.run(Unknown Source)
	at java.security.AccessController.doPrivileged(Native Method)
	at sun.net.www.http.HttpClient.privilegedOpenServer(Unknown Source)
	at sun.net.www.http.HttpClient.openServer(Unknown Source)
	at sun.net.www.http.HttpClient.<init>(Unknown Source)
	at sun.net.www.http.HttpClient.New(Unknown Source)
	at sun.net.www.http.HttpClient.New(Unknown Source)
	at sun.net.www.protocol.http.HttpURLConnection.getNewHttpClient(Unknown Source)
	at sun.net.www.protocol.http.HttpURLConnection.plainConnect0(Unknown Source)
	at sun.net.www.protocol.http.HttpURLConnection.plainConnect(Unknown Source)
	at sun.net.www.protocol.http.HttpURLConnection.connect(Unknown Source)
	at sun.net.www.protocol.http.HttpURLConnection.getInputStream0(Unknown Source)
	at sun.net.www.protocol.http.HttpURLConnection.getInputStream(Unknown Source)
	at java.net.HttpURLConnection.getResponseCode(Unknown Source)
	at com.fdt.dailymotion.util.AudioSpeecherCreator.getRequestToken(AudioSpeecherCreator.java:305)
	at com.fdt.dailymotion.util.AudioSpeecherCreator.execute(AudioSpeecherCreator.java:119)
	at com.fdt.dailymotion.util.ComplexVideoGenerator.generateAudio(ComplexVideoGenerator.java:315)
	at com.fdt.dailymotion.util.ComplexVideoGenerator.access$500(ComplexVideoGenerator.java:51)
	at com.fdt.dailymotion.util.ComplexVideoGenerator$ComplexVideoGeneratorThread.run(ComplexVideoGenerator.java:275)
2016-11-20 20:42:25,420- INFO(ProxyFactory.java:180)[Thread-2]-NOT USED proxy servers: 1727
2016-11-20 20:42:26,797- WARN(ComplexVideoGenerator.java:283)[Thread-2]-Error occured during generating video for file: book_0.txt
java.net.ConnectException: Connection refused: connect
	at java.net.DualStackPlainSocketImpl.waitForConnect(Native Method)
	at java.net.DualStackPlainSocketImpl.socketConnect(Unknown Source)
	at java.net.AbstractPlainSocketImpl.doConnect(Unknown Source)
	at java.net.AbstractPlainSocketImpl.connectToAddress(Unknown Source)
	at java.net.AbstractPlainSocketImpl.connect(Unknown Source)
	at java.net.PlainSocketImpl.connect(Unknown Source)
	at java.net.Socket.connect(Unknown Source)
	at sun.net.NetworkClient.doConnect(Unknown Source)
	at sun.net.www.http.HttpClient.openServer(Unknown Source)
	at sun.net.www.http.HttpClient$1.run(Unknown Source)
	at sun.net.www.http.HttpClient$1.run(Unknown Source)
	at java.security.AccessController.doPrivileged(Native Method)
	at sun.net.www.http.HttpClient.privilegedOpenServer(Unknown Source)
	at sun.net.www.http.HttpClient.openServer(Unknown Source)
	at sun.net.www.http.HttpClient.<init>(Unknown Source)
	at sun.net.www.http.HttpClient.New(Unknown Source)
	at sun.net.www.http.HttpClient.New(Unknown Source)
	at sun.net.www.protocol.http.HttpURLConnection.getNewHttpClient(Unknown Source)
	at sun.net.www.protocol.http.HttpURLConnection.plainConnect0(Unknown Source)
	at sun.net.www.protocol.http.HttpURLConnection.plainConnect(Unknown Source)
	at sun.net.www.protocol.http.HttpURLConnection.connect(Unknown Source)
	at sun.net.www.protocol.http.HttpURLConnection.getInputStream0(Unknown Source)
	at sun.net.www.protocol.http.HttpURLConnection.getInputStream(Unknown Source)
	at java.net.HttpURLConnection.getResponseCode(Unknown Source)
	at com.fdt.dailymotion.util.AudioSpeecherCreator.getRequestToken(AudioSpeecherCreator.java:305)
	at com.fdt.dailymotion.util.AudioSpeecherCreator.execute(AudioSpeecherCreator.java:119)
	at com.fdt.dailymotion.util.ComplexVideoGenerator.generateAudio(ComplexVideoGenerator.java:315)
	at com.fdt.dailymotion.util.ComplexVideoGenerator.access$500(ComplexVideoGenerator.java:51)
	at com.fdt.dailymotion.util.ComplexVideoGenerator$ComplexVideoGeneratorThread.run(ComplexVideoGenerator.java:275)
2016-11-20 20:42:30,814- INFO(ProxyFactory.java:180)[Thread-3]-NOT USED proxy servers: 1727
2016-11-20 20:42:30,955- INFO(ProxyFactory.java:180)[Thread-2]-NOT USED proxy servers: 1726
2016-11-20 20:42:32,228- WARN(ComplexVideoGenerator.java:283)[Thread-3]-Error occured during generating video for file: book_2.txt
java.net.ConnectException: Connection refused: connect
	at java.net.DualStackPlainSocketImpl.waitForConnect(Native Method)
	at java.net.DualStackPlainSocketImpl.socketConnect(Unknown Source)
	at java.net.AbstractPlainSocketImpl.doConnect(Unknown Source)
	at java.net.AbstractPlainSocketImpl.connectToAddress(Unknown Source)
	at java.net.AbstractPlainSocketImpl.connect(Unknown Source)
	at java.net.PlainSocketImpl.connect(Unknown Source)
	at java.net.Socket.connect(Unknown Source)
	at sun.net.NetworkClient.doConnect(Unknown Source)
	at sun.net.www.http.HttpClient.openServer(Unknown Source)
	at sun.net.www.http.HttpClient$1.run(Unknown Source)
	at sun.net.www.http.HttpClient$1.run(Unknown Source)
	at java.security.AccessController.doPrivileged(Native Method)
	at sun.net.www.http.HttpClient.privilegedOpenServer(Unknown Source)
	at sun.net.www.http.HttpClient.openServer(Unknown Source)
	at sun.net.www.http.HttpClient.<init>(Unknown Source)
	at sun.net.www.http.HttpClient.New(Unknown Source)
	at sun.net.www.http.HttpClient.New(Unknown Source)
	at sun.net.www.protocol.http.HttpURLConnection.getNewHttpClient(Unknown Source)
	at sun.net.www.protocol.http.HttpURLConnection.plainConnect0(Unknown Source)
	at sun.net.www.protocol.http.HttpURLConnection.plainConnect(Unknown Source)
	at sun.net.www.protocol.http.HttpURLConnection.connect(Unknown Source)
	at sun.net.www.protocol.http.HttpURLConnection.getInputStream0(Unknown Source)
	at sun.net.www.protocol.http.HttpURLConnection.getInputStream(Unknown Source)
	at java.net.HttpURLConnection.getResponseCode(Unknown Source)
	at com.fdt.dailymotion.util.AudioSpeecherCreator.getRequestToken(AudioSpeecherCreator.java:305)
	at com.fdt.dailymotion.util.AudioSpeecherCreator.execute(AudioSpeecherCreator.java:119)
	at com.fdt.dailymotion.util.ComplexVideoGenerator.generateAudio(ComplexVideoGenerator.java:315)
	at com.fdt.dailymotion.util.ComplexVideoGenerator.access$500(ComplexVideoGenerator.java:51)
	at com.fdt.dailymotion.util.ComplexVideoGenerator$ComplexVideoGeneratorThread.run(ComplexVideoGenerator.java:275)
2016-11-20 20:42:32,228-DEBUG(ComplexVideoGenerator.java:443)[Thread-3]-Current thread count: 1
2016-11-20 20:42:32,233- WARN(ComplexVideoGenerator.java:283)[Thread-2]-Error occured during generating video for file: book_0.txt
java.net.ConnectException: Connection refused: connect
	at java.net.DualStackPlainSocketImpl.waitForConnect(Native Method)
	at java.net.DualStackPlainSocketImpl.socketConnect(Unknown Source)
	at java.net.AbstractPlainSocketImpl.doConnect(Unknown Source)
	at java.net.AbstractPlainSocketImpl.connectToAddress(Unknown Source)
	at java.net.AbstractPlainSocketImpl.connect(Unknown Source)
	at java.net.PlainSocketImpl.connect(Unknown Source)
	at java.net.Socket.connect(Unknown Source)
	at sun.net.NetworkClient.doConnect(Unknown Source)
	at sun.net.www.http.HttpClient.openServer(Unknown Source)
	at sun.net.www.http.HttpClient$1.run(Unknown Source)
	at sun.net.www.http.HttpClient$1.run(Unknown Source)
	at java.security.AccessController.doPrivileged(Native Method)
	at sun.net.www.http.HttpClient.privilegedOpenServer(Unknown Source)
	at sun.net.www.http.HttpClient.openServer(Unknown Source)
	at sun.net.www.http.HttpClient.<init>(Unknown Source)
	at sun.net.www.http.HttpClient.New(Unknown Source)
	at sun.net.www.http.HttpClient.New(Unknown Source)
	at sun.net.www.protocol.http.HttpURLConnection.getNewHttpClient(Unknown Source)
	at sun.net.www.protocol.http.HttpURLConnection.plainConnect0(Unknown Source)
	at sun.net.www.protocol.http.HttpURLConnection.plainConnect(Unknown Source)
	at sun.net.www.protocol.http.HttpURLConnection.connect(Unknown Source)
	at sun.net.www.protocol.http.HttpURLConnection.getInputStream0(Unknown Source)
	at sun.net.www.protocol.http.HttpURLConnection.getInputStream(Unknown Source)
	at java.net.HttpURLConnection.getResponseCode(Unknown Source)
	at com.fdt.dailymotion.util.AudioSpeecherCreator.getRequestToken(AudioSpeecherCreator.java:305)
	at com.fdt.dailymotion.util.AudioSpeecherCreator.execute(AudioSpeecherCreator.java:119)
	at com.fdt.dailymotion.util.ComplexVideoGenerator.generateAudio(ComplexVideoGenerator.java:315)
	at com.fdt.dailymotion.util.ComplexVideoGenerator.access$500(ComplexVideoGenerator.java:51)
	at com.fdt.dailymotion.util.ComplexVideoGenerator$ComplexVideoGeneratorThread.run(ComplexVideoGenerator.java:275)
2016-11-20 20:42:32,233-DEBUG(ComplexVideoGenerator.java:443)[Thread-2]-Current thread count: 0
2016-11-20 20:42:32,234- INFO(AbstractApplicationContext.java:960)[Thread-1]-Closing org.springframework.context.annotation.AnnotationConfigApplicationContext@401e7803: startup date [Sun Nov 20 20:41:14 EET 2016]; root of context hierarchy
2016-11-20 20:42:32,235-TRACE(AbstractApplicationContext.java:361)[Thread-1]-Publishing event in org.springframework.context.annotation.AnnotationConfigApplicationContext@401e7803: org.springframework.context.event.ContextClosedEvent[source=org.springframework.context.annotation.AnnotationConfigApplicationContext@401e7803: startup date [Sun Nov 20 20:41:14 EET 2016]; root of context hierarchy]
2016-11-20 20:42:32,236-DEBUG(AbstractBeanFactory.java:251)[Thread-1]-Returning cached instance of singleton bean 'lifecycleProcessor'
2016-11-20 20:42:32,236-DEBUG(DefaultSingletonBeanRegistry.java:512)[Thread-1]-Destroying singletons in org.springframework.beans.factory.support.DefaultListableBeanFactory@15761df8: defining beans [org.springframework.context.annotation.internalConfigurationAnnotationProcessor,org.springframework.context.annotation.internalAutowiredAnnotationProcessor,org.springframework.context.annotation.internalRequiredAnnotationProcessor,org.springframework.context.annotation.internalCommonAnnotationProcessor,org.springframework.context.event.internalEventListenerProcessor,org.springframework.context.event.internalEventListenerFactory,complexVideoGenerator,org.springframework.context.annotation.ConfigurationClassPostProcessor.importAwareProcessor,org.springframework.context.annotation.ConfigurationClassPostProcessor.enhancedConfigurationProcessor,proxyFactory,configManager,constants,proxyFactoryTest,org.springframework.boot.autoconfigure.AutoConfigurationPackages,org.springframework.boot.autoconfigure.PropertyPlaceholderAutoConfiguration,org.springframework.boot.autoconfigure.condition.BeanTypeRegistry,propertySourcesPlaceholderConfigurer,org.springframework.boot.autoconfigure.jmx.JmxAutoConfiguration,mbeanExporter,objectNamingStrategy,mbeanServer,org.springframework.boot.autoconfigure.context.ConfigurationPropertiesAutoConfiguration,org.springframework.boot.context.properties.ConfigurationPropertiesBindingPostProcessor,org.springframework.boot.context.properties.ConfigurationPropertiesBindingPostProcessor.store]; root of factory hierarchy
2016-11-20 20:42:32,236-DEBUG(DisposableBeanAdapter.java:249)[Thread-1]-Invoking destroy() on bean with name 'mbeanExporter'
2016-11-20 20:42:32,236- INFO(MBeanExporter.java:449)[Thread-1]-Unregistering JMX-exposed beans on shutdown
2016-11-20 20:42:32,237-DEBUG(DisposableBeanAdapter.java:249)[Thread-1]-Invoking destroy() on bean with name 'org.springframework.boot.context.properties.ConfigurationPropertiesBindingPostProcessor'
