2014-12-18 16:34:09,122-DEBUG(VideoTaskRunner.java:199)-Task factory is empty: false. Current working threads count is 0
2014-12-18 16:34:09,127-DEBUG(VideoTaskRunner.java:200)-Error tasks: 0
2014-12-18 16:34:09,127-DEBUG(VideoTaskRunner.java:232)-Starting saving unused account...
2014-12-18 16:34:09,128-DEBUG(VideoTaskRunner.java:239)-Unused accounts was saved successfully.
2014-12-18 09:16:37,520-ERROR(AccountFactory.java:148)-Error during filling account from list and getting cookies for account
java.net.ConnectException: Connection timed out: connect
	at java.net.PlainSocketImpl.socketConnect(Native Method)
	at java.net.PlainSocketImpl.doConnect(PlainSocketImpl.java:351)
	at java.net.PlainSocketImpl.connectToAddress(PlainSocketImpl.java:213)
	at java.net.PlainSocketImpl.connect(PlainSocketImpl.java:200)
	at java.net.Socket.connect(Socket.java:529)
	at sun.net.NetworkClient.doConnect(NetworkClient.java:158)
	at sun.net.www.http.HttpClient.openServer(HttpClient.java:411)
	at sun.net.www.http.HttpClient$3.run(HttpClient.java:478)
	at java.security.AccessController.doPrivileged(Native Method)
	at sun.net.www.http.HttpClient.privilegedOpenServer(HttpClient.java:460)
	at sun.net.www.http.HttpClient.openServer(HttpClient.java:516)
	at sun.net.www.http.HttpClient.<init>(HttpClient.java:208)
	at sun.net.www.http.HttpClient.New(HttpClient.java:291)
	at sun.net.www.http.HttpClient.New(HttpClient.java:310)
	at sun.net.www.protocol.http.HttpURLConnection.getNewHttpClient(HttpURLConnection.java:987)
	at sun.net.www.protocol.http.HttpURLConnection.plainConnect(HttpURLConnection.java:966)
	at sun.net.www.protocol.http.HttpURLConnection.connect(HttpURLConnection.java:841)
	at sun.net.www.protocol.http.HttpURLConnection.getOutputStream(HttpURLConnection.java:1031)
	at com.fdt.dailymotion.AccountFactory.fillAccounts(AccountFactory.java:113)
	at com.fdt.dailymotion.VideoTaskRunner.runUploader(VideoTaskRunner.java:143)
	at com.fdt.dailymotion.VideoTaskRunner.main(VideoTaskRunner.java:121)
2014-12-18 09:16:37,553-DEBUG(VideoTaskRunner.java:232)-Starting saving unused account...
2014-12-18 09:16:37,554-DEBUG(VideoTaskRunner.java:239)-Unused accounts was saved successfully.
2014-12-18 09:16:37,555-ERROR(VideoTaskRunner.java:125)-Error during main stream
java.net.ConnectException: Connection timed out: connect
	at java.net.PlainSocketImpl.socketConnect(Native Method)
	at java.net.PlainSocketImpl.doConnect(PlainSocketImpl.java:351)
	at java.net.PlainSocketImpl.connectToAddress(PlainSocketImpl.java:213)
	at java.net.PlainSocketImpl.connect(PlainSocketImpl.java:200)
	at java.net.Socket.connect(Socket.java:529)
	at sun.net.NetworkClient.doConnect(NetworkClient.java:158)
	at sun.net.www.http.HttpClient.openServer(HttpClient.java:411)
	at sun.net.www.http.HttpClient$3.run(HttpClient.java:478)
	at java.security.AccessController.doPrivileged(Native Method)
	at sun.net.www.http.HttpClient.privilegedOpenServer(HttpClient.java:460)
	at sun.net.www.http.HttpClient.openServer(HttpClient.java:516)
	at sun.net.www.http.HttpClient.<init>(HttpClient.java:208)
	at sun.net.www.http.HttpClient.New(HttpClient.java:291)
	at sun.net.www.http.HttpClient.New(HttpClient.java:310)
	at sun.net.www.protocol.http.HttpURLConnection.getNewHttpClient(HttpURLConnection.java:987)
	at sun.net.www.protocol.http.HttpURLConnection.plainConnect(HttpURLConnection.java:966)
	at sun.net.www.protocol.http.HttpURLConnection.connect(HttpURLConnection.java:841)
	at sun.net.www.protocol.http.HttpURLConnection.getOutputStream(HttpURLConnection.java:1031)
	at com.fdt.dailymotion.AccountFactory.fillAccounts(AccountFactory.java:113)
	at com.fdt.dailymotion.VideoTaskRunner.runUploader(VideoTaskRunner.java:143)
	at com.fdt.dailymotion.VideoTaskRunner.main(VideoTaskRunner.java:121)
2014-12-18 09:17:10,094-ERROR(AccountFactory.java:148)-Error during filling account from list and getting cookies for account
java.net.ConnectException: Connection timed out: connect
	at java.net.PlainSocketImpl.socketConnect(Native Method)
	at java.net.PlainSocketImpl.doConnect(PlainSocketImpl.java:351)
	at java.net.PlainSocketImpl.connectToAddress(PlainSocketImpl.java:213)
	at java.net.PlainSocketImpl.connect(PlainSocketImpl.java:200)
	at java.net.Socket.connect(Socket.java:529)
	at sun.net.NetworkClient.doConnect(NetworkClient.java:158)
	at sun.net.www.http.HttpClient.openServer(HttpClient.java:411)
	at sun.net.www.http.HttpClient$3.run(HttpClient.java:478)
	at java.security.AccessController.doPrivileged(Native Method)
	at sun.net.www.http.HttpClient.privilegedOpenServer(HttpClient.java:460)
	at sun.net.www.http.HttpClient.openServer(HttpClient.java:516)
	at sun.net.www.http.HttpClient.<init>(HttpClient.java:208)
	at sun.net.www.http.HttpClient.New(HttpClient.java:291)
	at sun.net.www.http.HttpClient.New(HttpClient.java:310)
	at sun.net.www.protocol.http.HttpURLConnection.getNewHttpClient(HttpURLConnection.java:987)
	at sun.net.www.protocol.http.HttpURLConnection.plainConnect(HttpURLConnection.java:966)
	at sun.net.www.protocol.http.HttpURLConnection.connect(HttpURLConnection.java:841)
	at sun.net.www.protocol.http.HttpURLConnection.getOutputStream(HttpURLConnection.java:1031)
	at com.fdt.dailymotion.AccountFactory.fillAccounts(AccountFactory.java:113)
	at com.fdt.dailymotion.VideoTaskRunner.runUploader(VideoTaskRunner.java:143)
	at com.fdt.dailymotion.VideoTaskRunner.main(VideoTaskRunner.java:121)
2014-12-18 09:17:10,101-DEBUG(VideoTaskRunner.java:232)-Starting saving unused account...
2014-12-18 09:17:10,102-DEBUG(VideoTaskRunner.java:239)-Unused accounts was saved successfully.
2014-12-18 09:17:10,103-ERROR(VideoTaskRunner.java:125)-Error during main stream
java.net.ConnectException: Connection timed out: connect
	at java.net.PlainSocketImpl.socketConnect(Native Method)
	at java.net.PlainSocketImpl.doConnect(PlainSocketImpl.java:351)
	at java.net.PlainSocketImpl.connectToAddress(PlainSocketImpl.java:213)
	at java.net.PlainSocketImpl.connect(PlainSocketImpl.java:200)
	at java.net.Socket.connect(Socket.java:529)
	at sun.net.NetworkClient.doConnect(NetworkClient.java:158)
	at sun.net.www.http.HttpClient.openServer(HttpClient.java:411)
	at sun.net.www.http.HttpClient$3.run(HttpClient.java:478)
	at java.security.AccessController.doPrivileged(Native Method)
	at sun.net.www.http.HttpClient.privilegedOpenServer(HttpClient.java:460)
	at sun.net.www.http.HttpClient.openServer(HttpClient.java:516)
	at sun.net.www.http.HttpClient.<init>(HttpClient.java:208)
	at sun.net.www.http.HttpClient.New(HttpClient.java:291)
	at sun.net.www.http.HttpClient.New(HttpClient.java:310)
	at sun.net.www.protocol.http.HttpURLConnection.getNewHttpClient(HttpURLConnection.java:987)
	at sun.net.www.protocol.http.HttpURLConnection.plainConnect(HttpURLConnection.java:966)
	at sun.net.www.protocol.http.HttpURLConnection.connect(HttpURLConnection.java:841)
	at sun.net.www.protocol.http.HttpURLConnection.getOutputStream(HttpURLConnection.java:1031)
	at com.fdt.dailymotion.AccountFactory.fillAccounts(AccountFactory.java:113)
	at com.fdt.dailymotion.VideoTaskRunner.runUploader(VideoTaskRunner.java:143)
	at com.fdt.dailymotion.VideoTaskRunner.main(VideoTaskRunner.java:121)
2014-12-18 09:19:45,249-DEBUG(VideoTaskRunner.java:199)-Task factory is empty: false. Current working threads count is 0
2014-12-18 09:19:45,253-DEBUG(VideoTaskRunner.java:200)-Error tasks: 0
2014-12-18 09:19:45,253-DEBUG(VideoTaskRunner.java:232)-Starting saving unused account...
2014-12-18 09:19:45,254-DEBUG(VideoTaskRunner.java:239)-Unused accounts was saved successfully.
2014-12-18 09:21:18,362-ERROR(AccountFactory.java:69)-Reading PROPERTIES file: FileNotFoundException exception occured
java.io.FileNotFoundException: acclist.txt (The system cannot find the file specified)
	at java.io.FileInputStream.open(Native Method)
	at java.io.FileInputStream.<init>(FileInputStream.java:120)
	at java.io.FileReader.<init>(FileReader.java:55)
	at com.fdt.dailymotion.AccountFactory.fillAccounts(AccountFactory.java:56)
	at com.fdt.dailymotion.VideoTaskRunner.runUploader(VideoTaskRunner.java:143)
	at com.fdt.dailymotion.VideoTaskRunner.main(VideoTaskRunner.java:121)
